<?xml version="1.0" encoding="utf-8"?><testsuites name="pytest tests"><testsuite name="pytest" errors="0" failures="1" skipped="0" tests="557" time="1143.947" timestamp="2026-09-05T20:08:25.399560+08:00" hostname="what-do-matter"><testcase classname="tests.ifc_repair.test_door_geometry_regression" name="test_mixed_regression_rejects_old_identity_placement_and_wall_storey" time="0.687" /><testcase classname="tests.ifc_repair.test_door_geometry_regression" name="test_supplied_vvo_fault_reproduces_exact_800_by_160_mm_world_offset" time="0.957" /><testcase classname="tests.ifc_repair.test_door_geometry_regression" name="test_frozen_supplied_candidate_is_not_publishable_under_strict_l1" time="0.606" /><testcase classname="tests.ifc_repair.test_door_geometry_regression" name="test_five_door_regression_rejects_old_geometrically_misaligned_repair" time="2.741" /><testcase classname="tests.ifc_repair.test_door_geometry_regression" name="test_corrected_vvo_door_proofs_pass_strict_postconditions" time="3.499" /><testcase classname="tests.ifc_repair.test_door_geometry_regression" name="test_vvo_fill_applicator_aligns_reused_type_and_uses_opening_storey" time="3.186" /><testcase classname="tests.ifc_repair.test_door_geometry_regression" name="test_vvo_retained_opening_index_uses_opening_level_not_wall_base" time="4.158" /><testcase classname="tests.ifc_repair.test_door_geometry_regression" name="test_opening_context_storey_fails_closed_without_wall_containment" time="0.413" /><testcase classname="tests.ifc_repair.test_door_geometry_regression" name="test_opening_context_storey_fails_closed_on_conflicting_wall_containment" time="0.393" /><testcase classname="tests.ifc_repair.test_door_geometry_regression" name="test_door_opening_measurement_is_invariant_to_rotated_host_wall" time="0.481" /><testcase classname="tests.ifc_repair.test_door_geometry_regression" name="test_identity_compensation_and_180_degree_corner_conventions_are_equivalent" time="0.483" /><testcase classname="tests.ifc_repair.test_door_geometry_regression" name="test_door_placement_recentres_when_wall_opening_depth_changes" time="0.443" /><testcase classname="tests.ifc_repair.test_door_geometry_regression" name="test_supported_left_and_right_handed_types_both_pass_geometry_gate" time="0.482" /><testcase classname="tests.ifc_repair.test_door_geometry_regression" name="test_surviving_mapped_door_styles_pass_selection_and_measurement[source0-2AJ6T3vZDDZRJL7l0pGl86-2AJ6T3vZDDZRJL7kCpGl86]" time="0.214" /><testcase classname="tests.ifc_repair.test_door_geometry_regression" name="test_surviving_mapped_door_styles_pass_selection_and_measurement[source1-08DlcJHzb8WfJZDS4ZFHLL-08DlcJHzb8WfJZDT8ZFHLL]" time="2.874" /><testcase classname="tests.ifc_repair.test_door_geometry_regression" name="test_mapped_door_style_still_rejects_a_materially_displaced_occurrence" time="1.771" /><testcase classname="tests.ifc_repair.test_door_geometry_regression" name="test_public_production_boundary_has_no_original_or_mutation_inputs" time="0.041" /><testcase classname="tests.ifc_repair.test_door_geometry_regression" name="test_authority_triplet_public_process_has_no_private_input_channel" time="0.044" /><testcase classname="tests.ifc_repair.test_door_geometry_regression" name="test_authority_triplet_public_request_uses_only_geometry_selectors" time="0.015" /><testcase classname="tests.ifc_repair.test_door_geometry_regression" name="test_door_geometry_measurement_failure_blocks_postcondition" time="0.462" /><testcase classname="tests.ifc_repair.test_door_property_authorization" name="test_door_authorization_covers_all_door_semantic_roles" time="0.002" /><testcase classname="tests.ifc_repair.test_door_property_authorization" name="test_door_authorization_covers_opening_scoped_quantities" time="0.001" /><testcase classname="tests.ifc_repair.test_door_property_authorization" name="test_door_authorization_covers_indexed_multi_pset_variants" time="0.001" /><testcase classname="tests.ifc_repair.test_door_property_authorization" name="test_door_relation_authorizations_declare_door_endpoints" time="0.001" /><testcase classname="tests.ifc_repair.test_door_property_authorization" name="test_door_role_set_mirrors_structural_pattern" time="0.002" /><testcase classname="tests.ifc_repair.test_door_property_authorization" name="test_fabricated_role_stays_unauthorized" time="0.001" /><testcase classname="tests.ifc_repair.test_door_property_authorization" name="test_fill_door_authorization_also_carries_semantic_roles" time="0.001" /><testcase classname="tests.ifc_repair.test_draft_authority_set_semantics" name="test_reordered_scope_target_ids_bind" time="1.120" /><testcase classname="tests.ifc_repair.test_draft_authority_set_semantics" name="test_reordered_evidence_refs_bind" time="0.932" /><testcase classname="tests.ifc_repair.test_draft_authority_set_semantics" name="test_reordered_operation_evidence_refs_bind" time="0.961" /><testcase classname="tests.ifc_repair.test_draft_authority_set_semantics" name="test_reordered_forbidden_ids_bind" time="0.001" /><testcase classname="tests.ifc_repair.test_draft_authority_set_semantics" name="test_identifier_drift_still_fails_closed[scope-extra-target-&lt;lambda&gt;-DRAFT_AUTHORITY_SCOPE_MISMATCH]" time="0.907" /><testcase classname="tests.ifc_repair.test_draft_authority_set_semantics" name="test_identifier_drift_still_fails_closed[scope-missing-target-&lt;lambda&gt;-DRAFT_AUTHORITY_SCOPE_MISMATCH]" time="0.966" /><testcase classname="tests.ifc_repair.test_draft_authority_set_semantics" name="test_identifier_drift_still_fails_closed[scope-duplicate-target-&lt;lambda&gt;-DRAFT_SCHEMA_VALIDATION_ERROR]" time="0.894" /><testcase classname="tests.ifc_repair.test_draft_authority_set_semantics" name="test_identifier_drift_still_fails_closed[evidence-extra-ref-&lt;lambda&gt;-DRAFT_AUTHORITY_EVIDENCE_MISMATCH]" time="0.932" /><testcase classname="tests.ifc_repair.test_draft_authority_set_semantics" name="test_identifier_drift_still_fails_closed[evidence-missing-ref-&lt;lambda&gt;-DRAFT_AUTHORITY_EVIDENCE_MISMATCH]" time="0.859" /><testcase classname="tests.ifc_repair.test_draft_authority_set_semantics" name="test_identifier_drift_still_fails_closed[evidence-duplicate-ref-&lt;lambda&gt;-DRAFT_SCHEMA_VALIDATION_ERROR]" time="0.967" /><testcase classname="tests.ifc_repair.test_generic_difference_report" name="test_generic_difference_report_discovers_replacements_without_tag_rules" time="0.061" /><testcase classname="tests.ifc_repair.test_generic_difference_report" name="test_generic_difference_report_cli_writes_json" time="3.073" /><testcase classname="tests.ifc_repair.test_mixed_manifest_binding" name="test_window_policy_facts_carry_canonical_source_kind" time="0.179" /><testcase classname="tests.ifc_repair.test_mixed_manifest_binding" name="test_beam_plus_window_manifests_bind" time="0.419" /><testcase classname="tests.ifc_repair.test_mixed_manifest_binding" name="test_column_plus_window_manifests_bind" time="0.497" /><testcase classname="tests.ifc_repair.test_mixed_manifest_binding" name="test_three_family_mixed_manifests_bind" time="0.616" /><testcase classname="tests.ifc_repair.test_mixed_manifest_binding" name="test_repeated_mixed_operations_bind" time="1.076" /><testcase classname="tests.ifc_repair.test_mixed_manifest_binding" name="test_window_only_manifest_binds" time="0.204" /><testcase classname="tests.ifc_repair.test_mixed_manifest_binding" name="test_beam_only_manifest_binds" time="0.229" /><testcase classname="tests.ifc_repair.test_mixed_manifest_binding" name="test_column_only_manifest_binds" time="0.197" /><testcase classname="tests.ifc_repair.test_mixed_manifest_binding" name="test_illegal_source_kind_still_fails_closed_under_0_4[totally_fabricated_kind]" time="0.004" /><testcase classname="tests.ifc_repair.test_mixed_manifest_binding" name="test_illegal_source_kind_still_fails_closed_under_0_4[deterministic_policy]" time="0.004" /><testcase classname="tests.ifc_repair.test_mixed_manifest_binding" name="test_illegal_source_kind_still_fails_closed_under_0_4[surviving_target]" time="0.003" /><testcase classname="tests.ifc_repair.test_mixed_manifest_binding" name="test_mixed_binding_with_varied_window_geometry[900-1200-900-1000]" time="0.409" /><testcase classname="tests.ifc_repair.test_mixed_manifest_binding" name="test_mixed_binding_with_varied_window_geometry[1800-2100-0-4500]" time="0.414" /><testcase classname="tests.ifc_repair.test_mixed_manifest_binding" name="test_mixed_binding_with_varied_window_geometry[1200-1500-900-2000]" time="0.432" /><testcase classname="tests.ifc_repair.test_occurrence_property_operation" name="test_default_registry_exposes_generic_occurrence_property_operation" time="0.236" /><testcase classname="tests.ifc_repair.test_occurrence_property_operation" name="test_generic_operation_modifies_only_selected_supported_occurrence[IfcWall]" time="0.415" /><testcase classname="tests.ifc_repair.test_occurrence_property_operation" name="test_generic_operation_modifies_only_selected_supported_occurrence[IfcWallStandardCase]" time="0.256" /><testcase classname="tests.ifc_repair.test_occurrence_property_operation" name="test_generic_operation_modifies_only_selected_supported_occurrence[IfcDoor]" time="0.289" /><testcase classname="tests.ifc_repair.test_occurrence_property_operation" name="test_generic_operation_modifies_only_selected_supported_occurrence[IfcWindow]" time="0.311" /><testcase classname="tests.ifc_repair.test_occurrence_property_operation" name="test_generic_operation_modifies_only_selected_supported_occurrence[IfcBeam]" time="0.272" /><testcase classname="tests.ifc_repair.test_occurrence_property_operation" name="test_generic_operation_modifies_only_selected_supported_occurrence[IfcColumn]" time="0.300" /><testcase classname="tests.ifc_repair.test_occurrence_property_operation" name="test_generic_operation_rejects_unsupported_target_class" time="0.187" /><testcase classname="tests.ifc_repair.test_occurrence_property_operation" name="test_bound_generic_operation_reopens_with_requested_property" time="0.555" /><testcase classname="tests.ifc_repair.test_occurrence_property_operation" name="test_occurrence_property_edit_copies_shared_property_before_mutation" time="0.403" /><testcase classname="tests.ifc_repair.test_operation_prompt_profiles" name="test_compact_catalog_omits_full_few_shot_bodies" time="0.247" /><testcase classname="tests.ifc_repair.test_operation_prompt_profiles" name="test_door_only_and_mixed_selection_are_bounded_stable_unions" time="0.829" /><testcase classname="tests.ifc_repair.test_operation_prompt_profiles" name="test_executable_registry_definitions_bind_matching_profiles" time="0.480" /><testcase classname="tests.ifc_repair.test_operation_prompt_profiles" name="test_hash_mismatch_and_operation_mismatch_fail_closed" time="0.409" /><testcase classname="tests.ifc_repair.test_operation_prompt_profiles" name="test_missing_unknown_and_empty_selection_fail_closed" time="0.547" /><testcase classname="tests.ifc_repair.test_phase10_large_building" name="test_large_building_damaged_ifc_plus_text_passes_production_and_private_l2" time="27.333" /><testcase classname="tests.ifc_repair.test_phase12_live_uat" name="test_cli_accepts_the_frozen_deepseek_provider_key" time="0.154" /><testcase classname="tests.ifc_repair.test_phase12_live_uat" name="test_cli_preflight_only_uses_property_runtime_config_without_provider_config" time="0.154" /><testcase classname="tests.ifc_repair.test_phase12_live_uat" name="test_cli_rejects_every_non_deepseek_provider_before_configuration" time="0.138" /><testcase classname="tests.ifc_repair.test_phase12_live_uat" name="test_preflight_only_returns_before_transport_construction" time="1.719" /><testcase classname="tests.ifc_repair.test_phase12_live_uat" name="test_changed_scope_admission_validates_failed_source_and_all_resolutions" time="0.539" /><testcase classname="tests.ifc_repair.test_phase12_live_uat" name="test_changed_scope_admission_rejects_tampered_resolution_evidence" time="0.237" /><testcase classname="tests.ifc_repair.test_phase12_live_uat" name="test_live_runner_uses_changed_scope_admission_without_running_full_preflight" time="0.266" /><testcase classname="tests.ifc_repair.test_phase12_live_uat" name="test_production_preflight_opens_and_closes_ready_property_runtime" time="1.169" /><testcase classname="tests.ifc_repair.test_phase12_live_uat" name="test_fixed_live_requests_have_exact_public_structural_authority" time="0.161" /><testcase classname="tests.ifc_repair.test_phase12_live_uat" name="test_live_runner_uses_only_the_curated_public_damaged_d7n_input" time="0.190" /><testcase classname="tests.ifc_repair.test_phase12_live_uat" name="test_fixed_live_matrix_is_bound_to_an_independent_reviewed_digest" time="0.133" /><testcase classname="tests.ifc_repair.test_phase12_live_uat" name="test_fixed_live_matrix_covers_property_clarification_window_and_guard" time="0.185" /><testcase classname="tests.ifc_repair.test_phase12_live_uat" name="test_live_runner_cannot_claim_independent_proof_before_plan_12_14" time="3.953" /><testcase classname="tests.ifc_repair.test_phase12_live_uat" name="test_complete_transport_drives_the_real_repair_api_and_reopens_ifc2x3" time="32.280" /><testcase classname="tests.ifc_repair.test_phase12_live_uat" name="test_stage1_invalid_internal_id_retries_then_completes_public_full_chain" time="32.245" /><testcase classname="tests.ifc_repair.test_phase12_live_uat" name="test_complete_executor_reopens_against_its_explicit_frozen_source" time="31.765" /><testcase classname="tests.ifc_repair.test_phase12_live_uat" name="test_clarification_transport_drives_real_api_resume_and_publication" time="32.319" /><testcase classname="tests.ifc_repair.test_phase12_live_uat" name="test_prompt_identity_evidence_binds_each_few_shot_to_its_own_hash" time="0.213" /><testcase classname="tests.ifc_repair.test_phase12_live_uat" name="test_prompt_identity_keeps_sort_keys_example_hash_with_its_own_id" time="0.143" /><testcase classname="tests.ifc_repair.test_phase12_live_uat" name="test_stable_property_identity_resolves_against_current_offered_set" time="0.242" /><testcase classname="tests.ifc_repair.test_phase12_live_uat" name="test_stable_property_identity_fails_closed_when_not_currently_offered" time="0.173" /><testcase classname="tests.ifc_repair.test_phase12_live_uat" name="test_window_semantic_canary_drives_vector_stage15_stage2_and_reopen" time="30.683" /><testcase classname="tests.ifc_repair.test_phase12_live_uat" name="test_program_guard_transport_stops_real_api_before_stage2_or_mutation" time="6.991" /><testcase classname="tests.ifc_repair.test_phase12_live_uat" name="test_structural_normalizer_never_invents_an_optional_axis_reference" time="0.164" /><testcase classname="tests.ifc_repair.test_phase12_live_uat" name="test_registry_projects_structural_target_without_family_branching" time="0.222" /><testcase classname="tests.ifc_repair.test_phase12_live_uat" name="test_default_preflight_runner_applies_a_bounded_timeout" time="0.101" /><testcase classname="tests.ifc_repair.test_phase12_live_uat" name="test_default_preflight_runner_allows_the_real_full_suite_budget" time="0.130" /><testcase classname="tests.ifc_repair.test_phase12_live_uat" name="test_preflight_pytest_commands_use_run_local_temp_and_cache" time="0.181"><failure message="assert not True&#10; +  where True = any(&lt;generator object test_preflight_pytest_commands_use_run_local_temp_and_cache.&lt;locals&gt;.&lt;genexpr&gt; at 0x000001DF28729F20&gt;)">tests\ifc_repair\test_phase12_live_uat.py:1844: in test_preflight_pytest_commands_use_run_local_temp_and_cache
    assert not any(".pytest-tmp" in item for item in command)
E   assert not True
E    +  where True = any(&lt;generator object test_preflight_pytest_commands_use_run_local_temp_and_cache.&lt;locals&gt;.&lt;genexpr&gt; at 0x000001DF28729F20&gt;)</failure></testcase><testcase classname="tests.ifc_repair.test_phase12_live_uat" name="test_focused_preflight_timeout_allows_loaded_host" time="0.142" /><testcase classname="tests.ifc_repair.test_phase12_live_uat" name="test_preflight_timeout_has_a_distinct_blocking_reason_and_zero_transport" time="1.212" /><testcase classname="tests.ifc_repair.test_phase12_live_uat" name="test_strict_reopen_rejects_a_stale_source_hash" time="0.275" /><testcase classname="tests.ifc_repair.test_phase12_live_uat" name="test_strict_reopen_rejects_a_self_consistent_substitute_source" time="0.267" /><testcase classname="tests.ifc_repair.test_phase12_live_uat" name="test_each_failed_preflight_gate_blocks_transport[focused]" time="1.125" /><testcase classname="tests.ifc_repair.test_phase12_live_uat" name="test_each_failed_preflight_gate_blocks_transport[offline]" time="1.123" /><testcase classname="tests.ifc_repair.test_phase12_live_uat" name="test_each_failed_preflight_gate_blocks_transport[full-suite]" time="1.163" /><testcase classname="tests.ifc_repair.test_phase12_live_uat" name="test_each_failed_preflight_gate_blocks_transport[compile]" time="1.008" /><testcase classname="tests.ifc_repair.test_phase12_live_uat" name="test_each_failed_preflight_gate_blocks_transport[diff]" time="1.062" /><testcase classname="tests.ifc_repair.test_phase12_live_uat" name="test_each_failed_preflight_gate_blocks_transport[proof]" time="1.215" /><testcase classname="tests.ifc_repair.test_phase12_live_uat" name="test_caller_claimed_green_without_machine_artifact_is_rejected[offline]" time="1.104" /><testcase classname="tests.ifc_repair.test_phase12_live_uat" name="test_caller_claimed_green_without_machine_artifact_is_rejected[proof]" time="1.034" /><testcase classname="tests.ifc_repair.test_phase12_live_uat" name="test_injected_preflight_cannot_unlock_the_production_executor" time="0.179" /><testcase classname="tests.ifc_repair.test_phase12_live_uat" name="test_non_live_evidence_modes_are_blocking_and_never_touch_transport[synthetic]" time="0.137" /><testcase classname="tests.ifc_repair.test_phase12_live_uat" name="test_non_live_evidence_modes_are_blocking_and_never_touch_transport[cached]" time="0.153" /><testcase classname="tests.ifc_repair.test_phase12_live_uat" name="test_non_live_evidence_modes_are_blocking_and_never_touch_transport[prerecorded]" time="0.174" /><testcase classname="tests.ifc_repair.test_phase12_live_uat" name="test_non_live_evidence_modes_are_blocking_and_never_touch_transport[hand-authored]" time="0.159" /><testcase classname="tests.ifc_repair.test_phase12_live_uat" name="test_green_preflight_binds_commands_results_and_artifact_hashes" time="1.145" /><testcase classname="tests.ifc_repair.test_phase12_live_uat" name="test_green_full_preflight_evidence_reuse_recomputes_hashes_and_rejects_tamper" time="1.256" /><testcase classname="tests.ifc_repair.test_phase12_live_uat" name="test_green_full_preflight_can_validate_an_immutable_curated_artifact_snapshot" time="1.235" /><testcase classname="tests.ifc_repair.test_phase12_live_uat" name="test_preflight_rejects_missing_or_invalid_retrieval_evaluation[missing-PROPERTY_RETRIEVAL_EVALUATION_MISSING]" time="1.144" /><testcase classname="tests.ifc_repair.test_phase12_live_uat" name="test_preflight_rejects_missing_or_invalid_retrieval_evaluation[semantic_claim-PROPERTY_RETRIEVAL_EVALUATION_NOT_GREEN]" time="1.185" /><testcase classname="tests.ifc_repair.test_phase12_live_uat" name="test_preflight_rejects_missing_or_invalid_retrieval_evaluation[network-PROPERTY_RETRIEVAL_EVALUATION_NETWORK_NONZERO]" time="1.075" /><testcase classname="tests.ifc_repair.test_phase12_live_uat" name="test_preflight_rejects_skip_substitution_or_network_usage[skip-focused-PYTEST_SKIPS_PRESENT-skip_count]" time="1.146" /><testcase classname="tests.ifc_repair.test_phase12_live_uat" name="test_preflight_rejects_skip_substitution_or_network_usage[substitution-full-suite-PYTEST_SUBSTITUTIONS_PRESENT-substitution_count]" time="1.193" /><testcase classname="tests.ifc_repair.test_phase12_live_uat" name="test_preflight_rejects_skip_substitution_or_network_usage[network-offline-OFFLINE_PROVIDER_NETWORK_CALLS_NONZERO-network_calls]" time="1.083" /><testcase classname="tests.ifc_repair.test_phase12_live_uat" name="test_green_preflight_rejects_a_partial_or_substituted_live_matrix" time="1.141" /><testcase classname="tests.ifc_repair.test_phase12_live_uat" name="test_green_preflight_rejects_tampered_text_in_the_fixed_live_matrix" time="1.189" /><testcase classname="tests.ifc_repair.test_phase12_live_uat" name="test_paired_test_seams_are_explicitly_ineligible_as_live_acceptance" time="1.196" /><testcase classname="tests.ifc_repair.test_phase12_live_uat" name="test_production_runner_rejects_exact_transport_class_with_mimo_config" time="1.159" /><testcase classname="tests.ifc_repair.test_phase12_live_uat" name="test_production_runner_rejects_deepseek_labels_on_a_replay_endpoint" time="1.172" /><testcase classname="tests.ifc_repair.test_phase12_live_uat" name="test_production_runner_rejects_an_injected_client_on_the_official_endpoint" time="1.137" /><testcase classname="tests.ifc_repair.test_phase12_live_uat" name="test_non_genuine_or_private_transport_cannot_pass_as_live[cached-False]" time="2.510" /><testcase classname="tests.ifc_repair.test_phase12_live_uat" name="test_non_genuine_or_private_transport_cannot_pass_as_live[live-True]" time="2.681" /><testcase classname="tests.ifc_repair.test_phase12_live_uat" name="test_published_case_without_strict_reopen_evidence_cannot_pass" time="3.860" /><testcase classname="tests.ifc_repair.test_phase12_live_uat" name="test_clarification_success_requires_the_initial_grouped_stop" time="3.421" /><testcase classname="tests.ifc_repair.test_phase12_live_uat" name="test_live_matrix_accepts_current_property_add_detail_answer_mode" time="3.836" /><testcase classname="tests.ifc_repair.test_phase12_live_uat" name="test_program_guard_requires_the_frozen_capability_reason" time="3.769" /><testcase classname="tests.ifc_repair.test_phase12_live_uat" name="test_program_guard_requires_source_bound_zero_mutation_evidence[guard_evidence0]" time="4.404" /><testcase classname="tests.ifc_repair.test_phase12_live_uat" name="test_program_guard_requires_source_bound_zero_mutation_evidence[guard_evidence1]" time="4.397" /><testcase classname="tests.ifc_repair.test_phase12_live_uat" name="test_program_guard_requires_source_bound_zero_mutation_evidence[guard_evidence2]" time="3.461" /><testcase classname="tests.ifc_repair.test_phase12_live_uat" name="test_program_guard_requires_source_bound_zero_mutation_evidence[guard_evidence3]" time="3.783" /><testcase classname="tests.ifc_repair.test_phase12_live_uat" name="test_program_guard_requires_source_bound_zero_mutation_evidence[guard_evidence4]" time="4.124" /><testcase classname="tests.ifc_repair.test_phase12_live_uat" name="test_frozen_live_cases_have_exact_three_stage_lineage" time="4.323" /><testcase classname="tests.ifc_repair.test_phase12_live_uat" name="test_stage2_live_identity_accepts_exact_registered_zero_few_shot_profile" time="1.194" /><testcase classname="tests.ifc_repair.test_phase12_live_uat" name="test_live_curator_accepts_only_complete_and_resumed_success_transcripts" time="3.066" /><testcase classname="tests.ifc_repair.test_phase12_live_uat" name="test_live_curator_accepts_current_property_add_detail_answer_mode" time="2.717" /><testcase classname="tests.ifc_repair.test_phase12_live_uat" name="test_live_curator_does_not_authorize_by_legacy_parallel_array_position" time="3.166" /><testcase classname="tests.ifc_repair.test_phase12_live_uat" name="test_live_curator_rejects_each_single_transcript_defect[missing_provider-LIVE_ATTEMPT_PROVIDER_REQUIRED]" time="1.667" /><testcase classname="tests.ifc_repair.test_phase12_live_uat" name="test_live_curator_rejects_each_single_transcript_defect[missing_model-LIVE_ATTEMPT_MODEL_REQUIRED]" time="1.805" /><testcase classname="tests.ifc_repair.test_phase12_live_uat" name="test_live_curator_rejects_each_single_transcript_defect[missing_usage-LIVE_ATTEMPT_USAGE_REQUIRED]" time="1.680" /><testcase classname="tests.ifc_repair.test_phase12_live_uat" name="test_live_curator_rejects_each_single_transcript_defect[missing_raw_response-LIVE_ATTEMPT_RAW_RESPONSE_REQUIRED]" time="1.539" /><testcase classname="tests.ifc_repair.test_phase12_live_uat" name="test_live_curator_rejects_each_single_transcript_defect[redacted_hash_mismatch-LIVE_ATTEMPT_REDACTED_HASH_MISMATCH]" time="1.823" /><testcase classname="tests.ifc_repair.test_phase12_live_uat" name="test_live_curator_rejects_each_single_transcript_defect[missing_profile_hash-LIVE_ATTEMPT_PROFILE_HASH_REQUIRED]" time="1.923" /><testcase classname="tests.ifc_repair.test_phase12_live_uat" name="test_live_curator_rejects_each_single_transcript_defect[missing_template_id-LIVE_ATTEMPT_TEMPLATE_ID_REQUIRED]" time="1.663" /><testcase classname="tests.ifc_repair.test_phase12_live_uat" name="test_live_curator_rejects_each_single_transcript_defect[missing_template_hash-LIVE_ATTEMPT_TEMPLATE_HASH_REQUIRED]" time="1.798" /><testcase classname="tests.ifc_repair.test_phase12_live_uat" name="test_live_curator_rejects_each_single_transcript_defect[missing_few_shot_hash-LIVE_ATTEMPT_FEW_SHOT_HASH_REQUIRED]" time="1.993" /><testcase classname="tests.ifc_repair.test_phase12_live_uat" name="test_live_curator_rejects_each_single_transcript_defect[missing_profile_few_shot-LIVE_ATTEMPT_PROFILE_ROUTING_MISMATCH]" time="1.958" /><testcase classname="tests.ifc_repair.test_phase12_live_uat" name="test_live_curator_rejects_each_single_transcript_defect[fallback_true-LIVE_ATTEMPT_FALLBACK_FLAG]" time="1.502" /><testcase classname="tests.ifc_repair.test_phase12_live_uat" name="test_live_curator_rejects_each_single_transcript_defect[missing_response_id-LIVE_ATTEMPT_RESPONSE_ID_REQUIRED]" time="1.618" /><testcase classname="tests.ifc_repair.test_phase12_live_uat" name="test_live_curator_rejects_each_single_transcript_defect[wrong_profile-LIVE_ATTEMPT_PROFILE_ROUTING_MISMATCH]" time="1.525" /><testcase classname="tests.ifc_repair.test_phase12_live_uat" name="test_live_curator_rejects_each_single_transcript_defect[ordinal_mismatch-LIVE_ATTEMPT_ORDINAL_MISMATCH]" time="1.368" /><testcase classname="tests.ifc_repair.test_phase12_live_uat" name="test_live_curator_rejects_each_single_transcript_defect[broken_parent-LIVE_ATTEMPT_PARENT_MISMATCH]" time="1.478" /><testcase classname="tests.ifc_repair.test_phase12_live_uat" name="test_live_curator_rejects_each_single_transcript_defect[duplicate_attempt-LIVE_ATTEMPT_ID_MISMATCH]" time="1.471" /><testcase classname="tests.ifc_repair.test_phase12_live_uat" name="test_live_curator_rejects_each_single_transcript_defect[non_200-LIVE_ATTEMPT_TRANSPORT_INVALID]" time="1.778" /><testcase classname="tests.ifc_repair.test_phase12_live_uat" name="test_live_curator_rejects_each_single_transcript_defect[missing_correction_reason-LIVE_ATTEMPT_CORRECTION_REASON_REQUIRED]" time="1.587" /><testcase classname="tests.ifc_repair.test_phase12_live_uat" name="test_live_curator_rejects_each_single_transcript_defect[case_count_mismatch-LIVE_CASE_STAGE_COUNT_MISMATCH]" time="2.033" /><testcase classname="tests.ifc_repair.test_phase12_live_uat" name="test_live_curator_rejects_each_single_transcript_defect[aggregate_count_mismatch-LIVE_AGGREGATE_STAGE_COUNT_MISMATCH]" time="3.101" /><testcase classname="tests.ifc_repair.test_phase12_live_uat" name="test_live_curator_rejects_each_single_transcript_defect[provider_model_aggregate-LIVE_PROVIDER_MODEL_AGGREGATE_MISMATCH]" time="2.514" /><testcase classname="tests.ifc_repair.test_phase12_live_uat" name="test_live_curator_rejects_each_single_transcript_defect[usage_metadata_mismatch-LIVE_ATTEMPT_METADATA_INVALID]" time="1.220" /><testcase classname="tests.ifc_repair.test_phase12_live_uat" name="test_live_curator_rejects_each_single_transcript_defect[provider_identity-LIVE_ATTEMPT_PROVIDER_IDENTITY_INVALID]" time="1.266" /><testcase classname="tests.ifc_repair.test_phase12_live_uat" name="test_live_curator_rejects_each_single_transcript_defect[acceptance_self_claim-LIVE_PROOF_ACCEPTANCE_SELF_CLAIM]" time="1.280" /><testcase classname="tests.ifc_repair.test_phase12_live_uat" name="test_live_curator_rejects_each_single_transcript_defect[clarification_lineage-LIVE_CLARIFICATION_LINEAGE_INVALID]" time="2.209" /><testcase classname="tests.ifc_repair.test_phase12_live_uat" name="test_live_curator_rejects_each_single_transcript_defect[terminal_publication-LIVE_SUCCESS_TERMINAL_INVALID]" time="2.024" /><testcase classname="tests.ifc_repair.test_phase12_live_uat" name="test_live_curator_rejects_each_single_transcript_defect[synthetic_fallback-LIVE_SYNTHETIC_FALLBACK_NOT_FALSE]" time="1.474" /><testcase classname="tests.ifc_repair.test_phase12_live_uat" name="test_live_curator_binds_provider_responses_to_retained_runtime_artifacts[intent-LIVE_STAGE1_RESPONSE_ARTIFACT_MISMATCH]" time="2.946" /><testcase classname="tests.ifc_repair.test_phase12_live_uat" name="test_live_curator_binds_provider_responses_to_retained_runtime_artifacts[changeset-LIVE_STAGE2_RESPONSE_ARTIFACT_MISMATCH]" time="2.495" /><testcase classname="tests.ifc_repair.test_phase12_success_cases" name="test_live_curator_validates_the_production_runstore_transition_ledger" time="0.270" /><testcase classname="tests.ifc_repair.test_phase12_success_cases" name="test_valid_beam_column_public_proof_is_strictly_recomputed" time="37.432" /><testcase classname="tests.ifc_repair.test_phase12_success_cases" name="test_saved_success_cannot_mask_endpoint_error_beyond_five_mm" time="11.908" /><testcase classname="tests.ifc_repair.test_phase12_success_cases" name="test_saved_success_cannot_mask_second_type_relationship" time="10.740" /><testcase classname="tests.ifc_repair.test_phase12_success_cases" name="test_saved_success_cannot_mask_missing_structural_type" time="11.474" /><testcase classname="tests.ifc_repair.test_phase12_success_cases" name="test_saved_success_cannot_mask_partial_atomic_output" time="12.229" /><testcase classname="tests.ifc_repair.test_phase12_success_cases" name="test_saved_success_cannot_mask_requested_pset_semantic_defect" time="12.807" /><testcase classname="tests.ifc_repair.test_phase12_success_cases" name="test_saved_success_cannot_mask_generated_type_contract_defect" time="14.085" /><testcase classname="tests.ifc_repair.test_phase12_success_cases" name="test_missing_or_stale_proof_hash_is_a_specific_blocking_check[&lt;lambda&gt;-proof.hash.required]" time="0.401" /><testcase classname="tests.ifc_repair.test_phase12_success_cases" name="test_missing_or_stale_proof_hash_is_a_specific_blocking_check[&lt;lambda&gt;-proof.hash.sha256]" time="0.381" /><testcase classname="tests.ifc_repair.test_phase12_success_cases" name="test_indexed_structural_proof_artifact_cannot_be_missing" time="0.565" /><testcase classname="tests.ifc_repair.test_phase12_success_cases" name="test_rehashed_request_cannot_spoof_bound_structural_provenance" time="3.562" /><testcase classname="tests.ifc_repair.test_phase12_success_cases" name="test_rehashed_intent_cannot_spoof_bound_structural_operation_identity" time="3.413" /><testcase classname="tests.ifc_repair.test_phase12_success_cases" name="test_rehashed_resolution_cannot_spoof_structural_model_binding" time="3.980" /><testcase classname="tests.ifc_repair.test_phase12_success_cases" name="test_duplicate_requested_pset_relationship_is_not_collapsed_to_a_set" time="12.069" /><testcase classname="tests.ifc_repair.test_phase12_success_cases" name="test_rehashed_manifest_and_ifc_cannot_invent_unrequested_semantic_value" time="11.687" /><testcase classname="tests.ifc_repair.test_phase12_success_cases" name="test_relationship_extension_cannot_hide_owner_history_mutation" time="14.092" /><testcase classname="tests.ifc_repair.test_phase12_success_cases" name="test_undeclared_ifcroot_preservation_drift_is_blocking" time="14.834" /><testcase classname="tests.ifc_repair.test_phase12_success_cases" name="test_private_gold_input_boundary_drift_is_blocking" time="9.077" /><testcase classname="tests.ifc_repair.test_phase12_success_cases" name="test_camel_case_private_gold_key_is_blocking" time="9.569" /><testcase classname="tests.ifc_repair.test_phase12_success_cases" name="test_synthetic_fallback_cannot_be_promoted_by_saved_success" time="2.475" /><testcase classname="tests.ifc_repair.test_phase12_success_cases" name="test_collection_cannot_relabel_live_source_run_as_offline" time="7.975" /><testcase classname="tests.ifc_repair.test_phase12_success_cases" name="test_plan07_attempt_audit_accepts_only_reviewed_stage2_profile_generations[profile_ids0-text2ifc/ifc-repair-changeset-draft/0.2]" time="1.704" /><testcase classname="tests.ifc_repair.test_phase12_success_cases" name="test_plan07_attempt_audit_accepts_only_reviewed_stage2_profile_generations[profile_ids1-text2ifc/ifc-repair-changeset-draft/0.3]" time="1.570" /><testcase classname="tests.ifc_repair.test_phase12_success_cases" name="test_plan07_attempt_audit_rejects_cross_generation_stage2_profile_mix" time="1.220" /><testcase classname="tests.ifc_repair.test_phase12_success_cases" name="test_live_structural_proof_recomputes_transcript_and_base_damage_authority" time="28.592" /><testcase classname="tests.ifc_repair.test_phase12_success_cases" name="test_property_authority_replay_accepts_public_user_candidate_selection" time="45.041" /><testcase classname="tests.ifc_repair.test_phase12_success_cases" name="test_live_proof_cannot_bypass_underlying_damage_authority[schema_downgrade-l0.structural.live:source_manifest_schema]" time="18.387" /><testcase classname="tests.ifc_repair.test_phase12_success_cases" name="test_live_proof_cannot_bypass_underlying_damage_authority[missing_base-l0.structural.live:base_damage_manifest_missing]" time="19.077" /><testcase classname="tests.ifc_repair.test_phase12_success_cases" name="test_live_proof_cannot_bypass_underlying_damage_authority[base_binding-l0.structural.live:base_damage_binding]" time="19.739" /><testcase classname="tests.ifc_repair.test_phase12_success_cases" name="test_validator_cli_accepts_the_frozen_root_option" time="0.044" /><testcase classname="tests.ifc_repair.test_phase12_success_cases" name="test_proof_validation_v02_formalizes_the_validator_curator_boundary" time="0.026" /><testcase classname="tests.ifc_repair.test_phase12_success_cases" name="test_unrecomputed_property_authority_distinguishes_non_property_from_alias" time="0.032" /><testcase classname="tests.ifc_repair.test_phase12_success_cases" name="test_live_curator_rejects_non_v02_or_non_strict_property_authority[old-contract]" time="0.160" /><testcase classname="tests.ifc_repair.test_phase12_success_cases" name="test_live_curator_rejects_non_v02_or_non_strict_property_authority[required-property-case-not-applicable]" time="0.157" /><testcase classname="tests.ifc_repair.test_phase12_success_cases" name="test_public_curate_runs_validator_in_a_separate_process_before_install" time="14.194" /><testcase classname="tests.ifc_repair.test_phase12_success_cases" name="test_public_curate_installs_only_two_strict_success_cases_after_validation" time="15.958" /><testcase classname="tests.ifc_repair.test_phase12_success_cases" name="test_public_curate_resolves_the_latest_timestamped_runner_directory" time="18.005" /><testcase classname="tests.ifc_repair.test_phase12_success_cases" name="test_public_curate_rejects_forged_passed_validator_summary_without_install[wrong-case-ids]" time="13.191" /><testcase classname="tests.ifc_repair.test_phase12_success_cases" name="test_public_curate_rejects_forged_passed_validator_summary_without_install[wrong-count]" time="12.319" /><testcase classname="tests.ifc_repair.test_phase12_success_cases" name="test_public_curate_rejects_forged_passed_validator_summary_without_install[not-recomputed]" time="12.779" /><testcase classname="tests.ifc_repair.test_phase12_success_cases" name="test_public_curate_rejects_forged_passed_validator_summary_without_install[legacy]" time="13.400" /><testcase classname="tests.ifc_repair.test_phase9_large_building" name="test_large_building_uses_public_api_and_phase10_closes_l2" time="18.286" /><testcase classname="tests.ifc_repair.test_property_admissibility" name="test_valid_standard_selection_constructs_exact_intent_from_record_and_claim" time="0.192" /><testcase classname="tests.ifc_repair.test_property_admissibility" name="test_inherited_wall_property_remains_authorable_for_wall_standard_case" time="0.026" /><testcase classname="tests.ifc_repair.test_property_admissibility" name="test_resolved_property_with_incompatible_value_is_rejected_after_selection[IfcWindow-\u7a97\u7684\u9632\u706b\u7b49\u7ea7-True-Pset_WindowCommon.FireRating]" time="0.016" /><testcase classname="tests.ifc_repair.test_property_admissibility" name="test_resolved_property_with_incompatible_value_is_rejected_after_selection[IfcDoor-door fire rating-True-Pset_DoorCommon.FireRating]" time="0.014" /><testcase classname="tests.ifc_repair.test_property_admissibility" name="test_resolved_property_with_incompatible_value_is_rejected_after_selection[IfcColumn-column load bearing-yes-Pset_ColumnCommon.LoadBearing]" time="0.014" /><testcase classname="tests.ifc_repair.test_property_admissibility" name="test_resolved_property_with_incompatible_value_is_rejected_after_selection[IfcBeam-beam reference code-42-Pset_BeamCommon.Reference]" time="0.018" /><testcase classname="tests.ifc_repair.test_property_admissibility" name="test_resolved_property_with_incompatible_value_is_rejected_after_selection[IfcWall-wall acoustic performance flag-True-Pset_WallCommon.AcousticRating]" time="0.020" /><testcase classname="tests.ifc_repair.test_property_admissibility" name="test_one_defect_matrix_fails_before_exact_intent[&lt;lambda&gt;-PROPERTY_CANDIDATE_NOT_OFFERED]" time="0.014" /><testcase classname="tests.ifc_repair.test_property_admissibility" name="test_one_defect_matrix_fails_before_exact_intent[&lt;lambda&gt;-PROPERTY_TARGET_CLASS_INAPPLICABLE]" time="0.015" /><testcase classname="tests.ifc_repair.test_property_admissibility" name="test_one_defect_matrix_fails_before_exact_intent[&lt;lambda&gt;-PROPERTY_SCALAR_TEMPLATE_UNSUPPORTED]" time="0.016" /><testcase classname="tests.ifc_repair.test_property_admissibility" name="test_one_defect_matrix_fails_before_exact_intent[&lt;lambda&gt;-PROPERTY_AUTHORITATIVE_RECORD_MISSING]" time="0.015" /><testcase classname="tests.ifc_repair.test_property_admissibility" name="test_one_defect_matrix_fails_before_exact_intent[&lt;lambda&gt;-PROPERTY_QUERY_CLAIM_MISMATCH]" time="0.014" /><testcase classname="tests.ifc_repair.test_property_admissibility" name="test_one_defect_matrix_fails_before_exact_intent[&lt;lambda&gt;-PROPERTY_VALUE_TYPE_INCOMPATIBLE]" time="0.013" /><testcase classname="tests.ifc_repair.test_property_admissibility" name="test_one_defect_matrix_fails_before_exact_intent[&lt;lambda&gt;-PROPERTY_UNIT_INCOMPATIBLE]" time="0.015" /><testcase classname="tests.ifc_repair.test_property_admissibility" name="test_one_defect_matrix_fails_before_exact_intent[&lt;lambda&gt;-PROPERTY_OCCURRENCE_SCOPE_REQUIRED]" time="0.014" /><testcase classname="tests.ifc_repair.test_property_admissibility" name="test_one_defect_matrix_fails_before_exact_intent[&lt;lambda&gt;-PROPERTY_RETRIEVAL_BELOW_FLOOR]" time="0.014" /><testcase classname="tests.ifc_repair.test_property_admissibility" name="test_one_defect_matrix_fails_before_exact_intent[&lt;lambda&gt;-PROPERTY_DECISION_CONFLICT_UNRESOLVED]" time="0.012" /><testcase classname="tests.ifc_repair.test_property_admissibility" name="test_one_defect_matrix_fails_before_exact_intent[&lt;lambda&gt;-PROPERTY_DECISION_SCHEMA_INVALID]" time="0.010" /><testcase classname="tests.ifc_repair.test_property_admissibility" name="test_one_defect_matrix_fails_before_exact_intent[&lt;lambda&gt;-PROPERTY_DECISION_BINDING_MISMATCH0]" time="0.014" /><testcase classname="tests.ifc_repair.test_property_admissibility" name="test_one_defect_matrix_fails_before_exact_intent[&lt;lambda&gt;-PROPERTY_DECISION_BINDING_MISMATCH1]" time="0.016" /><testcase classname="tests.ifc_repair.test_property_admissibility" name="test_one_defect_matrix_fails_before_exact_intent[&lt;lambda&gt;-PROPERTY_DECISION_BINDING_MISMATCH2]" time="0.015" /><testcase classname="tests.ifc_repair.test_property_admissibility" name="test_one_defect_matrix_fails_before_exact_intent[&lt;lambda&gt;-PROPERTY_EVIDENCE_SCHEMA_INVALID]" time="0.010" /><testcase classname="tests.ifc_repair.test_property_admissibility" name="test_project_candidate_requires_explicit_confirmation_and_no_exact_intent" time="0.014" /><testcase classname="tests.ifc_repair.test_property_admissibility" name="test_vector_top1_or_large_margin_cannot_bypass_stage_1_5" time="0.022" /><testcase classname="tests.ifc_repair.test_property_admissibility" name="test_valid_non_top1_selection_with_small_margin_is_not_program_rejected" time="0.013" /><testcase classname="tests.ifc_repair.test_property_admissibility" name="test_passed_result_routes_through_existing_exact_resolver_and_binder" time="0.023" /><testcase classname="tests.ifc_repair.test_property_admissibility" name="test_plane_angle_slope_passes_standard_admissibility_and_binder" time="0.032" /><testcase classname="tests.ifc_repair.test_property_claim_scope_normalization" name="test_null_scope_claim_builds_occurrence_direct_property_query" time="0.002" /><testcase classname="tests.ifc_repair.test_property_claim_scope_normalization" name="test_durable_coordinator_uses_normalized_query_scope" time="0.036" /><testcase classname="tests.ifc_repair.test_property_claim_scope_normalization" name="test_public_resolution_normalizes_claim_once_for_resolver_and_evidence" time="0.592" /><testcase classname="tests.ifc_repair.test_property_resolution_api" name="test_repair_api_from_environment_shares_provider_and_property_config" time="0.008" /><testcase classname="tests.ifc_repair.test_property_resolution_api" name="test_public_natural_property_path_orders_all_three_provider_stages" time="4.002" /><testcase classname="tests.ifc_repair.test_property_resolution_api" name="test_explicit_canonical_and_no_property_bypass_stage_1_5[exact]" time="2.434" /><testcase classname="tests.ifc_repair.test_property_resolution_api" name="test_explicit_canonical_and_no_property_bypass_stage_1_5[none]" time="2.384" /><testcase classname="tests.ifc_repair.test_property_resolution_api" name="test_property_clarification_resumes_stored_candidate_without_second_llm_call" time="5.755" /><testcase classname="tests.ifc_repair.test_property_resolution_api" name="test_property_clarification_with_candidates_accepts_add_detail" time="6.078" /><testcase classname="tests.ifc_repair.test_property_resolution_api" name="test_unsupported_intent_is_state_bound_before_terminal_publication" time="1.874" /><testcase classname="tests.ifc_repair.test_property_resolution_api" name="test_property_resolution_unsupported_is_terminal_before_stage_2" time="3.325" /><testcase classname="tests.ifc_repair.test_property_resolution_api" name="test_property_add_detail_starts_a_new_claim_lineage_in_the_same_run" time="5.598" /><testcase classname="tests.ifc_repair.test_property_resolution_api" name="test_property_selection_is_bound_to_one_claim_within_an_operation" time="7.196" /><testcase classname="tests.ifc_repair.test_published_contract_reachability" name="test_v03_door_few_shot_teaches_reachable_contract[door-add-v0.3-clarification.json]" time="0.002" /><testcase classname="tests.ifc_repair.test_published_contract_reachability" name="test_v03_door_few_shot_teaches_reachable_contract[door-add-v0.3-complete.json]" time="0.001" /><testcase classname="tests.ifc_repair.test_published_contract_reachability" name="test_v03_door_few_shot_teaches_reachable_contract[door-add-v0.3-type-reuse.json]" time="0.002" /><testcase classname="tests.ifc_repair.test_published_contract_reachability" name="test_v03_door_few_shot_teaches_reachable_contract[door-add-v0.3-unsupported.json]" time="0.001" /><testcase classname="tests.ifc_repair.test_published_contract_reachability" name="test_v03_door_few_shot_teaches_reachable_contract[door-fill-v0.3-clarification.json]" time="0.001" /><testcase classname="tests.ifc_repair.test_published_contract_reachability" name="test_v03_door_few_shot_teaches_reachable_contract[door-fill-v0.3-complete.json]" time="0.002" /><testcase classname="tests.ifc_repair.test_published_contract_reachability" name="test_v03_door_few_shot_teaches_reachable_contract[door-fill-v0.3-type-reuse.json]" time="0.002" /><testcase classname="tests.ifc_repair.test_published_contract_reachability" name="test_v03_door_few_shot_teaches_reachable_contract[door-fill-v0.3-unsupported.json]" time="0.002" /><testcase classname="tests.ifc_repair.test_published_contract_reachability" name="test_legacy_v02_enum_shot_documents_the_gap[door-add-v0.2-complete.json]" time="0.001" /><testcase classname="tests.ifc_repair.test_published_contract_reachability" name="test_legacy_v02_enum_shot_documents_the_gap[door-add-v0.2-clarification.json]" time="0.001" /><testcase classname="tests.ifc_repair.test_published_contract_reachability" name="test_v03_profiles_registered_and_selected[door.add-with-opening.v0.3-add_door_with_opening_to_wall]" time="0.255" /><testcase classname="tests.ifc_repair.test_published_contract_reachability" name="test_v03_profiles_registered_and_selected[door.fill-existing-opening.v0.3-fill_existing_opening_with_door]" time="0.247" /><testcase classname="tests.ifc_repair.test_published_contract_reachability" name="test_v03_profile_publishes_enum_and_tolerance_rules[door.add-with-opening.v0.3]" time="0.126" /><testcase classname="tests.ifc_repair.test_published_contract_reachability" name="test_v03_profile_publishes_enum_and_tolerance_rules[door.fill-existing-opening.v0.3]" time="0.120" /><testcase classname="tests.ifc_repair.test_published_contract_reachability" name="test_window_profile_publishes_tolerance_rule" time="0.137" /><testcase classname="tests.ifc_repair.test_published_contract_reachability" name="test_window_operation_selects_v02_profile" time="0.112" /><testcase classname="tests.ifc_repair.test_published_contract_reachability" name="test_published_enum_payload_resolves[door.add-with-opening.v0.3-add_door_with_opening_to_wall-SINGLE_SWING_LEFT]" time="0.001" /><testcase classname="tests.ifc_repair.test_published_contract_reachability" name="test_published_enum_payload_resolves[door.add-with-opening.v0.3-add_door_with_opening_to_wall-SINGLE_SWING_RIGHT]" time="0.001" /><testcase classname="tests.ifc_repair.test_published_contract_reachability" name="test_published_enum_payload_resolves[door.fill-existing-opening.v0.3-fill_existing_opening_with_door-SINGLE_SWING_LEFT]" time="0.001" /><testcase classname="tests.ifc_repair.test_published_contract_reachability" name="test_published_enum_payload_resolves[door.fill-existing-opening.v0.3-fill_existing_opening_with_door-SINGLE_SWING_RIGHT]" time="0.001" /><testcase classname="tests.ifc_repair.test_published_contract_reachability" name="test_published_viewpoint_payload_resolves" time="0.001" /><testcase classname="tests.ifc_repair.test_published_contract_reachability" name="test_enum_without_confirmation_still_clarifies[SINGLE_SWING_LEFT]" time="0.001" /><testcase classname="tests.ifc_repair.test_published_contract_reachability" name="test_enum_without_confirmation_still_clarifies[SINGLE_SWING_RIGHT]" time="0.001" /><testcase classname="tests.ifc_repair.test_published_contract_reachability" name="test_unsupported_enum_still_fails_closed" time="0.001" /><testcase classname="tests.ifc_repair.test_published_contract_reachability" name="test_confirmation_flag_alone_does_not_authorize" time="0.001" /><testcase classname="tests.ifc_repair.test_r1_evaluation_budget" name="test_r1_budget_keeps_180_seconds_as_nonblocking_slo" time="0.001" /><testcase classname="tests.ifc_repair.test_r1_evaluation_budget" name="test_live_executor_policy_wrapper_records_recoverable_configuration" time="0.005" /><testcase classname="tests.ifc_repair.test_r1_evaluation_budget" name="test_r1_stops_on_any_failed_case_contract" time="0.001" /><testcase classname="tests.ifc_repair.test_r1_live_attempt_audit" name="test_r1_live_attempt_audit_accepts_target_select_resume_without_stage1" time="0.001" /><testcase classname="tests.ifc_repair.test_r1_live_attempt_audit" name="test_r1_live_attempt_audit_rejects_h3_resume_without_lineage" time="0.001" /><testcase classname="tests.ifc_repair.test_r1_live_attempt_audit" name="test_r1_live_attempt_audit_rejects_h3_resume_stage_order_drift" time="0.001" /><testcase classname="tests.ifc_repair.test_r1_live_attempt_audit" name="test_r1_live_attempt_audit_accepts_explicit_add_detail_round_contract" time="0.001" /><testcase classname="tests.ifc_repair.test_r1_live_attempt_audit" name="test_plan07_contract_none_keeps_single_round_stage_order" time="0.688" /><testcase classname="tests.ifc_repair.test_r1_live_attempt_audit" name="test_r1_live_attempt_audit_rejects_rank_regression_without_round_contract" time="0.002" /><testcase classname="tests.ifc_repair.test_r1_live_attempt_audit" name="test_r1_live_attempt_audit_requires_lineage_on_second_stage1_round" time="0.002" /><testcase classname="tests.ifc_repair.test_r1_live_attempt_audit" name="test_r1_live_attempt_audit_rejects_swapped_round_lineage" time="0.002" /><testcase classname="tests.ifc_repair.test_r1_live_attempt_audit" name="test_r1_live_attempt_audit_requires_each_new_round_to_start_at_one" time="0.003" /><testcase classname="tests.ifc_repair.test_r1_live_attempt_audit" name="test_r1_live_attempt_audit_rejects_stage2_before_final_resolution" time="0.003" /><testcase classname="tests.ifc_repair.test_r1_live_attempt_audit" name="test_r1_live_attempt_audit_accepts_arbitrary_case_contract" time="0.003" /><testcase classname="tests.ifc_repair.test_r1_live_attempt_audit" name="test_r1_live_attempt_audit_rejects_profile_identity_drift[stage1]" time="0.003" /><testcase classname="tests.ifc_repair.test_r1_live_attempt_audit" name="test_r1_live_attempt_audit_rejects_profile_identity_drift[stage2]" time="0.003" /><testcase classname="tests.ifc_repair.test_r1_live_attempt_audit" name="test_r1_live_attempt_audit_rejects_stage15_template_drift" time="0.003" /><testcase classname="tests.ifc_repair.test_r1_live_attempt_audit" name="test_r1_live_attempt_audit_rejects_thinking_mode_drift[request]" time="0.003" /><testcase classname="tests.ifc_repair.test_r1_live_attempt_audit" name="test_r1_live_attempt_audit_rejects_thinking_mode_drift[metadata]" time="0.003" /><testcase classname="tests.ifc_repair.test_r1_live_attempt_audit" name="test_r1_live_attempt_audit_rejects_non_live_provenance[fallback]" time="0.005" /><testcase classname="tests.ifc_repair.test_r1_live_attempt_audit" name="test_r1_live_attempt_audit_rejects_non_live_provenance[private]" time="0.004" /><testcase classname="tests.ifc_repair.test_r1_live_attempt_audit" name="test_r1_live_attempt_audit_rejects_lineage_drift[ordinal]" time="0.003" /><testcase classname="tests.ifc_repair.test_r1_live_attempt_audit" name="test_r1_live_attempt_audit_rejects_lineage_drift[parent]" time="0.004" /><testcase classname="tests.ifc_repair.test_r1_live_attempt_audit" name="test_r1_live_attempt_audit_accepts_a_hash_chained_stage_retry" time="0.004" /><testcase classname="tests.ifc_repair.test_r1_live_attempt_audit" name="test_r1_live_attempt_audit_rejects_cross_stage_reordering" time="0.004" /><testcase classname="tests.ifc_repair.test_r1_live_attempt_audit" name="test_r1_live_attempt_audit_requires_each_stage_chain_to_start_at_one[stage1]" time="0.003" /><testcase classname="tests.ifc_repair.test_r1_live_attempt_audit" name="test_r1_live_attempt_audit_requires_each_stage_chain_to_start_at_one[property_resolution]" time="0.002" /><testcase classname="tests.ifc_repair.test_r1_live_attempt_audit" name="test_r1_live_attempt_audit_requires_each_stage_chain_to_start_at_one[stage2]" time="0.003" /><testcase classname="tests.ifc_repair.test_r1_live_attempt_audit" name="test_r1_live_attempt_audit_rejects_a_stage_retry_gap" time="0.004" /><testcase classname="tests.ifc_repair.test_r1_live_attempt_audit" name="test_r1_live_attempt_audit_rejects_more_than_two_stage15_attempts_per_claim" time="0.004" /><testcase classname="tests.ifc_repair.test_r1_live_attempt_audit" name="test_r1_live_attempt_audit_allows_a_second_stage15_claim_to_restart_at_one" time="0.003" /><testcase classname="tests.ifc_repair.test_repair_api_resource_lifecycle" name="test_source_schema_probe_does_not_retain_open_model" time="0.067" /><testcase classname="tests.ifc_repair.test_repair_intent_prompt_v010" name="test_v010_remains_registered_and_freezes_internal_id_boundary" time="0.142" /><testcase classname="tests.ifc_repair.test_repair_intent_prompt_v011" name="test_v011_remains_registered_and_forbids_implicit_root_attribute_inference" time="0.168" /><testcase classname="tests.ifc_repair.test_repair_intent_prompt_v011" name="test_v011_public_stage1_accepts_property_and_explicit_tag_boundaries" time="1.757" /><testcase classname="tests.ifc_repair.test_repair_intent_prompt_v012" name="test_v012_is_current_and_preserves_declared_geometry_precision" time="0.134" /><testcase classname="tests.ifc_repair.test_repair_intent_prompt_v09" name="test_v09_freezes_property_value_contract" time="0.143" /><testcase classname="tests.ifc_repair.test_repair_intent_prompt_v09" name="test_property_value_failure_family_covers_boolean_literal_and_missing_value" time="0.011" /><testcase classname="tests.ifc_repair.test_repair_intent_v05" name="test_v05_round_trips_routing_source_exactly" time="0.234" /><testcase classname="tests.ifc_repair.test_repair_intent_v05" name="test_v05_rejects_missing_extra_or_malformed_routing[&lt;lambda&gt;-/operations/0]" time="0.260" /><testcase classname="tests.ifc_repair.test_repair_intent_v05" name="test_v05_rejects_missing_extra_or_malformed_routing[&lt;lambda&gt;-/operations/0/routing_intent]" time="0.245" /><testcase classname="tests.ifc_repair.test_repair_intent_v05" name="test_v05_rejects_missing_extra_or_malformed_routing[&lt;lambda&gt;-/operations/0/routing_intent/component_family]" time="0.198" /><testcase classname="tests.ifc_repair.test_repair_intent_v05" name="test_v05_adds_door_scope_without_mutating_historical_contracts" time="0.051" /><testcase classname="tests.ifc_repair.test_repair_intent_v05" name="test_v04_still_rejects_routing_field" time="0.235" /><testcase classname="tests.ifc_repair.test_repair_intent_v07" name="test_type_intent_failure_family_is_frozen_with_the_live_phrase" time="0.013" /><testcase classname="tests.ifc_repair.test_repair_intent_v07" name="test_v07_is_append_only_and_preserves_v06_registered_bytes" time="0.060" /><testcase classname="tests.ifc_repair.test_repair_intent_v07" name="test_v07_round_trips_all_three_representation_states[beam-None]" time="0.215" /><testcase classname="tests.ifc_repair.test_repair_intent_v07" name="test_v07_round_trips_all_three_representation_states[column-None]" time="0.217" /><testcase classname="tests.ifc_repair.test_repair_intent_v07" name="test_v07_round_trips_all_three_representation_states[beam-prototype_intent2]" time="0.225" /><testcase classname="tests.ifc_repair.test_repair_intent_v07" name="test_v07_round_trips_all_three_representation_states[column-prototype_intent3]" time="0.207" /><testcase classname="tests.ifc_repair.test_repair_intent_v07" name="test_v07_round_trips_all_three_representation_states[beam-prototype_intent4]" time="0.210" /><testcase classname="tests.ifc_repair.test_repair_intent_v07" name="test_v07_stage1_exposes_type_rules_in_compact_profiles_not_few_shots" time="0.964" /><testcase classname="tests.ifc_repair.test_repair_intent_v07" name="test_stage1_never_rewrites_selection_required_from_provider_output" time="0.781" /><testcase classname="tests.ifc_repair.test_repair_intent_v07" name="test_v07_prompt_states_the_three_type_states_without_compatibility" time="0.128" /><testcase classname="tests.ifc_repair.test_repair_intent_v07" name="test_v03_profiles_use_new_schema_and_stage2_loads_only_bound_few_shots" time="0.647" /><testcase classname="tests.ifc_repair.test_repair_intent_v07" name="test_default_registry_binds_current_structural_profiles_only" time="0.176" /><testcase classname="tests.ifc_repair.test_repair_intent_v08" name="test_clause_role_failure_family_is_frozen_but_not_an_exhaustive_deny_list" time="0.011" /><testcase classname="tests.ifc_repair.test_repair_intent_v08" name="test_v08_is_append_only_and_has_the_same_json_shape_as_v07" time="0.010" /><testcase classname="tests.ifc_repair.test_repair_intent_v08" name="test_v08_prompt_teaches_roles_with_representative_micro_shapes" time="0.124" /><testcase classname="tests.ifc_repair.test_repair_intent_v08" name="test_v08_stage1_uses_every_current_compact_profile_without_full_fewshots" time="0.915" /><testcase classname="tests.ifc_repair.test_repair_intent_v08" name="test_repair_api_defaults_to_v08_without_mutating_v07_callers" time="0.002" /><testcase classname="tests.ifc_repair.test_repair_milestone_r1_proof_assembler" name="test_execution_result_must_be_one_passed_uninterrupted_frozen_run" time="0.002" /><testcase classname="tests.ifc_repair.test_repair_milestone_r1_proof_assembler" name="test_h4_terminal_and_collection_case_preserve_no_output_contract" time="0.024" /><testcase classname="tests.ifc_repair.test_repair_milestone_r1_proof_assembler" name="test_success_collection_case_declares_repair_artifacts_and_authority" time="0.002" /><testcase classname="tests.ifc_repair.test_repair_milestone_r1_proof_assembler" name="test_current_success_terminal_payload_binds_manifest_and_status" time="0.002" /><testcase classname="tests.ifc_repair.test_repair_milestone_r1_proof_assembler" name="test_current_structural_stage2_selection_uses_stage2_profile" time="0.573" /><testcase classname="tests.ifc_repair.test_repair_milestone_r1_proof_assembler" name="test_h3_state_lineage_binds_resolution_reason_to_clarification_reason" time="0.002" /><testcase classname="tests.ifc_repair.test_repair_milestone_r1_proof_assembler" name="test_m1_rejection_reason_is_bound_to_retained_admission" time="0.001" /><testcase classname="tests.ifc_repair.test_repair_milestone_r1_proof_reaudit" name="test_r1_case_files_hashes_the_declared_report_and_rejects_tamper" time="0.095" /><testcase classname="tests.ifc_repair.test_repair_milestone_r1_proof_reaudit" name="test_r1_case_files_rejects_a_declared_report_outside_files_hash_coverage" time="0.048" /><testcase classname="tests.ifc_repair.test_repair_milestone_r1_proof_reaudit" name="test_r1_declared_core_artifacts_must_match_the_case_local_files_role" time="0.029" /><testcase classname="tests.ifc_repair.test_repair_milestone_r1_proof_reaudit" name="test_r1_m1_frozen_model_request_resume_and_effective_hash_are_authoritative" time="30.387" /><testcase classname="tests.ifc_repair.test_repair_milestone_r1_proof_reaudit" name="test_r1_request_lineage_rejects_spliced_effective_intent" time="0.002" /><testcase classname="tests.ifc_repair.test_repair_milestone_r1_proof_reaudit" name="test_r1_synthetic_final_model_mixed_preservation_uses_all_operations" time="68.595" /><testcase classname="tests.ifc_repair.test_repair_milestone_r1_proof_reaudit" name="test_r1_property_only_global_preservation_rejects_unrelated_root_tamper" time="0.697" /><testcase classname="tests.ifc_repair.test_repair_milestone_r1_proof_reaudit" name="test_r1_exact_operation_set_rejects_extra_same_changeset_operation" time="0.087" /><testcase classname="tests.ifc_repair.test_repair_milestone_r1_proof_reaudit" name="test_r1_profile_binding_rejects_self_signed_noncanonical_profile" time="0.080" /><testcase classname="tests.ifc_repair.test_repair_milestone_r1_proof_reaudit" name="test_r1_profile_binding_accepts_byte_exact_canonical_profile_copy" time="0.065" /><testcase classname="tests.ifc_repair.test_repair_milestone_r1_proof_reaudit" name="test_r1_h3_replays_initial_ambiguity_and_compares_stable_identity_set" time="6.660" /><testcase classname="tests.ifc_repair.test_repair_milestone_r1_proof_reaudit" name="test_r1_h3_replay_rejects_selected_identity_outside_current_offered_set" time="7.200" /><testcase classname="tests.ifc_repair.test_repair_milestone_r1_proof_reaudit" name="test_r1_h3_state_selection_binds_dynamic_token_to_stable_identity" time="0.001" /><testcase classname="tests.ifc_repair.test_repair_milestone_r1_proof_reaudit" name="test_r1_m1_resume_claim_id_is_derived_from_state_generation" time="0.001" /><testcase classname="tests.ifc_repair.test_repair_milestone_r1_proof_reaudit" name="test_r1_bound_artifact_requires_a_hash_verified_transition_binding" time="0.449" /><testcase classname="tests.ifc_repair.test_repair_milestone_r1_proof_reaudit" name="test_r1_success_terminal_binding_is_state_and_manifest_authoritative[state_not_succeeded]" time="0.122" /><testcase classname="tests.ifc_repair.test_repair_milestone_r1_proof_reaudit" name="test_r1_success_terminal_binding_is_state_and_manifest_authoritative[successful_ifc_drift]" time="0.082" /><testcase classname="tests.ifc_repair.test_repair_milestone_r1_proof_reaudit" name="test_r1_success_terminal_binding_is_state_and_manifest_authoritative[evaluation_unlisted]" time="0.089" /><testcase classname="tests.ifc_repair.test_repair_milestone_r1_proof_reaudit" name="test_r1_success_terminal_binding_is_state_and_manifest_authoritative[manifest_hash_drift]" time="0.153" /><testcase classname="tests.ifc_repair.test_repair_milestone_r1_proof_reaudit" name="test_r1_success_terminal_binding_is_state_and_manifest_authoritative[application_drift]" time="0.169" /><testcase classname="tests.ifc_repair.test_repair_milestone_r1_proof_reaudit" name="test_r1_success_terminal_binding_accepts_exact_publication_chain" time="0.153" /><testcase classname="tests.ifc_repair.test_repair_milestone_r1_proof_reaudit" name="test_r1_h4_replays_unsupported_atomic_guard_from_intent_and_state" time="0.518" /><testcase classname="tests.ifc_repair.test_repair_milestone_r1_proof_reaudit" name="test_r1_h4_replay_rejects_terminal_claim_without_stage1_unsupported_evidence" time="0.274" /><testcase classname="tests.ifc_repair.test_repair_milestone_r1_proof_reaudit" name="test_r1_h4_replay_rejects_stage2_or_successful_ifc_leakage" time="0.451" /><testcase classname="tests.ifc_repair.test_repair_milestone_r1_proof_reaudit" name="test_r1_validate_case_h4_rejects_unbound_stage1_intent_role" time="1.178" /><testcase classname="tests.ifc_repair.test_repair_milestone_r1_proof_reaudit" name="test_r1_live_provenance_binds_stage1_stage15_stage2_and_boundary" time="2.989" /><testcase classname="tests.ifc_repair.test_repair_milestone_r1_proof_reaudit" name="test_r1_stage1_rounds_bind_initial_and_effective_intents_separately" time="0.003" /><testcase classname="tests.ifc_repair.test_repair_milestone_r1_proof_reaudit" name="test_r1_live_provenance_rejects_cross_stage_or_isolation_tamper[property_parsed-proof.live.property_attempt_status]" time="2.781" /><testcase classname="tests.ifc_repair.test_repair_milestone_r1_proof_reaudit" name="test_r1_live_provenance_rejects_cross_stage_or_isolation_tamper[property_prompt-proof.live.property_attempt_binding]" time="2.489" /><testcase classname="tests.ifc_repair.test_repair_milestone_r1_proof_reaudit" name="test_r1_live_provenance_rejects_cross_stage_or_isolation_tamper[property_transport-proof.live.property_attempt_binding]" time="2.775" /><testcase classname="tests.ifc_repair.test_repair_milestone_r1_proof_reaudit" name="test_r1_live_provenance_rejects_cross_stage_or_isolation_tamper[stage1_response-proof.live.stage1_binding]" time="2.416" /><testcase classname="tests.ifc_repair.test_repair_milestone_r1_proof_reaudit" name="test_r1_live_provenance_rejects_cross_stage_or_isolation_tamper[stage2_response-proof.live.stage2_binding]" time="2.598" /><testcase classname="tests.ifc_repair.test_repair_milestone_r1_proof_reaudit" name="test_r1_live_provenance_rejects_cross_stage_or_isolation_tamper[fallback-proof.live.attempts]" time="2.099" /><testcase classname="tests.ifc_repair.test_repair_milestone_r1_proof_reaudit" name="test_r1_live_provenance_rejects_cross_stage_or_isolation_tamper[private_attempt-proof.live.attempts]" time="2.023" /><testcase classname="tests.ifc_repair.test_repair_milestone_r1_proof_reaudit" name="test_r1_live_provenance_rejects_cross_stage_or_isolation_tamper[private_canary-proof.live.private_canary]" time="2.310" /><testcase classname="tests.ifc_repair.test_repair_milestone_r1_proof_reaudit" name="test_r1_live_provenance_rejects_cross_stage_or_isolation_tamper[production_boundary-proof.live.production_input_boundary]" time="2.500" /><testcase classname="tests.ifc_repair.test_repair_milestone_r1_proof_reaudit" name="test_r1_h4_live_provenance_binds_unsupported_stage1_and_forbids_later_calls" time="2.469" /><testcase classname="tests.ifc_repair.test_repair_milestone_r1_proof_reaudit" name="test_r1_stage15_attempt_binding_preserves_invalid_then_valid_retry" time="3.006" /><testcase classname="tests.ifc_repair.test_repair_milestone_r1_proof_reaudit" name="test_r1_stage15_attempt_binding_rejects_unbound_renderer_input" time="1.160" /><testcase classname="tests.ifc_repair.test_repair_milestone_r1_proof_reaudit" name="test_r1_stage15_attempt_binding_rejects_raw_text_transport_drift" time="1.182" /><testcase classname="tests.ifc_repair.test_repair_milestone_r1_proof_reaudit" name="test_r1_stage15_single_attempt_must_be_independently_valid" time="1.619" /><testcase classname="tests.ifc_repair.test_repair_milestone_r1_proof_reaudit" name="test_r1_independent_proof_uses_frozen_comparison_budget" time="0.278" /><testcase classname="tests.ifc_repair.test_repair_milestone_r1_proof_reaudit" name="test_r1_m1_initial_replay_is_case_listed_and_uses_base_claim" time="2.078" /><testcase classname="tests.ifc_repair.test_repair_milestone_r1_runner" name="test_r1_execution_manifest_binds_frozen_cases_models_and_resume_answers" time="0.268" /><testcase classname="tests.ifc_repair.test_repair_milestone_r1_runner" name="test_r1_runner_readiness_never_constructs_provider" time="0.202" /><testcase classname="tests.ifc_repair.test_repair_milestone_r1_runner" name="test_r1_property_runtime_warmup_is_real_and_fail_closed" time="0.001" /><testcase classname="tests.ifc_repair.test_repair_milestone_r1_runner" name="test_r1_runner_cannot_execute_while_manifest_is_unapproved" time="0.204" /><testcase classname="tests.ifc_repair.test_repair_milestone_r1_runner" name="test_r1_runner_requires_offline_admission_and_plan07_result_before_provider" time="0.213" /><testcase classname="tests.ifc_repair.test_repair_milestone_r1_runner" name="test_r1_plan07_result_binds_sibling_green_full_preflight" time="0.036" /><testcase classname="tests.ifc_repair.test_repair_milestone_r1_runner" name="test_r1_plan07_result_revalidates_curated_preflight_snapshot" time="0.079" /><testcase classname="tests.ifc_repair.test_repair_milestone_r1_runner" name="test_r1_prerequisite_accepts_plan07_full_preflight_without_old_admission" time="0.012" /><testcase classname="tests.ifc_repair.test_repair_milestone_r1_runner" name="test_public_cases_carry_declarative_outcome_not_case_id_branching" time="0.158" /><testcase classname="tests.ifc_repair.test_repair_milestone_r1_runner" name="test_guard_contract_passes_only_with_zero_mutation_evidence" time="0.001" /><testcase classname="tests.ifc_repair.test_repair_milestone_r1_runner" name="test_success_contract_requires_resume_answer_only_when_declared" time="0.001" /><testcase classname="tests.ifc_repair.test_repair_milestone_r1_runner" name="test_post_execution_predicate_audit_reopens_bound_terminal_artifacts" time="0.166" /><testcase classname="tests.ifc_repair.test_request_stage" name="test_stage_wraps_semantic_body_with_system_owned_bindings" time="0.468" /><testcase classname="tests.ifc_repair.test_request_stage" name="test_missing_window_parameters_are_valid_clarification_not_retry" time="0.522" /><testcase classname="tests.ifc_repair.test_request_stage" name="test_stage_signature_and_provider_request_are_public_only" time="0.474" /><testcase classname="tests.ifc_repair.test_request_stage" name="test_current_prompt_preserves_non_guid_target_selectors" time="0.517" /><testcase classname="tests.ifc_repair.test_request_stage" name="test_multi_operation_output_retains_provider_order" time="0.421" /><testcase classname="tests.ifc_repair.test_request_stage" name="test_v04_folds_unbound_properties_into_unique_created_window" time="0.511" /><testcase classname="tests.ifc_repair.test_request_stage" name="test_v04_does_not_fold_explicit_or_ambiguous_window_property_target" time="0.456" /><testcase classname="tests.ifc_repair.test_request_stage" name="test_invalid_output_is_corrected_once_with_bounded_redacted_evidence" time="0.584" /><testcase classname="tests.ifc_repair.test_request_stage" name="test_v08_retries_invalid_internal_operation_id_without_rewriting_target_global_id" time="1.156" /><testcase classname="tests.ifc_repair.test_request_stage" name="test_retry_exhaustion_has_stable_typed_failure_and_byte_stable_evidence" time="1.284" /><testcase classname="tests.ifc_repair.test_request_stage" name="test_unknown_fields_resolved_guid_and_oversized_output_fail_closed" time="1.139" /><testcase classname="tests.ifc_repair.test_request_stage" name="test_request_text_and_attempt_counts_are_bounded_before_provider_call" time="0.220" /><testcase classname="tests.ifc_repair.test_request_stage" name="test_provider_failures_use_the_same_bounded_typed_attempt_protocol" time="0.597" /><testcase classname="tests.ifc_repair.test_selected_provider_profiles" name="test_stage1_routes_and_extracts_in_exactly_one_provider_call" time="1.083" /><testcase classname="tests.ifc_repair.test_selected_provider_profiles" name="test_stage1_fill_uses_retained_opening_as_program_derived_geometry" time="1.012" /><testcase classname="tests.ifc_repair.test_selected_provider_profiles" name="test_stage1_fill_rejects_non_contract_door_parameter_aliases" time="0.797" /><testcase classname="tests.ifc_repair.test_selected_provider_profiles" name="test_stage1_unsupported_door_capability_precedes_missing_geometry" time="1.102" /><testcase classname="tests.ifc_repair.test_selected_provider_profiles" name="test_stage1_profile_mismatch_stops_without_a_second_stage" time="0.809" /><testcase classname="tests.ifc_repair.test_selected_provider_profiles" name="test_stage2_receives_only_used_full_profile_and_records_hashes" time="1.007" /><testcase classname="tests.ifc_repair.test_semantic_bundle_claim_propagation" name="test_bundle_claims_are_inlined_into_operations" time="0.258" /><testcase classname="tests.ifc_repair.test_semantic_bundle_claim_propagation" name="test_operation_local_claims_override_bundle_slots" time="0.186" /><testcase classname="tests.ifc_repair.test_semantic_bundle_claim_propagation" name="test_natural_language_bundle_claims_route_property_runtime" time="0.187" /><testcase classname="tests.ifc_repair.test_semantic_bundle_claim_propagation" name="test_unknown_bundle_reference_fails_closed" time="0.199" /><testcase classname="tests.ifc_repair.test_semantic_bundle_claim_propagation" name="test_bundle_claims_reach_production_evidence_matching" time="0.191" /><testcase classname="tests.ifc_repair.test_structural_evaluation" name="test_structural_l1_thresholds_are_inclusive_at_frozen_limits" time="0.001" /><testcase classname="tests.ifc_repair.test_structural_evaluation" name="test_structural_l1_thresholds_fail_immediately_beyond_their_named_check[axis_point-l1.structural.axis-points]" time="0.002" /><testcase classname="tests.ifc_repair.test_structural_evaluation" name="test_structural_l1_thresholds_fail_immediately_beyond_their_named_check[direction-l1.structural.axis-direction]" time="0.002" /><testcase classname="tests.ifc_repair.test_structural_evaluation" name="test_structural_l1_thresholds_fail_immediately_beyond_their_named_check[member_dimension-l1.structural.member-dimension]" time="0.002" /><testcase classname="tests.ifc_repair.test_structural_evaluation" name="test_structural_l1_thresholds_fail_immediately_beyond_their_named_check[section_dimension-l1.structural.section-dimensions]" time="0.001" /><testcase classname="tests.ifc_repair.test_structural_evaluation" name="test_volume_and_mesh_evidence_are_diagnostic_not_l1_gates" time="0.001" /><testcase classname="tests.ifc_repair.test_structural_evaluation" name="test_structural_type_relationship_allows_exact_type_reuse_or_new_binding[beam]" time="0.002" /><testcase classname="tests.ifc_repair.test_structural_evaluation" name="test_structural_type_relationship_allows_exact_type_reuse_or_new_binding[column]" time="0.001" /><testcase classname="tests.ifc_repair.test_structural_evaluation" name="test_column_profile_orientation_passes_at_point_one_degree_and_fails_beyond" time="0.001" /><testcase classname="tests.ifc_repair.test_structural_evaluation" name="test_independent_structural_audit_derives_new_member_without_application_role_mapping" time="0.002" /><testcase classname="tests.ifc_repair.test_structural_evaluation" name="test_independent_structural_authority_rejects_reused_type_fingerprint_drift" time="0.187" /><testcase classname="tests.ifc_repair.test_structural_evaluation" name="test_preservation_authority_cannot_be_supplied_by_application_claims" time="0.002" /><testcase classname="tests.ifc_repair.test_structural_prompt_profiles" name="test_structural_profiles_are_hash_bound_and_completed_families_are_executable" time="0.522" /><testcase classname="tests.ifc_repair.test_structural_prompt_profiles" name="test_stage1_structural_routing_extracts_in_one_compact_call[beam]" time="0.684" /><testcase classname="tests.ifc_repair.test_structural_prompt_profiles" name="test_stage1_structural_routing_extracts_in_one_compact_call[column]" time="0.754" /><testcase classname="tests.ifc_repair.test_structural_prompt_profiles" name="test_structural_compact_profiles_expose_only_canonical_public_slots" time="0.203" /><testcase classname="tests.ifc_repair.test_structural_prompt_profiles" name="test_stage2_selected_structural_profile_excludes_unrelated_full_payloads[beam.add-beam-column]" time="0.380" /><testcase classname="tests.ifc_repair.test_structural_prompt_profiles" name="test_stage2_selected_structural_profile_excludes_unrelated_full_payloads[column.add-column-beam]" time="0.394" /><testcase classname="tests.ifc_repair.test_structural_prompt_profiles" name="test_mixed_structural_selection_is_a_deterministic_hash_bound_union" time="0.501" /><testcase classname="tests.ifc_repair.test_structural_prompt_profiles" name="test_selected_structural_profile_rejects_profile_hash_tampering" time="0.500" /><testcase classname="tests.ifc_repair.test_structural_prompt_profiles" name="test_structural_profile_schema_and_binding_fail_closed" time="0.389" /><testcase classname="tests.ifc_repair.test_structural_property_authoring" name="test_generic_occurrence_property_scope_includes_both_structural_families" time="0.201" /><testcase classname="tests.ifc_repair.test_structural_property_authoring" name="test_structural_load_bearing_resolves_to_exact_applicable_typed_fact[IfcBeam-Pset_BeamCommon]" time="0.206" /><testcase classname="tests.ifc_repair.test_structural_property_authoring" name="test_structural_load_bearing_resolves_to_exact_applicable_typed_fact[IfcColumn-Pset_ColumnCommon]" time="0.250" /><testcase classname="tests.ifc_repair.test_structural_property_authoring" name="test_vector_only_cross_class_and_noncanonical_structural_paths_have_no_authority" time="0.189" /><testcase classname="tests.ifc_repair.test_structural_property_authoring" name="test_structural_precondition_rejects_one_defect_authority[change0-PROPERTY_PSET_NOT_APPLICABLE]" time="0.287" /><testcase classname="tests.ifc_repair.test_structural_property_authoring" name="test_structural_precondition_rejects_one_defect_authority[change1-PROPERTY_VALUE_TYPE_MISMATCH]" time="0.409" /><testcase classname="tests.ifc_repair.test_structural_property_authoring" name="test_structural_precondition_rejects_one_defect_authority[change2-PROPERTY_ASSIGNMENT_SCOPE_UNSUPPORTED]" time="0.351" /><testcase classname="tests.ifc_repair.test_structural_property_authoring" name="test_structural_semantic_role_authors_exact_property_and_reopens[IfcBeam-beam-beam_occurrence-Pset_BeamCommon]" time="0.052" /><testcase classname="tests.ifc_repair.test_structural_property_authoring" name="test_structural_semantic_role_authors_exact_property_and_reopens[IfcColumn-column-column_occurrence-Pset_ColumnCommon]" time="0.032" /><testcase classname="tests.ifc_repair.test_structural_property_authoring" name="test_beam_slope_authors_plane_angle_measure_and_reopens" time="0.027" /><testcase classname="tests.ifc_repair.test_structural_stage2_contract" name="test_h1_mixed_stage2_prompt_exposes_complete_canonical_authority" time="1.283" /><testcase classname="tests.ifc_repair.test_structural_stage2_contract" name="test_h1_mixed_manifest_versions_preserve_each_assignment_contract" time="0.996" /><testcase classname="tests.ifc_repair.test_structural_stage2_contract" name="test_structural_stage2_profiles_are_separate_draft_only_contracts" time="0.749" /><testcase classname="tests.ifc_repair.test_structural_stage2_contract" name="test_h1_mixed_binder_rejects_property_target_drift" time="1.012" /><testcase classname="tests.ifc_repair.test_structural_stage2_contract" name="test_h1_mixed_binder_accepts_set_equivalent_scope_without_identity_drift" time="1.167" /><testcase classname="tests.ifc_repair.test_structural_stage2_contract" name="test_stage2_few_shot_expected_cannot_drift_from_declared_schema" time="0.084" /><testcase classname="tests.ifc_repair.test_structural_stage2_contract" name="test_structural_stage2_projection_and_unchanged_authority_bind" time="1.370" /><testcase classname="tests.ifc_repair.test_structural_stage2_contract" name="test_structural_binder_rejects_provider_changes_to_resolved_authority[beam-coordinate-&lt;lambda&gt;-DRAFT_AUTHORITY_PARAMETERS_MISMATCH]" time="1.092" /><testcase classname="tests.ifc_repair.test_structural_stage2_contract" name="test_structural_binder_rejects_provider_changes_to_resolved_authority[column-section-&lt;lambda&gt;-DRAFT_AUTHORITY_PARAMETERS_MISMATCH]" time="1.001" /><testcase classname="tests.ifc_repair.test_structural_stage2_contract" name="test_structural_binder_rejects_provider_changes_to_resolved_authority[column-orientation-&lt;lambda&gt;-DRAFT_AUTHORITY_PARAMETERS_MISMATCH]" time="0.930" /><testcase classname="tests.ifc_repair.test_structural_stage2_contract" name="test_structural_binder_rejects_provider_changes_to_resolved_authority[target-&lt;lambda&gt;-DRAFT_AUTHORITY_TARGET_MISMATCH]" time="1.075" /><testcase classname="tests.ifc_repair.test_structural_stage2_contract" name="test_structural_binder_rejects_provider_changes_to_resolved_authority[operation-evidence-&lt;lambda&gt;-DRAFT_AUTHORITY_OPERATION_EVIDENCE_MISMATCH]" time="1.341" /><testcase classname="tests.ifc_repair.test_structural_stage2_contract" name="test_structural_binder_rejects_provider_changes_to_resolved_authority[resolved-scope-&lt;lambda&gt;-DRAFT_AUTHORITY_SCOPE_MISMATCH]" time="1.226" /><testcase classname="tests.ifc_repair.test_structural_stage2_contract" name="test_structural_binder_rejects_provider_changes_to_resolved_authority[envelope-evidence-&lt;lambda&gt;-DRAFT_AUTHORITY_EVIDENCE_MISMATCH]" time="1.038" /><testcase classname="tests.ifc_repair.test_structural_stage2_contract" name="test_structural_binder_rejects_provider_changes_to_resolved_authority[cardinality-&lt;lambda&gt;-DRAFT_AUTHORITY_OPERATION_CARDINALITY_MISMATCH]" time="0.907" /><testcase classname="tests.ifc_repair.test_structural_stage2_contract" name="test_structural_binder_rejects_provider_changes_to_resolved_authority[operation-id-&lt;lambda&gt;-DRAFT_AUTHORITY_OPERATION_ID_SET_MISMATCH]" time="0.874" /><testcase classname="tests.ifc_repair.test_structural_stage2_contract" name="test_structural_binder_rejects_provider_changes_to_resolved_authority[operation-type-&lt;lambda&gt;-DRAFT_AUTHORITY_OPERATION_TYPE_MISMATCH]" time="0.899" /><testcase classname="tests.ifc_repair.test_structural_stage2_contract" name="test_structural_draft_rejects_non_executable_shapes_before_binding[historical-prototype-intent-&lt;lambda&gt;-/operations/]" time="1.028" /><testcase classname="tests.ifc_repair.test_structural_stage2_contract" name="test_structural_draft_rejects_non_executable_shapes_before_binding[unknown-parameter-&lt;lambda&gt;-/operations/]" time="0.895" /><testcase classname="tests.ifc_repair.test_structural_stage2_contract" name="test_structural_draft_rejects_non_executable_shapes_before_binding[missing-required-geometry-&lt;lambda&gt;-/operations/]" time="1.013" /><testcase classname="tests.ifc_repair.test_structural_stage2_contract" name="test_structural_draft_rejects_non_executable_shapes_before_binding[wrong-parameter-nesting-&lt;lambda&gt;-/operations/]" time="1.053" /><testcase classname="tests.ifc_repair.test_structural_stage2_contract" name="test_structural_draft_rejects_non_executable_shapes_before_binding[wrong-target-shape-&lt;lambda&gt;-/operations/]" time="1.044" /><testcase classname="tests.ifc_repair.test_structural_stage2_contract" name="test_structural_draft_rejects_non_executable_shapes_before_binding[downgraded-draft-contract-&lt;lambda&gt;-/schema_version]" time="0.934" /><testcase classname="tests.ifc_repair.test_structural_type_reuse_authorization" name="test_modified_authorization_covers_existing_type_relation_extension[beam]" time="0.002" /><testcase classname="tests.ifc_repair.test_structural_type_reuse_authorization" name="test_modified_authorization_covers_existing_type_relation_extension[column]" time="0.002" /><testcase classname="tests.ifc_repair.test_structural_type_reuse_authorization" name="test_relation_authorization_allows_modified_existing_type_relation[beam]" time="0.001" /><testcase classname="tests.ifc_repair.test_structural_type_reuse_authorization" name="test_relation_authorization_allows_modified_existing_type_relation[column]" time="0.002" /><testcase classname="tests.ifc_repair.test_structural_type_reuse_authorization" name="test_required_type_relationship_binding_accepts_created_or_modified[beam]" time="0.002" /><testcase classname="tests.ifc_repair.test_structural_type_reuse_authorization" name="test_required_type_relationship_binding_accepts_created_or_modified[column]" time="0.002" /><testcase classname="tests.ifc_repair.test_target_query_filling_geometry" name="test_opening_dimension_constraints_match_filling_targets" time="0.476" /><testcase classname="tests.ifc_repair.test_target_query_filling_geometry" name="test_opening_dimension_constraints_match_exact_filling_dimensions" time="0.433" /><testcase classname="tests.ifc_repair.test_target_query_filling_geometry" name="test_opening_dimension_constraints_still_match_hosted_openings" time="0.532" /><testcase classname="tests.ifc_repair.test_target_query_filling_geometry" name="test_filling_with_mismatched_dimensions_is_not_offered" time="0.518" /><testcase classname="tests.ifc_repair.test_target_query_filling_geometry" name="test_overall_dimension_mismatch_excludes_filling" time="0.508" /><testcase classname="tests.ifc_repair.test_validation_acceleration" name="test_sequential_and_accelerated_evidence_is_identical" time="1.460" /><testcase classname="tests.ifc_repair.test_validation_acceleration" name="test_cache_cold_then_warm_preserves_diagnostic_signatures" time="2.798" /><testcase classname="tests.ifc_repair.test_validation_acceleration" name="test_reopened_model_reuse_preserves_full_validation_and_diff" time="2.717" /><testcase classname="tests.ifc_repair.test_validation_acceleration" name="test_accelerated_reopen_loads_the_independent_pair_concurrently" time="0.045" /><testcase classname="tests.ifc_repair.test_validation_acceleration" name="test_worker_exception_fails_closed" time="0.018" /><testcase classname="tests.ifc_repair.test_validation_acceleration" name="test_deadline_timeout_fails_closed" time="0.033" /><testcase classname="tests.ifc_repair.test_validation_acceleration" name="test_missing_worker_result_fails_closed" time="0.017" /><testcase classname="tests.ifc_repair.test_validation_acceleration" name="test_rss_limit_failure_suppresses_results" time="0.019" /><testcase classname="tests.ifc_repair.test_validation_acceleration" name="test_accelerated_rss_ignores_unrelated_parent_lifetime_peak" time="1.661" /><testcase classname="tests.ifc_repair.test_validation_acceleration" name="test_accelerated_rss_peak_respects_nonoverlapping_phases" time="0.008" /><testcase classname="tests.ifc_repair.test_validation_acceleration" name="test_accelerated_current_rss_limit_violation_still_fails_closed" time="1.685" /><testcase classname="tests.ifc_repair.test_validation_acceleration" name="test_evaluate_production_uses_green_accelerated_scheduler" time="1.547" /><testcase classname="tests.ifc_repair.test_validation_acceleration" name="test_policy_rejects_more_than_two_workers" time="0.001" /><testcase classname="tests.knowledge.test_property_search" name="test_standard_records_cover_full_registry_and_authoring_boundary" time="0.064" /><testcase classname="tests.knowledge.test_property_search" name="test_property_store_reuses_matching_corpus_and_rebuilds_on_drift" time="0.159" /><testcase classname="tests.knowledge.test_property_search" name="test_exact_and_reviewed_alias_resolve_without_vector_authority" time="0.073" /><testcase classname="tests.knowledge.test_property_search" name="test_keyword_vector_consensus_resolves_but_vector_only_does_not" time="0.130" /><testcase classname="tests.knowledge.test_property_search" name="test_custom_project_candidate_always_requires_confirmation" time="0.068" /><testcase classname="tests.knowledge.test_property_search" name="test_project_records_aggregate_metadata_without_embedding_values" time="0.001" /><testcase classname="tests.knowledge.test_property_search" name="test_project_store_reuses_records_by_source_ifc_hash" time="0.033" /><testcase classname="tests.knowledge.test_property_search" name="test_chinese_length_units_normalize_to_project_units" time="0.000" /><testcase classname="tests.knowledge.test_property_search" name="test_unsupported_measure_family_cannot_be_normalized_for_authoring" time="0.001" /><testcase classname="tests.knowledge.test_property_search" name="test_plane_angle_measure_uses_project_unit_and_rejects_explicit_conversion" time="0.001" /><testcase classname="tests.knowledge.test_property_vector_runtime" name="test_bge_embedding_provider_releases_only_loaded_transient_model" time="0.039" /><testcase classname="tests.knowledge.test_property_vector_runtime" name="test_local_embedding_native_bootstrap_loads_msvc_before_torch" time="0.001" /><testcase classname="tests.knowledge.test_property_vector_runtime" name="test_property_runtime_warmup_exercises_embedding_before_live_use" time="0.089" /><testcase classname="tests.knowledge.test_property_vector_runtime" name="test_active_runtime_module_is_additive_and_non_executable" time="0.001" /><testcase classname="tests.knowledge.test_property_vector_runtime" name="test_class_applicable_scalar_filter_precedes_vector_topk[IfcWindow-external property-Pset_WindowCommon.IsExternal]" time="0.080" /><testcase classname="tests.knowledge.test_property_vector_runtime" name="test_class_applicable_scalar_filter_precedes_vector_topk[IfcDoor-automatic close-Pset_DoorCommon.SelfClosing]" time="0.128" /><testcase classname="tests.knowledge.test_property_vector_runtime" name="test_class_applicable_scalar_filter_precedes_vector_topk[IfcWall-external property-Pset_WallCommon.IsExternal]" time="0.080" /><testcase classname="tests.knowledge.test_property_vector_runtime" name="test_class_applicable_scalar_filter_precedes_vector_topk[IfcWallStandardCase-external property-Pset_WallCommon.IsExternal]" time="0.084" /><testcase classname="tests.knowledge.test_property_vector_runtime" name="test_class_applicable_scalar_filter_precedes_vector_topk[IfcBeam-load property-Pset_BeamCommon.LoadBearing]" time="0.125" /><testcase classname="tests.knowledge.test_property_vector_runtime" name="test_class_applicable_scalar_filter_precedes_vector_topk[IfcColumn-load property-Pset_ColumnCommon.LoadBearing]" time="0.082" /><testcase classname="tests.knowledge.test_property_vector_runtime" name="test_beam_slope_plane_angle_is_active_and_retrievable" time="0.196" /><testcase classname="tests.knowledge.test_property_vector_runtime" name="test_vector_storage_version_binds_the_active_record_set" time="0.072" /><testcase classname="tests.knowledge.test_property_vector_runtime" name="test_query_candidate_and_health_documents_are_closed_public_and_stable" time="0.091" /><testcase classname="tests.knowledge.test_property_vector_runtime" name="test_historical_alias_loader_cannot_change_active_result" time="0.129" /><testcase classname="tests.knowledge.test_property_vector_runtime" name="test_post_search_ineligible_id_fails_closed" time="0.083" /><testcase classname="tests.knowledge.test_property_vector_runtime" name="test_type_owned_scope_has_no_eligible_candidates" time="0.127" /><testcase classname="tests.knowledge.test_property_vector_runtime" name="test_incompatible_value_does_not_remove_property_before_vector_retrieval[p12w04-IfcWindow-\u7a97\u7684\u9632\u706b\u7b49\u7ea7-True-Pset_WindowCommon.FireRating]" time="0.079" /><testcase classname="tests.knowledge.test_property_vector_runtime" name="test_incompatible_value_does_not_remove_property_before_vector_retrieval[p12d04-IfcDoor-door fire rating-True-Pset_DoorCommon.FireRating]" time="0.079" /><testcase classname="tests.knowledge.test_property_vector_runtime" name="test_incompatible_value_does_not_remove_property_before_vector_retrieval[p12c04-IfcColumn-column load bearing-yes-Pset_ColumnCommon.LoadBearing]" time="0.131" /><testcase classname="tests.knowledge.test_property_vector_runtime" name="test_incompatible_value_does_not_remove_property_before_vector_retrieval[p12b04-IfcBeam-beam reference code-42-Pset_BeamCommon.Reference]" time="0.078" /><testcase classname="tests.knowledge.test_property_vector_runtime" name="test_incompatible_value_does_not_remove_property_before_vector_retrieval[p12m04-IfcWall-wall acoustic performance flag-True-Pset_WallCommon.AcousticRating]" time="0.082" /><testcase classname="tests.knowledge.test_property_vector_runtime" name="test_invalid_policy_is_rejected_before_index_build" time="0.116" /><testcase classname="tests.knowledge.test_property_vector_runtime" name="test_production_default_is_not_ready_before_calibrated_policy" time="0.005" /><testcase classname="tests.knowledge.test_property_vector_runtime" name="test_missing_bge_and_qdrant_have_distinct_pre_provider_reasons" time="0.006" /><testcase classname="tests.knowledge.test_property_vector_runtime" name="test_production_runtime_config_resolves_repo_local_assets_without_download" time="0.011" /><testcase classname="tests.knowledge.test_property_vector_runtime" name="test_production_runtime_config_resolves_relative_environment_overrides" time="0.008" /><testcase classname="tests.knowledge.test_property_vector_runtime" name="test_environment_runtime_factory_forwards_one_resolved_production_config" time="0.007" /><testcase classname="tests.knowledge.test_property_vector_runtime" name="test_runtime_config_rejects_ambiguous_qdrant_location" time="0.004" /><testcase classname="tests.knowledge.test_property_vector_runtime" name="test_windows_bge_loader_preloads_system_msvc_runtime" time="0.006" /><testcase classname="tests.knowledge.test_property_vector_runtime" name="test_non_windows_bge_loader_does_not_load_dlls" time="0.001" /><testcase classname="tests.knowledge.test_property_vector_runtime" name="test_bge_identity_uses_configured_version_without_reading_weight_bytes" time="0.006" /><testcase classname="tests.knowledge.test_property_vector_runtime" name="test_public_repair_api_loads_before_torch_in_fresh_process" time="7.724" /><testcase classname="tests.knowledge.test_property_vector_runtime" name="test_qdrant_collection_build_reuse_version_change_and_allowed_filter" time="2.211" /><testcase classname="tests.ifc_repair.test_apply_transaction" name="test_transaction_publishes_only_after_reopen_and_postconditions" time="1.279" /><testcase classname="tests.ifc_repair.test_apply_transaction" name="test_transaction_failure_leaves_no_repaired_artifact" time="0.808" /><testcase classname="tests.ifc_repair.test_phase10_publication" name="test_any_terminal_gate_failure_omits_successful_ifc[False-True-True-True]" time="0.086" /><testcase classname="tests.ifc_repair.test_phase10_publication" name="test_any_terminal_gate_failure_omits_successful_ifc[True-False-True-True]" time="0.075" /><testcase classname="tests.ifc_repair.test_phase10_publication" name="test_any_terminal_gate_failure_omits_successful_ifc[True-True-False-True]" time="0.062" /><testcase classname="tests.ifc_repair.test_phase10_publication" name="test_any_terminal_gate_failure_omits_successful_ifc[True-True-True-False]" time="0.061" /><testcase classname="tests.ifc_repair.test_phase10_1_publication" name="test_requested_property_l2_failure_never_exposes_successful_ifc" time="0.076" /></testsuite></testsuites>