<?xml version="1.0" encoding="utf-8"?><testsuites name="pytest tests"><testsuite name="pytest" errors="21" failures="18" skipped="0" tests="557" time="1504.490" timestamp="2026-09-05T15:40:56.968674+08:00" hostname="what-do-matter"><testcase classname="tests.ifc_repair.test_door_geometry_regression" name="test_mixed_regression_rejects_old_identity_placement_and_wall_storey" time="1.138" /><testcase classname="tests.ifc_repair.test_door_geometry_regression" name="test_supplied_vvo_fault_reproduces_exact_800_by_160_mm_world_offset" time="1.837" /><testcase classname="tests.ifc_repair.test_door_geometry_regression" name="test_frozen_supplied_candidate_is_not_publishable_under_strict_l1" time="1.158" /><testcase classname="tests.ifc_repair.test_door_geometry_regression" name="test_five_door_regression_rejects_old_geometrically_misaligned_repair" time="5.159" /><testcase classname="tests.ifc_repair.test_door_geometry_regression" name="test_corrected_vvo_door_proofs_pass_strict_postconditions" time="7.086" /><testcase classname="tests.ifc_repair.test_door_geometry_regression" name="test_vvo_fill_applicator_aligns_reused_type_and_uses_opening_storey" time="6.129" /><testcase classname="tests.ifc_repair.test_door_geometry_regression" name="test_vvo_retained_opening_index_uses_opening_level_not_wall_base" time="8.759" /><testcase classname="tests.ifc_repair.test_door_geometry_regression" name="test_opening_context_storey_fails_closed_without_wall_containment" time="0.760" /><testcase classname="tests.ifc_repair.test_door_geometry_regression" name="test_opening_context_storey_fails_closed_on_conflicting_wall_containment" time="0.899" /><testcase classname="tests.ifc_repair.test_door_geometry_regression" name="test_door_opening_measurement_is_invariant_to_rotated_host_wall" time="0.953" /><testcase classname="tests.ifc_repair.test_door_geometry_regression" name="test_identity_compensation_and_180_degree_corner_conventions_are_equivalent" time="0.945" /><testcase classname="tests.ifc_repair.test_door_geometry_regression" name="test_door_placement_recentres_when_wall_opening_depth_changes" time="1.003" /><testcase classname="tests.ifc_repair.test_door_geometry_regression" name="test_supported_left_and_right_handed_types_both_pass_geometry_gate" time="0.955" /><testcase classname="tests.ifc_repair.test_door_geometry_regression" name="test_surviving_mapped_door_styles_pass_selection_and_measurement[source0-2AJ6T3vZDDZRJL7l0pGl86-2AJ6T3vZDDZRJL7kCpGl86]" time="0.339" /><testcase classname="tests.ifc_repair.test_door_geometry_regression" name="test_surviving_mapped_door_styles_pass_selection_and_measurement[source1-08DlcJHzb8WfJZDS4ZFHLL-08DlcJHzb8WfJZDT8ZFHLL]" time="6.071" /><testcase classname="tests.ifc_repair.test_door_geometry_regression" name="test_mapped_door_style_still_rejects_a_materially_displaced_occurrence" time="3.810" /><testcase classname="tests.ifc_repair.test_door_geometry_regression" name="test_public_production_boundary_has_no_original_or_mutation_inputs" time="0.015" /><testcase classname="tests.ifc_repair.test_door_geometry_regression" name="test_authority_triplet_public_process_has_no_private_input_channel" time="0.057" /><testcase classname="tests.ifc_repair.test_door_geometry_regression" name="test_authority_triplet_public_request_uses_only_geometry_selectors" time="0.009" /><testcase classname="tests.ifc_repair.test_door_geometry_regression" name="test_door_geometry_measurement_failure_blocks_postcondition" time="0.929" /><testcase classname="tests.ifc_repair.test_door_property_authorization" name="test_door_authorization_covers_all_door_semantic_roles" time="0.004" /><testcase classname="tests.ifc_repair.test_door_property_authorization" name="test_door_authorization_covers_opening_scoped_quantities" time="0.004" /><testcase classname="tests.ifc_repair.test_door_property_authorization" name="test_door_authorization_covers_indexed_multi_pset_variants" time="0.006" /><testcase classname="tests.ifc_repair.test_door_property_authorization" name="test_door_relation_authorizations_declare_door_endpoints" time="0.003" /><testcase classname="tests.ifc_repair.test_door_property_authorization" name="test_door_role_set_mirrors_structural_pattern" time="0.003" /><testcase classname="tests.ifc_repair.test_door_property_authorization" name="test_fabricated_role_stays_unauthorized" time="0.002" /><testcase classname="tests.ifc_repair.test_door_property_authorization" name="test_fill_door_authorization_also_carries_semantic_roles" time="0.002" /><testcase classname="tests.ifc_repair.test_draft_authority_set_semantics" name="test_reordered_scope_target_ids_bind" time="2.359" /><testcase classname="tests.ifc_repair.test_draft_authority_set_semantics" name="test_reordered_evidence_refs_bind" time="1.882" /><testcase classname="tests.ifc_repair.test_draft_authority_set_semantics" name="test_reordered_operation_evidence_refs_bind" time="1.897" /><testcase classname="tests.ifc_repair.test_draft_authority_set_semantics" name="test_reordered_forbidden_ids_bind" time="0.002" /><testcase classname="tests.ifc_repair.test_draft_authority_set_semantics" name="test_identifier_drift_still_fails_closed[scope-extra-target-&lt;lambda&gt;-DRAFT_AUTHORITY_SCOPE_MISMATCH]" time="1.896" /><testcase classname="tests.ifc_repair.test_draft_authority_set_semantics" name="test_identifier_drift_still_fails_closed[scope-missing-target-&lt;lambda&gt;-DRAFT_AUTHORITY_SCOPE_MISMATCH]" time="1.869" /><testcase classname="tests.ifc_repair.test_draft_authority_set_semantics" name="test_identifier_drift_still_fails_closed[scope-duplicate-target-&lt;lambda&gt;-DRAFT_SCHEMA_VALIDATION_ERROR]" time="1.884" /><testcase classname="tests.ifc_repair.test_draft_authority_set_semantics" name="test_identifier_drift_still_fails_closed[evidence-extra-ref-&lt;lambda&gt;-DRAFT_AUTHORITY_EVIDENCE_MISMATCH]" time="1.811" /><testcase classname="tests.ifc_repair.test_draft_authority_set_semantics" name="test_identifier_drift_still_fails_closed[evidence-missing-ref-&lt;lambda&gt;-DRAFT_AUTHORITY_EVIDENCE_MISMATCH]" time="1.976" /><testcase classname="tests.ifc_repair.test_draft_authority_set_semantics" name="test_identifier_drift_still_fails_closed[evidence-duplicate-ref-&lt;lambda&gt;-DRAFT_SCHEMA_VALIDATION_ERROR]" time="1.578" /><testcase classname="tests.ifc_repair.test_generic_difference_report" name="test_generic_difference_report_discovers_replacements_without_tag_rules" time="0.063" /><testcase classname="tests.ifc_repair.test_generic_difference_report" name="test_generic_difference_report_cli_writes_json" time="1.544" /><testcase classname="tests.ifc_repair.test_mixed_manifest_binding" name="test_window_policy_facts_carry_canonical_source_kind" time="0.410" /><testcase classname="tests.ifc_repair.test_mixed_manifest_binding" name="test_beam_plus_window_manifests_bind" time="0.966" /><testcase classname="tests.ifc_repair.test_mixed_manifest_binding" name="test_column_plus_window_manifests_bind" time="0.944" /><testcase classname="tests.ifc_repair.test_mixed_manifest_binding" name="test_three_family_mixed_manifests_bind" time="1.232" /><testcase classname="tests.ifc_repair.test_mixed_manifest_binding" name="test_repeated_mixed_operations_bind" time="2.129" /><testcase classname="tests.ifc_repair.test_mixed_manifest_binding" name="test_window_only_manifest_binds" time="0.407" /><testcase classname="tests.ifc_repair.test_mixed_manifest_binding" name="test_beam_only_manifest_binds" time="0.406" /><testcase classname="tests.ifc_repair.test_mixed_manifest_binding" name="test_column_only_manifest_binds" time="0.423" /><testcase classname="tests.ifc_repair.test_mixed_manifest_binding" name="test_illegal_source_kind_still_fails_closed_under_0_4[totally_fabricated_kind]" time="0.009" /><testcase classname="tests.ifc_repair.test_mixed_manifest_binding" name="test_illegal_source_kind_still_fails_closed_under_0_4[deterministic_policy]" time="0.009" /><testcase classname="tests.ifc_repair.test_mixed_manifest_binding" name="test_illegal_source_kind_still_fails_closed_under_0_4[surviving_target]" time="0.007" /><testcase classname="tests.ifc_repair.test_mixed_manifest_binding" name="test_mixed_binding_with_varied_window_geometry[900-1200-900-1000]" time="0.846" /><testcase classname="tests.ifc_repair.test_mixed_manifest_binding" name="test_mixed_binding_with_varied_window_geometry[1800-2100-0-4500]" time="0.805" /><testcase classname="tests.ifc_repair.test_mixed_manifest_binding" name="test_mixed_binding_with_varied_window_geometry[1200-1500-900-2000]" time="0.739" /><testcase classname="tests.ifc_repair.test_occurrence_property_operation" name="test_default_registry_exposes_generic_occurrence_property_operation" time="0.412" /><testcase classname="tests.ifc_repair.test_occurrence_property_operation" name="test_generic_operation_modifies_only_selected_supported_occurrence[IfcWall]" time="0.674" /><testcase classname="tests.ifc_repair.test_occurrence_property_operation" name="test_generic_operation_modifies_only_selected_supported_occurrence[IfcWallStandardCase]" time="0.591" /><testcase classname="tests.ifc_repair.test_occurrence_property_operation" name="test_generic_operation_modifies_only_selected_supported_occurrence[IfcDoor]" time="0.533" /><testcase classname="tests.ifc_repair.test_occurrence_property_operation" name="test_generic_operation_modifies_only_selected_supported_occurrence[IfcWindow]" time="0.671" /><testcase classname="tests.ifc_repair.test_occurrence_property_operation" name="test_generic_operation_modifies_only_selected_supported_occurrence[IfcBeam]" time="0.539" /><testcase classname="tests.ifc_repair.test_occurrence_property_operation" name="test_generic_operation_modifies_only_selected_supported_occurrence[IfcColumn]" time="0.535" /><testcase classname="tests.ifc_repair.test_occurrence_property_operation" name="test_generic_operation_rejects_unsupported_target_class" time="0.405" /><testcase classname="tests.ifc_repair.test_occurrence_property_operation" name="test_bound_generic_operation_reopens_with_requested_property" time="0.743" /><testcase classname="tests.ifc_repair.test_occurrence_property_operation" name="test_occurrence_property_edit_copies_shared_property_before_mutation" time="0.763" /><testcase classname="tests.ifc_repair.test_operation_prompt_profiles" name="test_compact_catalog_omits_full_few_shot_bodies" time="0.457" /><testcase classname="tests.ifc_repair.test_operation_prompt_profiles" name="test_door_only_and_mixed_selection_are_bounded_stable_unions" time="1.820" /><testcase classname="tests.ifc_repair.test_operation_prompt_profiles" name="test_executable_registry_definitions_bind_matching_profiles" time="0.886" /><testcase classname="tests.ifc_repair.test_operation_prompt_profiles" name="test_hash_mismatch_and_operation_mismatch_fail_closed" time="0.935" /><testcase classname="tests.ifc_repair.test_operation_prompt_profiles" name="test_missing_unknown_and_empty_selection_fail_closed" time="1.043" /><testcase classname="tests.ifc_repair.test_phase10_large_building" name="test_large_building_damaged_ifc_plus_text_passes_production_and_private_l2" time="24.646"><failure message="AssertionError: assert False is True&#10; +  where False = RunResult(run_id='repair-a44c364a75b84c59aa7a9f6d50eee131', state_version=6, status='not_publishable', reason_code='PRODUCTION_EVALUATION_FAILED', complete_repair_success=False, successful_artifact_publishable=False, run_directory='runs/repair-a44c364a75b84c59aa7a9f6d50eee131', artifacts=mappingproxy({'diagnostic_candidate': '.terminal-bundles/d14746e432c44f26836062d22e81e4e6/diagnostic/repaired-candidate.ifc', 'evaluation': '.terminal-bundles/d14746e432c44f26836062d22e81e4e6/evaluation/public-evaluation.json', 'manifest': '.terminal-bundles/d14746e432c44f26836062d22e81e4e6/manifest.json'}), clarification=None, schema_version='text2ifc/ifc-repair-result/0.1').complete_repair_success">tests\ifc_repair\test_phase10_large_building.py:165: in test_large_building_damaged_ifc_plus_text_passes_production_and_private_l2
    assert result.complete_repair_success is True
E   AssertionError: assert False is True
E    +  where False = RunResult(run_id='repair-a44c364a75b84c59aa7a9f6d50eee131', state_version=6, status='not_publishable', reason_code='PRODUCTION_EVALUATION_FAILED', complete_repair_success=False, successful_artifact_publishable=False, run_directory='runs/repair-a44c364a75b84c59aa7a9f6d50eee131', artifacts=mappingproxy({'diagnostic_candidate': '.terminal-bundles/d14746e432c44f26836062d22e81e4e6/diagnostic/repaired-candidate.ifc', 'evaluation': '.terminal-bundles/d14746e432c44f26836062d22e81e4e6/evaluation/public-evaluation.json', 'manifest': '.terminal-bundles/d14746e432c44f26836062d22e81e4e6/manifest.json'}), clarification=None, schema_version='text2ifc/ifc-repair-result/0.1').complete_repair_success</failure></testcase><testcase classname="tests.ifc_repair.test_phase12_live_uat" name="test_cli_accepts_the_frozen_deepseek_provider_key" time="0.365" /><testcase classname="tests.ifc_repair.test_phase12_live_uat" name="test_cli_preflight_only_uses_property_runtime_config_without_provider_config" time="0.376" /><testcase classname="tests.ifc_repair.test_phase12_live_uat" name="test_cli_rejects_every_non_deepseek_provider_before_configuration" time="0.309" /><testcase classname="tests.ifc_repair.test_phase12_live_uat" name="test_preflight_only_returns_before_transport_construction" time="2.588" /><testcase classname="tests.ifc_repair.test_phase12_live_uat" name="test_changed_scope_admission_validates_failed_source_and_all_resolutions" time="0.862" /><testcase classname="tests.ifc_repair.test_phase12_live_uat" name="test_changed_scope_admission_rejects_tampered_resolution_evidence" time="0.606" /><testcase classname="tests.ifc_repair.test_phase12_live_uat" name="test_live_runner_uses_changed_scope_admission_without_running_full_preflight" time="0.711" /><testcase classname="tests.ifc_repair.test_phase12_live_uat" name="test_production_preflight_opens_and_closes_ready_property_runtime" time="2.262" /><testcase classname="tests.ifc_repair.test_phase12_live_uat" name="test_fixed_live_requests_have_exact_public_structural_authority" time="0.380" /><testcase classname="tests.ifc_repair.test_phase12_live_uat" name="test_live_runner_uses_only_the_curated_public_damaged_d7n_input" time="0.358" /><testcase classname="tests.ifc_repair.test_phase12_live_uat" name="test_fixed_live_matrix_is_bound_to_an_independent_reviewed_digest" time="0.376" /><testcase classname="tests.ifc_repair.test_phase12_live_uat" name="test_fixed_live_matrix_covers_property_clarification_window_and_guard" time="0.346" /><testcase classname="tests.ifc_repair.test_phase12_live_uat" name="test_live_runner_cannot_claim_independent_proof_before_plan_12_14" time="7.914" /><testcase classname="tests.ifc_repair.test_phase12_live_uat" name="test_complete_transport_drives_the_real_repair_api_and_reopens_ifc2x3" time="29.918"><failure message="AssertionError: ('not_publishable', 'PRODUCTION_EVALUATION_FAILED', None)&#10;assert 'not_publishable' == 'succeeded'&#10;  &#10;  - succeeded&#10;  + not_publishable">tests\ifc_repair\test_phase12_live_uat.py:1399: in test_complete_transport_drives_the_real_repair_api_and_reopens_ifc2x3
    assert final["status"] == "succeeded", (
E   AssertionError: ('not_publishable', 'PRODUCTION_EVALUATION_FAILED', None)
E   assert 'not_publishable' == 'succeeded'
E     
E     - succeeded
E     + not_publishable</failure></testcase><testcase classname="tests.ifc_repair.test_phase12_live_uat" name="test_stage1_invalid_internal_id_retries_then_completes_public_full_chain" time="33.550"><failure message="AssertionError: ('not_publishable', 'PRODUCTION_EVALUATION_FAILED')&#10;assert 'not_publishable' == 'succeeded'&#10;  &#10;  - succeeded&#10;  + not_publishable">tests\ifc_repair\test_phase12_live_uat.py:1483: in test_stage1_invalid_internal_id_retries_then_completes_public_full_chain
    assert final["status"] == "succeeded", (
E   AssertionError: ('not_publishable', 'PRODUCTION_EVALUATION_FAILED')
E   assert 'not_publishable' == 'succeeded'
E     
E     - succeeded
E     + not_publishable</failure></testcase><testcase classname="tests.ifc_repair.test_phase12_live_uat" name="test_complete_executor_reopens_against_its_explicit_frozen_source" time="32.743"><failure message="AssertionError: assert 'not_publishable' == 'succeeded'&#10;  &#10;  - succeeded&#10;  + not_publishable">tests\ifc_repair\test_phase12_live_uat.py:1525: in test_complete_executor_reopens_against_its_explicit_frozen_source
    assert final["status"] == "succeeded"
E   AssertionError: assert 'not_publishable' == 'succeeded'
E     
E     - succeeded
E     + not_publishable</failure></testcase><testcase classname="tests.ifc_repair.test_phase12_live_uat" name="test_clarification_transport_drives_real_api_resume_and_publication" time="32.443"><failure message="AssertionError: ('not_publishable', 'PRODUCTION_EVALUATION_FAILED')&#10;assert 'not_publishable' == 'succeeded'&#10;  &#10;  - succeeded&#10;  + not_publishable">tests\ifc_repair\test_phase12_live_uat.py:1556: in test_clarification_transport_drives_real_api_resume_and_publication
    assert final["status"] == "succeeded", (
E   AssertionError: ('not_publishable', 'PRODUCTION_EVALUATION_FAILED')
E   assert 'not_publishable' == 'succeeded'
E     
E     - succeeded
E     + not_publishable</failure></testcase><testcase classname="tests.ifc_repair.test_phase12_live_uat" name="test_prompt_identity_evidence_binds_each_few_shot_to_its_own_hash" time="0.394" /><testcase classname="tests.ifc_repair.test_phase12_live_uat" name="test_prompt_identity_keeps_sort_keys_example_hash_with_its_own_id" time="0.426" /><testcase classname="tests.ifc_repair.test_phase12_live_uat" name="test_stable_property_identity_resolves_against_current_offered_set" time="0.360" /><testcase classname="tests.ifc_repair.test_phase12_live_uat" name="test_stable_property_identity_fails_closed_when_not_currently_offered" time="0.338" /><testcase classname="tests.ifc_repair.test_phase12_live_uat" name="test_window_semantic_canary_drives_vector_stage15_stage2_and_reopen" time="30.756"><failure message="AssertionError: ('not_publishable', 'PRODUCTION_EVALUATION_FAILED', None)&#10;assert 'not_publishable' == 'succeeded'&#10;  &#10;  - succeeded&#10;  + not_publishable">tests\ifc_repair\test_phase12_live_uat.py:1689: in test_window_semantic_canary_drives_vector_stage15_stage2_and_reopen
    assert final["status"] == "succeeded", (
E   AssertionError: ('not_publishable', 'PRODUCTION_EVALUATION_FAILED', None)
E   assert 'not_publishable' == 'succeeded'
E     
E     - succeeded
E     + not_publishable</failure></testcase><testcase classname="tests.ifc_repair.test_phase12_live_uat" name="test_program_guard_transport_stops_real_api_before_stage2_or_mutation" time="13.961" /><testcase classname="tests.ifc_repair.test_phase12_live_uat" name="test_structural_normalizer_never_invents_an_optional_axis_reference" time="0.514" /><testcase classname="tests.ifc_repair.test_phase12_live_uat" name="test_registry_projects_structural_target_without_family_branching" time="0.483" /><testcase classname="tests.ifc_repair.test_phase12_live_uat" name="test_default_preflight_runner_applies_a_bounded_timeout" time="0.378" /><testcase classname="tests.ifc_repair.test_phase12_live_uat" name="test_default_preflight_runner_allows_the_real_full_suite_budget" time="0.344" /><testcase classname="tests.ifc_repair.test_phase12_live_uat" name="test_preflight_pytest_commands_use_run_local_temp_and_cache" time="0.492"><failure message="assert not True&#10; +  where True = any(&lt;generator object test_preflight_pytest_commands_use_run_local_temp_and_cache.&lt;locals&gt;.&lt;genexpr&gt; at 0x000001B9D71CE190&gt;)">tests\ifc_repair\test_phase12_live_uat.py:1844: in test_preflight_pytest_commands_use_run_local_temp_and_cache
    assert not any(".pytest-tmp" in item for item in command)
E   assert not True
E    +  where True = any(&lt;generator object test_preflight_pytest_commands_use_run_local_temp_and_cache.&lt;locals&gt;.&lt;genexpr&gt; at 0x000001B9D71CE190&gt;)</failure></testcase><testcase classname="tests.ifc_repair.test_phase12_live_uat" name="test_focused_preflight_timeout_allows_loaded_host" time="0.470" /><testcase classname="tests.ifc_repair.test_phase12_live_uat" name="test_preflight_timeout_has_a_distinct_blocking_reason_and_zero_transport" time="2.252" /><testcase classname="tests.ifc_repair.test_phase12_live_uat" name="test_strict_reopen_rejects_a_stale_source_hash" time="0.634" /><testcase classname="tests.ifc_repair.test_phase12_live_uat" name="test_strict_reopen_rejects_a_self_consistent_substitute_source" time="0.583" /><testcase classname="tests.ifc_repair.test_phase12_live_uat" name="test_each_failed_preflight_gate_blocks_transport[focused]" time="2.263" /><testcase classname="tests.ifc_repair.test_phase12_live_uat" name="test_each_failed_preflight_gate_blocks_transport[offline]" time="2.250" /><testcase classname="tests.ifc_repair.test_phase12_live_uat" name="test_each_failed_preflight_gate_blocks_transport[full-suite]" time="2.308" /><testcase classname="tests.ifc_repair.test_phase12_live_uat" name="test_each_failed_preflight_gate_blocks_transport[compile]" time="2.317" /><testcase classname="tests.ifc_repair.test_phase12_live_uat" name="test_each_failed_preflight_gate_blocks_transport[diff]" time="2.512" /><testcase classname="tests.ifc_repair.test_phase12_live_uat" name="test_each_failed_preflight_gate_blocks_transport[proof]" time="2.322" /><testcase classname="tests.ifc_repair.test_phase12_live_uat" name="test_caller_claimed_green_without_machine_artifact_is_rejected[offline]" time="2.343" /><testcase classname="tests.ifc_repair.test_phase12_live_uat" name="test_caller_claimed_green_without_machine_artifact_is_rejected[proof]" time="2.487" /><testcase classname="tests.ifc_repair.test_phase12_live_uat" name="test_injected_preflight_cannot_unlock_the_production_executor" time="0.545" /><testcase classname="tests.ifc_repair.test_phase12_live_uat" name="test_non_live_evidence_modes_are_blocking_and_never_touch_transport[synthetic]" time="0.429" /><testcase classname="tests.ifc_repair.test_phase12_live_uat" name="test_non_live_evidence_modes_are_blocking_and_never_touch_transport[cached]" time="0.370" /><testcase classname="tests.ifc_repair.test_phase12_live_uat" name="test_non_live_evidence_modes_are_blocking_and_never_touch_transport[prerecorded]" time="0.453" /><testcase classname="tests.ifc_repair.test_phase12_live_uat" name="test_non_live_evidence_modes_are_blocking_and_never_touch_transport[hand-authored]" time="0.414" /><testcase classname="tests.ifc_repair.test_phase12_live_uat" name="test_green_preflight_binds_commands_results_and_artifact_hashes" time="2.481" /><testcase classname="tests.ifc_repair.test_phase12_live_uat" name="test_green_full_preflight_evidence_reuse_recomputes_hashes_and_rejects_tamper" time="2.558" /><testcase classname="tests.ifc_repair.test_phase12_live_uat" name="test_green_full_preflight_can_validate_an_immutable_curated_artifact_snapshot" time="2.980" /><testcase classname="tests.ifc_repair.test_phase12_live_uat" name="test_preflight_rejects_missing_or_invalid_retrieval_evaluation[missing-PROPERTY_RETRIEVAL_EVALUATION_MISSING]" time="2.333" /><testcase classname="tests.ifc_repair.test_phase12_live_uat" name="test_preflight_rejects_missing_or_invalid_retrieval_evaluation[semantic_claim-PROPERTY_RETRIEVAL_EVALUATION_NOT_GREEN]" time="2.324" /><testcase classname="tests.ifc_repair.test_phase12_live_uat" name="test_preflight_rejects_missing_or_invalid_retrieval_evaluation[network-PROPERTY_RETRIEVAL_EVALUATION_NETWORK_NONZERO]" time="2.951" /><testcase classname="tests.ifc_repair.test_phase12_live_uat" name="test_preflight_rejects_skip_substitution_or_network_usage[skip-focused-PYTEST_SKIPS_PRESENT-skip_count]" time="2.327" /><testcase classname="tests.ifc_repair.test_phase12_live_uat" name="test_preflight_rejects_skip_substitution_or_network_usage[substitution-full-suite-PYTEST_SUBSTITUTIONS_PRESENT-substitution_count]" time="2.465" /><testcase classname="tests.ifc_repair.test_phase12_live_uat" name="test_preflight_rejects_skip_substitution_or_network_usage[network-offline-OFFLINE_PROVIDER_NETWORK_CALLS_NONZERO-network_calls]" time="2.576" /><testcase classname="tests.ifc_repair.test_phase12_live_uat" name="test_green_preflight_rejects_a_partial_or_substituted_live_matrix" time="2.374" /><testcase classname="tests.ifc_repair.test_phase12_live_uat" name="test_green_preflight_rejects_tampered_text_in_the_fixed_live_matrix" time="2.516" /><testcase classname="tests.ifc_repair.test_phase12_live_uat" name="test_paired_test_seams_are_explicitly_ineligible_as_live_acceptance" time="2.566" /><testcase classname="tests.ifc_repair.test_phase12_live_uat" name="test_production_runner_rejects_exact_transport_class_with_mimo_config" time="2.469" /><testcase classname="tests.ifc_repair.test_phase12_live_uat" name="test_production_runner_rejects_deepseek_labels_on_a_replay_endpoint" time="2.239" /><testcase classname="tests.ifc_repair.test_phase12_live_uat" name="test_production_runner_rejects_an_injected_client_on_the_official_endpoint" time="2.901" /><testcase classname="tests.ifc_repair.test_phase12_live_uat" name="test_non_genuine_or_private_transport_cannot_pass_as_live[cached-False]" time="8.494" /><testcase classname="tests.ifc_repair.test_phase12_live_uat" name="test_non_genuine_or_private_transport_cannot_pass_as_live[live-True]" time="6.550" /><testcase classname="tests.ifc_repair.test_phase12_live_uat" name="test_published_case_without_strict_reopen_evidence_cannot_pass" time="9.771" /><testcase classname="tests.ifc_repair.test_phase12_live_uat" name="test_clarification_success_requires_the_initial_grouped_stop" time="9.211" /><testcase classname="tests.ifc_repair.test_phase12_live_uat" name="test_live_matrix_accepts_current_property_add_detail_answer_mode" time="8.409" /><testcase classname="tests.ifc_repair.test_phase12_live_uat" name="test_program_guard_requires_the_frozen_capability_reason" time="7.911" /><testcase classname="tests.ifc_repair.test_phase12_live_uat" name="test_program_guard_requires_source_bound_zero_mutation_evidence[guard_evidence0]" time="7.829" /><testcase classname="tests.ifc_repair.test_phase12_live_uat" name="test_program_guard_requires_source_bound_zero_mutation_evidence[guard_evidence1]" time="8.215" /><testcase classname="tests.ifc_repair.test_phase12_live_uat" name="test_program_guard_requires_source_bound_zero_mutation_evidence[guard_evidence2]" time="8.001" /><testcase classname="tests.ifc_repair.test_phase12_live_uat" name="test_program_guard_requires_source_bound_zero_mutation_evidence[guard_evidence3]" time="8.041" /><testcase classname="tests.ifc_repair.test_phase12_live_uat" name="test_program_guard_requires_source_bound_zero_mutation_evidence[guard_evidence4]" time="8.751" /><testcase classname="tests.ifc_repair.test_phase12_live_uat" name="test_frozen_live_cases_have_exact_three_stage_lineage" time="5.283"><failure message="OSError: [Errno 22] Invalid argument: 'E:\\code for project\\bimnet-zcode\\.pytest-tmp-zcode-20260905-154054-170689\\test_frozen_live_cases_have_ex1\\run\\cases\\complete\\case-result.json'">tests\ifc_repair\test_phase12_live_uat.py:3108: in test_frozen_live_cases_have_exact_three_stage_lineage
    result = _run(
tests\ifc_repair\test_phase12_live_uat.py:851: in _run
    return module.run_live_uat(
scripts\ifc_repair\run_phase12_live_uat.py:2293: in run_live_uat
    _write_json(case_root / "case-result.json", case_result)
scripts\ifc_repair\run_phase12_live_uat.py:586: in _write_json
    path.write_text(
E:\anaconda\Lib\pathlib.py:1047: in write_text
    with self.open(mode='w', encoding=encoding, errors=errors, newline=newline) as f:
         ^^^^^^^^^^^^^^^^^^^^^^^^^^^^^^^^^^^^^^^^^^^^^^^^^^^^^^^^^^^^^^^^^^^^^^
E:\anaconda\Lib\pathlib.py:1013: in open
    return io.open(self, mode, buffering, encoding, errors, newline)
           ^^^^^^^^^^^^^^^^^^^^^^^^^^^^^^^^^^^^^^^^^^^^^^^^^^^^^^^^^
E   OSError: [Errno 22] Invalid argument: 'E:\\code for project\\bimnet-zcode\\.pytest-tmp-zcode-20260905-154054-170689\\test_frozen_live_cases_have_ex1\\run\\cases\\complete\\case-result.json'</failure></testcase><testcase classname="tests.ifc_repair.test_phase12_live_uat" name="test_stage2_live_identity_accepts_exact_registered_zero_few_shot_profile" time="1.203" /><testcase classname="tests.ifc_repair.test_phase12_live_uat" name="test_live_curator_accepts_only_complete_and_resumed_success_transcripts" time="1.609"><failure message="OSError: [WinError 8] 内存资源不足，无法处理此命令。: 'E:\\code for project\\bimnet-zcode\\prompts\\agent\\ifc-repair-few-shots\\column-add-v0.3-complete.json'">tests\ifc_repair\test_phase12_live_uat.py:3514: in test_live_curator_accepts_only_complete_and_resumed_success_transcripts
    audit = curator.audit_live_uat_result(_valid_live_curation_result())
                                          ^^^^^^^^^^^^^^^^^^^^^^^^^^^^^
tests\ifc_repair\test_phase12_live_uat.py:3472: in _valid_live_curation_result
    _curation_case(
tests\ifc_repair\test_phase12_live_uat.py:3363: in _curation_case
    attempt = _curation_attempt(
tests\ifc_repair\test_phase12_live_uat.py:3254: in _curation_attempt
    selection = select_prompt_profiles(selected_profiles).to_dict()
                ^^^^^^^^^^^^^^^^^^^^^^^^^^^^^^^^^^^^^^^^^
src\text2ifc_ifc_repair\prompt_profiles.py:237: in select_prompt_profiles
    registry = profiles or load_prompt_profiles()
                           ^^^^^^^^^^^^^^^^^^^^^^
src\text2ifc_ifc_repair\prompt_profiles.py:192: in load_prompt_profiles
    _validate_few_shots(document)
src\text2ifc_ifc_repair\prompt_profiles.py:334: in _validate_few_shots
    path = _project_file(str(reference["path"]))
           ^^^^^^^^^^^^^^^^^^^^^^^^^^^^^^^^^^^^^
src\text2ifc_ifc_repair\prompt_profiles.py:422: in _project_file
    if not path.is_file():
           ^^^^^^^^^^^^^^
E:\anaconda\Lib\pathlib.py:892: in is_file
    return S_ISREG(self.stat().st_mode)
                   ^^^^^^^^^^^
E:\anaconda\Lib\pathlib.py:840: in stat
    return os.stat(self, follow_symlinks=follow_symlinks)
           ^^^^^^^^^^^^^^^^^^^^^^^^^^^^^^^^^^^^^^^^^^^^^^
E   OSError: [WinError 8] 内存资源不足，无法处理此命令。: 'E:\\code for project\\bimnet-zcode\\prompts\\agent\\ifc-repair-few-shots\\column-add-v0.3-complete.json'</failure></testcase><testcase classname="tests.ifc_repair.test_phase12_live_uat" name="test_live_curator_accepts_current_property_add_detail_answer_mode" time="9.284" /><testcase classname="tests.ifc_repair.test_phase12_live_uat" name="test_live_curator_does_not_authorize_by_legacy_parallel_array_position" time="6.329" /><testcase classname="tests.ifc_repair.test_phase12_live_uat" name="test_live_curator_rejects_each_single_transcript_defect[missing_provider-LIVE_ATTEMPT_PROVIDER_REQUIRED]" time="3.229" /><testcase classname="tests.ifc_repair.test_phase12_live_uat" name="test_live_curator_rejects_each_single_transcript_defect[missing_model-LIVE_ATTEMPT_MODEL_REQUIRED]" time="2.826" /><testcase classname="tests.ifc_repair.test_phase12_live_uat" name="test_live_curator_rejects_each_single_transcript_defect[missing_usage-LIVE_ATTEMPT_USAGE_REQUIRED]" time="2.744" /><testcase classname="tests.ifc_repair.test_phase12_live_uat" name="test_live_curator_rejects_each_single_transcript_defect[missing_raw_response-LIVE_ATTEMPT_RAW_RESPONSE_REQUIRED]" time="3.024" /><testcase classname="tests.ifc_repair.test_phase12_live_uat" name="test_live_curator_rejects_each_single_transcript_defect[redacted_hash_mismatch-LIVE_ATTEMPT_REDACTED_HASH_MISMATCH]" time="2.987" /><testcase classname="tests.ifc_repair.test_phase12_live_uat" name="test_live_curator_rejects_each_single_transcript_defect[missing_profile_hash-LIVE_ATTEMPT_PROFILE_HASH_REQUIRED]" time="2.815" /><testcase classname="tests.ifc_repair.test_phase12_live_uat" name="test_live_curator_rejects_each_single_transcript_defect[missing_template_id-LIVE_ATTEMPT_TEMPLATE_ID_REQUIRED]" time="2.936" /><testcase classname="tests.ifc_repair.test_phase12_live_uat" name="test_live_curator_rejects_each_single_transcript_defect[missing_template_hash-LIVE_ATTEMPT_TEMPLATE_HASH_REQUIRED]" time="2.872" /><testcase classname="tests.ifc_repair.test_phase12_live_uat" name="test_live_curator_rejects_each_single_transcript_defect[missing_few_shot_hash-LIVE_ATTEMPT_FEW_SHOT_HASH_REQUIRED]" time="4.444" /><testcase classname="tests.ifc_repair.test_phase12_live_uat" name="test_live_curator_rejects_each_single_transcript_defect[missing_profile_few_shot-LIVE_ATTEMPT_PROFILE_ROUTING_MISMATCH]" time="4.239" /><testcase classname="tests.ifc_repair.test_phase12_live_uat" name="test_live_curator_rejects_each_single_transcript_defect[fallback_true-LIVE_ATTEMPT_FALLBACK_FLAG]" time="2.946" /><testcase classname="tests.ifc_repair.test_phase12_live_uat" name="test_live_curator_rejects_each_single_transcript_defect[missing_response_id-LIVE_ATTEMPT_RESPONSE_ID_REQUIRED]" time="3.076" /><testcase classname="tests.ifc_repair.test_phase12_live_uat" name="test_live_curator_rejects_each_single_transcript_defect[wrong_profile-LIVE_ATTEMPT_PROFILE_ROUTING_MISMATCH]" time="3.076" /><testcase classname="tests.ifc_repair.test_phase12_live_uat" name="test_live_curator_rejects_each_single_transcript_defect[ordinal_mismatch-LIVE_ATTEMPT_ORDINAL_MISMATCH]" time="3.083" /><testcase classname="tests.ifc_repair.test_phase12_live_uat" name="test_live_curator_rejects_each_single_transcript_defect[broken_parent-LIVE_ATTEMPT_PARENT_MISMATCH]" time="2.844" /><testcase classname="tests.ifc_repair.test_phase12_live_uat" name="test_live_curator_rejects_each_single_transcript_defect[duplicate_attempt-LIVE_ATTEMPT_ID_MISMATCH]" time="2.996" /><testcase classname="tests.ifc_repair.test_phase12_live_uat" name="test_live_curator_rejects_each_single_transcript_defect[non_200-LIVE_ATTEMPT_TRANSPORT_INVALID]" time="2.800" /><testcase classname="tests.ifc_repair.test_phase12_live_uat" name="test_live_curator_rejects_each_single_transcript_defect[missing_correction_reason-LIVE_ATTEMPT_CORRECTION_REASON_REQUIRED]" time="3.009" /><testcase classname="tests.ifc_repair.test_phase12_live_uat" name="test_live_curator_rejects_each_single_transcript_defect[case_count_mismatch-LIVE_CASE_STAGE_COUNT_MISMATCH]" time="3.201" /><testcase classname="tests.ifc_repair.test_phase12_live_uat" name="test_live_curator_rejects_each_single_transcript_defect[aggregate_count_mismatch-LIVE_AGGREGATE_STAGE_COUNT_MISMATCH]" time="6.038" /><testcase classname="tests.ifc_repair.test_phase12_live_uat" name="test_live_curator_rejects_each_single_transcript_defect[provider_model_aggregate-LIVE_PROVIDER_MODEL_AGGREGATE_MISMATCH]" time="6.252" /><testcase classname="tests.ifc_repair.test_phase12_live_uat" name="test_live_curator_rejects_each_single_transcript_defect[usage_metadata_mismatch-LIVE_ATTEMPT_METADATA_INVALID]" time="2.155" /><testcase classname="tests.ifc_repair.test_phase12_live_uat" name="test_live_curator_rejects_each_single_transcript_defect[provider_identity-LIVE_ATTEMPT_PROVIDER_IDENTITY_INVALID]" time="1.369" /><testcase classname="tests.ifc_repair.test_phase12_live_uat" name="test_live_curator_rejects_each_single_transcript_defect[acceptance_self_claim-LIVE_PROOF_ACCEPTANCE_SELF_CLAIM]" time="2.521" /><testcase classname="tests.ifc_repair.test_phase12_live_uat" name="test_live_curator_rejects_each_single_transcript_defect[clarification_lineage-LIVE_CLARIFICATION_LINEAGE_INVALID]" time="5.100" /><testcase classname="tests.ifc_repair.test_phase12_live_uat" name="test_live_curator_rejects_each_single_transcript_defect[terminal_publication-LIVE_SUCCESS_TERMINAL_INVALID]" time="4.334" /><testcase classname="tests.ifc_repair.test_phase12_live_uat" name="test_live_curator_rejects_each_single_transcript_defect[synthetic_fallback-LIVE_SYNTHETIC_FALLBACK_NOT_FALSE]" time="3.422" /><testcase classname="tests.ifc_repair.test_phase12_live_uat" name="test_live_curator_binds_provider_responses_to_retained_runtime_artifacts[intent-LIVE_STAGE1_RESPONSE_ARTIFACT_MISMATCH]" time="4.903" /><testcase classname="tests.ifc_repair.test_phase12_live_uat" name="test_live_curator_binds_provider_responses_to_retained_runtime_artifacts[changeset-LIVE_STAGE2_RESPONSE_ARTIFACT_MISMATCH]" time="5.096" /><testcase classname="tests.ifc_repair.test_phase12_success_cases" name="test_live_curator_validates_the_production_runstore_transition_ledger" time="0.571" /><testcase classname="tests.ifc_repair.test_phase12_success_cases" name="test_valid_beam_column_public_proof_is_strictly_recomputed" time="14.703"><error message="failed on setup with &quot;RuntimeError: &#10;        An attempt has been made to start a new process before the&#10;        current process has finished its bootstrapping phase.&#10;&#10;        This probably means that you are not using fork to start your&#10;        child processes and you have forgotten to use the proper idiom&#10;        in the main module:&#10;&#10;            if __name__ == '__main__':&#10;                freeze_support()&#10;                ...&#10;&#10;        The &quot;freeze_support()&quot; line can be omitted if the program&#10;        is not going to be frozen to produce an executable.&#10;&#10;        To fix this issue, refer to the &quot;Safe importing of main module&quot;&#10;        section in https://docs.python.org/3/library/multiprocessing.html&quot;">tests\ifc_repair\test_phase12_success_cases.py:303: in structural_proof_base
    run_public_repair(
scripts\ifc_repair\run_phase12_public_structural_repair.py:664: in run_public_repair
    return _run_public_repair_with_resolver(
scripts\ifc_repair\run_phase12_public_structural_repair.py:529: in _run_public_repair_with_resolver
    evaluate_production(
src\text2ifc_ifc_repair\benchmark_evaluation.py:166: in evaluate_production
    return _evaluate(inputs, private_original_path=None, private_mapping={})
           ^^^^^^^^^^^^^^^^^^^^^^^^^^^^^^^^^^^^^^^^^^^^^^^^^^^^^^^^^^^^^^^^^
src\text2ifc_ifc_repair\benchmark_evaluation.py:423: in _evaluate
    l1 = evaluate_independent_l1(
src\text2ifc_ifc_repair\evaluation.py:912: in evaluate_independent_l1
    accelerated = execute_validation_and_diff(
src\text2ifc_ifc_repair\evaluation.py:129: in execute_validation_and_diff
    return _execute_default_accelerated(
src\text2ifc_ifc_repair\evaluation.py:445: in _execute_default_accelerated
    role: executor.submit(
E:\anaconda\Lib\concurrent\futures\process.py:830: in submit
    self._adjust_process_count()
E:\anaconda\Lib\concurrent\futures\process.py:789: in _adjust_process_count
    self._spawn_process()
E:\anaconda\Lib\concurrent\futures\process.py:807: in _spawn_process
    p.start()
E:\anaconda\Lib\multiprocessing\process.py:121: in start
    self._popen = self._Popen(self)
                  ^^^^^^^^^^^^^^^^^
E:\anaconda\Lib\multiprocessing\context.py:337: in _Popen
    return Popen(process_obj)
           ^^^^^^^^^^^^^^^^^^
E:\anaconda\Lib\multiprocessing\popen_spawn_win32.py:46: in __init__
    prep_data = spawn.get_preparation_data(process_obj._name)
                ^^^^^^^^^^^^^^^^^^^^^^^^^^^^^^^^^^^^^^^^^^^^^
E:\anaconda\Lib\multiprocessing\spawn.py:164: in get_preparation_data
    _check_not_importing_main()
E:\anaconda\Lib\multiprocessing\spawn.py:140: in _check_not_importing_main
    raise RuntimeError('''
E   RuntimeError: 
E           An attempt has been made to start a new process before the
E           current process has finished its bootstrapping phase.
E   
E           This probably means that you are not using fork to start your
E           child processes and you have forgotten to use the proper idiom
E           in the main module:
E   
E               if __name__ == '__main__':
E                   freeze_support()
E                   ...
E   
E           The "freeze_support()" line can be omitted if the program
E           is not going to be frozen to produce an executable.
E   
E           To fix this issue, refer to the "Safe importing of main module"
E           section in https://docs.python.org/3/library/multiprocessing.html</error></testcase><testcase classname="tests.ifc_repair.test_phase12_success_cases" name="test_saved_success_cannot_mask_endpoint_error_beyond_five_mm" time="0.002"><error message="failed on setup with &quot;RuntimeError: &#10;        An attempt has been made to start a new process before the&#10;        current process has finished its bootstrapping phase.&#10;&#10;        This probably means that you are not using fork to start your&#10;        child processes and you have forgotten to use the proper idiom&#10;        in the main module:&#10;&#10;            if __name__ == '__main__':&#10;                freeze_support()&#10;                ...&#10;&#10;        The &quot;freeze_support()&quot; line can be omitted if the program&#10;        is not going to be frozen to produce an executable.&#10;&#10;        To fix this issue, refer to the &quot;Safe importing of main module&quot;&#10;        section in https://docs.python.org/3/library/multiprocessing.html&quot;">tests\ifc_repair\test_phase12_success_cases.py:303: in structural_proof_base
    run_public_repair(
scripts\ifc_repair\run_phase12_public_structural_repair.py:664: in run_public_repair
    return _run_public_repair_with_resolver(
scripts\ifc_repair\run_phase12_public_structural_repair.py:529: in _run_public_repair_with_resolver
    evaluate_production(
src\text2ifc_ifc_repair\benchmark_evaluation.py:166: in evaluate_production
    return _evaluate(inputs, private_original_path=None, private_mapping={})
           ^^^^^^^^^^^^^^^^^^^^^^^^^^^^^^^^^^^^^^^^^^^^^^^^^^^^^^^^^^^^^^^^^
src\text2ifc_ifc_repair\benchmark_evaluation.py:423: in _evaluate
    l1 = evaluate_independent_l1(
src\text2ifc_ifc_repair\evaluation.py:912: in evaluate_independent_l1
    accelerated = execute_validation_and_diff(
src\text2ifc_ifc_repair\evaluation.py:129: in execute_validation_and_diff
    return _execute_default_accelerated(
src\text2ifc_ifc_repair\evaluation.py:445: in _execute_default_accelerated
    role: executor.submit(
E:\anaconda\Lib\concurrent\futures\process.py:830: in submit
    self._adjust_process_count()
E:\anaconda\Lib\concurrent\futures\process.py:789: in _adjust_process_count
    self._spawn_process()
E:\anaconda\Lib\concurrent\futures\process.py:807: in _spawn_process
    p.start()
E:\anaconda\Lib\multiprocessing\process.py:121: in start
    self._popen = self._Popen(self)
                  ^^^^^^^^^^^^^^^^^
E:\anaconda\Lib\multiprocessing\context.py:337: in _Popen
    return Popen(process_obj)
           ^^^^^^^^^^^^^^^^^^
E:\anaconda\Lib\multiprocessing\popen_spawn_win32.py:46: in __init__
    prep_data = spawn.get_preparation_data(process_obj._name)
                ^^^^^^^^^^^^^^^^^^^^^^^^^^^^^^^^^^^^^^^^^^^^^
E:\anaconda\Lib\multiprocessing\spawn.py:164: in get_preparation_data
    _check_not_importing_main()
E:\anaconda\Lib\multiprocessing\spawn.py:140: in _check_not_importing_main
    raise RuntimeError('''
E   RuntimeError: 
E           An attempt has been made to start a new process before the
E           current process has finished its bootstrapping phase.
E   
E           This probably means that you are not using fork to start your
E           child processes and you have forgotten to use the proper idiom
E           in the main module:
E   
E               if __name__ == '__main__':
E                   freeze_support()
E                   ...
E   
E           The "freeze_support()" line can be omitted if the program
E           is not going to be frozen to produce an executable.
E   
E           To fix this issue, refer to the "Safe importing of main module"
E           section in https://docs.python.org/3/library/multiprocessing.html</error></testcase><testcase classname="tests.ifc_repair.test_phase12_success_cases" name="test_saved_success_cannot_mask_second_type_relationship" time="0.001"><error message="failed on setup with &quot;RuntimeError: &#10;        An attempt has been made to start a new process before the&#10;        current process has finished its bootstrapping phase.&#10;&#10;        This probably means that you are not using fork to start your&#10;        child processes and you have forgotten to use the proper idiom&#10;        in the main module:&#10;&#10;            if __name__ == '__main__':&#10;                freeze_support()&#10;                ...&#10;&#10;        The &quot;freeze_support()&quot; line can be omitted if the program&#10;        is not going to be frozen to produce an executable.&#10;&#10;        To fix this issue, refer to the &quot;Safe importing of main module&quot;&#10;        section in https://docs.python.org/3/library/multiprocessing.html&quot;">tests\ifc_repair\test_phase12_success_cases.py:303: in structural_proof_base
    run_public_repair(
scripts\ifc_repair\run_phase12_public_structural_repair.py:664: in run_public_repair
    return _run_public_repair_with_resolver(
scripts\ifc_repair\run_phase12_public_structural_repair.py:529: in _run_public_repair_with_resolver
    evaluate_production(
src\text2ifc_ifc_repair\benchmark_evaluation.py:166: in evaluate_production
    return _evaluate(inputs, private_original_path=None, private_mapping={})
           ^^^^^^^^^^^^^^^^^^^^^^^^^^^^^^^^^^^^^^^^^^^^^^^^^^^^^^^^^^^^^^^^^
src\text2ifc_ifc_repair\benchmark_evaluation.py:423: in _evaluate
    l1 = evaluate_independent_l1(
src\text2ifc_ifc_repair\evaluation.py:912: in evaluate_independent_l1
    accelerated = execute_validation_and_diff(
src\text2ifc_ifc_repair\evaluation.py:129: in execute_validation_and_diff
    return _execute_default_accelerated(
src\text2ifc_ifc_repair\evaluation.py:445: in _execute_default_accelerated
    role: executor.submit(
E:\anaconda\Lib\concurrent\futures\process.py:830: in submit
    self._adjust_process_count()
E:\anaconda\Lib\concurrent\futures\process.py:789: in _adjust_process_count
    self._spawn_process()
E:\anaconda\Lib\concurrent\futures\process.py:807: in _spawn_process
    p.start()
E:\anaconda\Lib\multiprocessing\process.py:121: in start
    self._popen = self._Popen(self)
                  ^^^^^^^^^^^^^^^^^
E:\anaconda\Lib\multiprocessing\context.py:337: in _Popen
    return Popen(process_obj)
           ^^^^^^^^^^^^^^^^^^
E:\anaconda\Lib\multiprocessing\popen_spawn_win32.py:46: in __init__
    prep_data = spawn.get_preparation_data(process_obj._name)
                ^^^^^^^^^^^^^^^^^^^^^^^^^^^^^^^^^^^^^^^^^^^^^
E:\anaconda\Lib\multiprocessing\spawn.py:164: in get_preparation_data
    _check_not_importing_main()
E:\anaconda\Lib\multiprocessing\spawn.py:140: in _check_not_importing_main
    raise RuntimeError('''
E   RuntimeError: 
E           An attempt has been made to start a new process before the
E           current process has finished its bootstrapping phase.
E   
E           This probably means that you are not using fork to start your
E           child processes and you have forgotten to use the proper idiom
E           in the main module:
E   
E               if __name__ == '__main__':
E                   freeze_support()
E                   ...
E   
E           The "freeze_support()" line can be omitted if the program
E           is not going to be frozen to produce an executable.
E   
E           To fix this issue, refer to the "Safe importing of main module"
E           section in https://docs.python.org/3/library/multiprocessing.html</error></testcase><testcase classname="tests.ifc_repair.test_phase12_success_cases" name="test_saved_success_cannot_mask_missing_structural_type" time="0.001"><error message="failed on setup with &quot;RuntimeError: &#10;        An attempt has been made to start a new process before the&#10;        current process has finished its bootstrapping phase.&#10;&#10;        This probably means that you are not using fork to start your&#10;        child processes and you have forgotten to use the proper idiom&#10;        in the main module:&#10;&#10;            if __name__ == '__main__':&#10;                freeze_support()&#10;                ...&#10;&#10;        The &quot;freeze_support()&quot; line can be omitted if the program&#10;        is not going to be frozen to produce an executable.&#10;&#10;        To fix this issue, refer to the &quot;Safe importing of main module&quot;&#10;        section in https://docs.python.org/3/library/multiprocessing.html&quot;">tests\ifc_repair\test_phase12_success_cases.py:303: in structural_proof_base
    run_public_repair(
scripts\ifc_repair\run_phase12_public_structural_repair.py:664: in run_public_repair
    return _run_public_repair_with_resolver(
scripts\ifc_repair\run_phase12_public_structural_repair.py:529: in _run_public_repair_with_resolver
    evaluate_production(
src\text2ifc_ifc_repair\benchmark_evaluation.py:166: in evaluate_production
    return _evaluate(inputs, private_original_path=None, private_mapping={})
           ^^^^^^^^^^^^^^^^^^^^^^^^^^^^^^^^^^^^^^^^^^^^^^^^^^^^^^^^^^^^^^^^^
src\text2ifc_ifc_repair\benchmark_evaluation.py:423: in _evaluate
    l1 = evaluate_independent_l1(
src\text2ifc_ifc_repair\evaluation.py:912: in evaluate_independent_l1
    accelerated = execute_validation_and_diff(
src\text2ifc_ifc_repair\evaluation.py:129: in execute_validation_and_diff
    return _execute_default_accelerated(
src\text2ifc_ifc_repair\evaluation.py:445: in _execute_default_accelerated
    role: executor.submit(
E:\anaconda\Lib\concurrent\futures\process.py:830: in submit
    self._adjust_process_count()
E:\anaconda\Lib\concurrent\futures\process.py:789: in _adjust_process_count
    self._spawn_process()
E:\anaconda\Lib\concurrent\futures\process.py:807: in _spawn_process
    p.start()
E:\anaconda\Lib\multiprocessing\process.py:121: in start
    self._popen = self._Popen(self)
                  ^^^^^^^^^^^^^^^^^
E:\anaconda\Lib\multiprocessing\context.py:337: in _Popen
    return Popen(process_obj)
           ^^^^^^^^^^^^^^^^^^
E:\anaconda\Lib\multiprocessing\popen_spawn_win32.py:46: in __init__
    prep_data = spawn.get_preparation_data(process_obj._name)
                ^^^^^^^^^^^^^^^^^^^^^^^^^^^^^^^^^^^^^^^^^^^^^
E:\anaconda\Lib\multiprocessing\spawn.py:164: in get_preparation_data
    _check_not_importing_main()
E:\anaconda\Lib\multiprocessing\spawn.py:140: in _check_not_importing_main
    raise RuntimeError('''
E   RuntimeError: 
E           An attempt has been made to start a new process before the
E           current process has finished its bootstrapping phase.
E   
E           This probably means that you are not using fork to start your
E           child processes and you have forgotten to use the proper idiom
E           in the main module:
E   
E               if __name__ == '__main__':
E                   freeze_support()
E                   ...
E   
E           The "freeze_support()" line can be omitted if the program
E           is not going to be frozen to produce an executable.
E   
E           To fix this issue, refer to the "Safe importing of main module"
E           section in https://docs.python.org/3/library/multiprocessing.html</error></testcase><testcase classname="tests.ifc_repair.test_phase12_success_cases" name="test_saved_success_cannot_mask_partial_atomic_output" time="0.002"><error message="failed on setup with &quot;RuntimeError: &#10;        An attempt has been made to start a new process before the&#10;        current process has finished its bootstrapping phase.&#10;&#10;        This probably means that you are not using fork to start your&#10;        child processes and you have forgotten to use the proper idiom&#10;        in the main module:&#10;&#10;            if __name__ == '__main__':&#10;                freeze_support()&#10;                ...&#10;&#10;        The &quot;freeze_support()&quot; line can be omitted if the program&#10;        is not going to be frozen to produce an executable.&#10;&#10;        To fix this issue, refer to the &quot;Safe importing of main module&quot;&#10;        section in https://docs.python.org/3/library/multiprocessing.html&quot;">tests\ifc_repair\test_phase12_success_cases.py:303: in structural_proof_base
    run_public_repair(
scripts\ifc_repair\run_phase12_public_structural_repair.py:664: in run_public_repair
    return _run_public_repair_with_resolver(
scripts\ifc_repair\run_phase12_public_structural_repair.py:529: in _run_public_repair_with_resolver
    evaluate_production(
src\text2ifc_ifc_repair\benchmark_evaluation.py:166: in evaluate_production
    return _evaluate(inputs, private_original_path=None, private_mapping={})
           ^^^^^^^^^^^^^^^^^^^^^^^^^^^^^^^^^^^^^^^^^^^^^^^^^^^^^^^^^^^^^^^^^
src\text2ifc_ifc_repair\benchmark_evaluation.py:423: in _evaluate
    l1 = evaluate_independent_l1(
src\text2ifc_ifc_repair\evaluation.py:912: in evaluate_independent_l1
    accelerated = execute_validation_and_diff(
src\text2ifc_ifc_repair\evaluation.py:129: in execute_validation_and_diff
    return _execute_default_accelerated(
src\text2ifc_ifc_repair\evaluation.py:445: in _execute_default_accelerated
    role: executor.submit(
E:\anaconda\Lib\concurrent\futures\process.py:830: in submit
    self._adjust_process_count()
E:\anaconda\Lib\concurrent\futures\process.py:789: in _adjust_process_count
    self._spawn_process()
E:\anaconda\Lib\concurrent\futures\process.py:807: in _spawn_process
    p.start()
E:\anaconda\Lib\multiprocessing\process.py:121: in start
    self._popen = self._Popen(self)
                  ^^^^^^^^^^^^^^^^^
E:\anaconda\Lib\multiprocessing\context.py:337: in _Popen
    return Popen(process_obj)
           ^^^^^^^^^^^^^^^^^^
E:\anaconda\Lib\multiprocessing\popen_spawn_win32.py:46: in __init__
    prep_data = spawn.get_preparation_data(process_obj._name)
                ^^^^^^^^^^^^^^^^^^^^^^^^^^^^^^^^^^^^^^^^^^^^^
E:\anaconda\Lib\multiprocessing\spawn.py:164: in get_preparation_data
    _check_not_importing_main()
E:\anaconda\Lib\multiprocessing\spawn.py:140: in _check_not_importing_main
    raise RuntimeError('''
E   RuntimeError: 
E           An attempt has been made to start a new process before the
E           current process has finished its bootstrapping phase.
E   
E           This probably means that you are not using fork to start your
E           child processes and you have forgotten to use the proper idiom
E           in the main module:
E   
E               if __name__ == '__main__':
E                   freeze_support()
E                   ...
E   
E           The "freeze_support()" line can be omitted if the program
E           is not going to be frozen to produce an executable.
E   
E           To fix this issue, refer to the "Safe importing of main module"
E           section in https://docs.python.org/3/library/multiprocessing.html</error></testcase><testcase classname="tests.ifc_repair.test_phase12_success_cases" name="test_saved_success_cannot_mask_requested_pset_semantic_defect" time="0.002"><error message="failed on setup with &quot;RuntimeError: &#10;        An attempt has been made to start a new process before the&#10;        current process has finished its bootstrapping phase.&#10;&#10;        This probably means that you are not using fork to start your&#10;        child processes and you have forgotten to use the proper idiom&#10;        in the main module:&#10;&#10;            if __name__ == '__main__':&#10;                freeze_support()&#10;                ...&#10;&#10;        The &quot;freeze_support()&quot; line can be omitted if the program&#10;        is not going to be frozen to produce an executable.&#10;&#10;        To fix this issue, refer to the &quot;Safe importing of main module&quot;&#10;        section in https://docs.python.org/3/library/multiprocessing.html&quot;">tests\ifc_repair\test_phase12_success_cases.py:303: in structural_proof_base
    run_public_repair(
scripts\ifc_repair\run_phase12_public_structural_repair.py:664: in run_public_repair
    return _run_public_repair_with_resolver(
scripts\ifc_repair\run_phase12_public_structural_repair.py:529: in _run_public_repair_with_resolver
    evaluate_production(
src\text2ifc_ifc_repair\benchmark_evaluation.py:166: in evaluate_production
    return _evaluate(inputs, private_original_path=None, private_mapping={})
           ^^^^^^^^^^^^^^^^^^^^^^^^^^^^^^^^^^^^^^^^^^^^^^^^^^^^^^^^^^^^^^^^^
src\text2ifc_ifc_repair\benchmark_evaluation.py:423: in _evaluate
    l1 = evaluate_independent_l1(
src\text2ifc_ifc_repair\evaluation.py:912: in evaluate_independent_l1
    accelerated = execute_validation_and_diff(
src\text2ifc_ifc_repair\evaluation.py:129: in execute_validation_and_diff
    return _execute_default_accelerated(
src\text2ifc_ifc_repair\evaluation.py:445: in _execute_default_accelerated
    role: executor.submit(
E:\anaconda\Lib\concurrent\futures\process.py:830: in submit
    self._adjust_process_count()
E:\anaconda\Lib\concurrent\futures\process.py:789: in _adjust_process_count
    self._spawn_process()
E:\anaconda\Lib\concurrent\futures\process.py:807: in _spawn_process
    p.start()
E:\anaconda\Lib\multiprocessing\process.py:121: in start
    self._popen = self._Popen(self)
                  ^^^^^^^^^^^^^^^^^
E:\anaconda\Lib\multiprocessing\context.py:337: in _Popen
    return Popen(process_obj)
           ^^^^^^^^^^^^^^^^^^
E:\anaconda\Lib\multiprocessing\popen_spawn_win32.py:46: in __init__
    prep_data = spawn.get_preparation_data(process_obj._name)
                ^^^^^^^^^^^^^^^^^^^^^^^^^^^^^^^^^^^^^^^^^^^^^
E:\anaconda\Lib\multiprocessing\spawn.py:164: in get_preparation_data
    _check_not_importing_main()
E:\anaconda\Lib\multiprocessing\spawn.py:140: in _check_not_importing_main
    raise RuntimeError('''
E   RuntimeError: 
E           An attempt has been made to start a new process before the
E           current process has finished its bootstrapping phase.
E   
E           This probably means that you are not using fork to start your
E           child processes and you have forgotten to use the proper idiom
E           in the main module:
E   
E               if __name__ == '__main__':
E                   freeze_support()
E                   ...
E   
E           The "freeze_support()" line can be omitted if the program
E           is not going to be frozen to produce an executable.
E   
E           To fix this issue, refer to the "Safe importing of main module"
E           section in https://docs.python.org/3/library/multiprocessing.html</error></testcase><testcase classname="tests.ifc_repair.test_phase12_success_cases" name="test_saved_success_cannot_mask_generated_type_contract_defect" time="0.003"><error message="failed on setup with &quot;RuntimeError: &#10;        An attempt has been made to start a new process before the&#10;        current process has finished its bootstrapping phase.&#10;&#10;        This probably means that you are not using fork to start your&#10;        child processes and you have forgotten to use the proper idiom&#10;        in the main module:&#10;&#10;            if __name__ == '__main__':&#10;                freeze_support()&#10;                ...&#10;&#10;        The &quot;freeze_support()&quot; line can be omitted if the program&#10;        is not going to be frozen to produce an executable.&#10;&#10;        To fix this issue, refer to the &quot;Safe importing of main module&quot;&#10;        section in https://docs.python.org/3/library/multiprocessing.html&quot;">tests\ifc_repair\test_phase12_success_cases.py:303: in structural_proof_base
    run_public_repair(
scripts\ifc_repair\run_phase12_public_structural_repair.py:664: in run_public_repair
    return _run_public_repair_with_resolver(
scripts\ifc_repair\run_phase12_public_structural_repair.py:529: in _run_public_repair_with_resolver
    evaluate_production(
src\text2ifc_ifc_repair\benchmark_evaluation.py:166: in evaluate_production
    return _evaluate(inputs, private_original_path=None, private_mapping={})
           ^^^^^^^^^^^^^^^^^^^^^^^^^^^^^^^^^^^^^^^^^^^^^^^^^^^^^^^^^^^^^^^^^
src\text2ifc_ifc_repair\benchmark_evaluation.py:423: in _evaluate
    l1 = evaluate_independent_l1(
src\text2ifc_ifc_repair\evaluation.py:912: in evaluate_independent_l1
    accelerated = execute_validation_and_diff(
src\text2ifc_ifc_repair\evaluation.py:129: in execute_validation_and_diff
    return _execute_default_accelerated(
src\text2ifc_ifc_repair\evaluation.py:445: in _execute_default_accelerated
    role: executor.submit(
E:\anaconda\Lib\concurrent\futures\process.py:830: in submit
    self._adjust_process_count()
E:\anaconda\Lib\concurrent\futures\process.py:789: in _adjust_process_count
    self._spawn_process()
E:\anaconda\Lib\concurrent\futures\process.py:807: in _spawn_process
    p.start()
E:\anaconda\Lib\multiprocessing\process.py:121: in start
    self._popen = self._Popen(self)
                  ^^^^^^^^^^^^^^^^^
E:\anaconda\Lib\multiprocessing\context.py:337: in _Popen
    return Popen(process_obj)
           ^^^^^^^^^^^^^^^^^^
E:\anaconda\Lib\multiprocessing\popen_spawn_win32.py:46: in __init__
    prep_data = spawn.get_preparation_data(process_obj._name)
                ^^^^^^^^^^^^^^^^^^^^^^^^^^^^^^^^^^^^^^^^^^^^^
E:\anaconda\Lib\multiprocessing\spawn.py:164: in get_preparation_data
    _check_not_importing_main()
E:\anaconda\Lib\multiprocessing\spawn.py:140: in _check_not_importing_main
    raise RuntimeError('''
E   RuntimeError: 
E           An attempt has been made to start a new process before the
E           current process has finished its bootstrapping phase.
E   
E           This probably means that you are not using fork to start your
E           child processes and you have forgotten to use the proper idiom
E           in the main module:
E   
E               if __name__ == '__main__':
E                   freeze_support()
E                   ...
E   
E           The "freeze_support()" line can be omitted if the program
E           is not going to be frozen to produce an executable.
E   
E           To fix this issue, refer to the "Safe importing of main module"
E           section in https://docs.python.org/3/library/multiprocessing.html</error></testcase><testcase classname="tests.ifc_repair.test_phase12_success_cases" name="test_missing_or_stale_proof_hash_is_a_specific_blocking_check[&lt;lambda&gt;-proof.hash.required]" time="0.001"><error message="failed on setup with &quot;RuntimeError: &#10;        An attempt has been made to start a new process before the&#10;        current process has finished its bootstrapping phase.&#10;&#10;        This probably means that you are not using fork to start your&#10;        child processes and you have forgotten to use the proper idiom&#10;        in the main module:&#10;&#10;            if __name__ == '__main__':&#10;                freeze_support()&#10;                ...&#10;&#10;        The &quot;freeze_support()&quot; line can be omitted if the program&#10;        is not going to be frozen to produce an executable.&#10;&#10;        To fix this issue, refer to the &quot;Safe importing of main module&quot;&#10;        section in https://docs.python.org/3/library/multiprocessing.html&quot;">tests\ifc_repair\test_phase12_success_cases.py:303: in structural_proof_base
    run_public_repair(
scripts\ifc_repair\run_phase12_public_structural_repair.py:664: in run_public_repair
    return _run_public_repair_with_resolver(
scripts\ifc_repair\run_phase12_public_structural_repair.py:529: in _run_public_repair_with_resolver
    evaluate_production(
src\text2ifc_ifc_repair\benchmark_evaluation.py:166: in evaluate_production
    return _evaluate(inputs, private_original_path=None, private_mapping={})
           ^^^^^^^^^^^^^^^^^^^^^^^^^^^^^^^^^^^^^^^^^^^^^^^^^^^^^^^^^^^^^^^^^
src\text2ifc_ifc_repair\benchmark_evaluation.py:423: in _evaluate
    l1 = evaluate_independent_l1(
src\text2ifc_ifc_repair\evaluation.py:912: in evaluate_independent_l1
    accelerated = execute_validation_and_diff(
src\text2ifc_ifc_repair\evaluation.py:129: in execute_validation_and_diff
    return _execute_default_accelerated(
src\text2ifc_ifc_repair\evaluation.py:445: in _execute_default_accelerated
    role: executor.submit(
E:\anaconda\Lib\concurrent\futures\process.py:830: in submit
    self._adjust_process_count()
E:\anaconda\Lib\concurrent\futures\process.py:789: in _adjust_process_count
    self._spawn_process()
E:\anaconda\Lib\concurrent\futures\process.py:807: in _spawn_process
    p.start()
E:\anaconda\Lib\multiprocessing\process.py:121: in start
    self._popen = self._Popen(self)
                  ^^^^^^^^^^^^^^^^^
E:\anaconda\Lib\multiprocessing\context.py:337: in _Popen
    return Popen(process_obj)
           ^^^^^^^^^^^^^^^^^^
E:\anaconda\Lib\multiprocessing\popen_spawn_win32.py:46: in __init__
    prep_data = spawn.get_preparation_data(process_obj._name)
                ^^^^^^^^^^^^^^^^^^^^^^^^^^^^^^^^^^^^^^^^^^^^^
E:\anaconda\Lib\multiprocessing\spawn.py:164: in get_preparation_data
    _check_not_importing_main()
E:\anaconda\Lib\multiprocessing\spawn.py:140: in _check_not_importing_main
    raise RuntimeError('''
E   RuntimeError: 
E           An attempt has been made to start a new process before the
E           current process has finished its bootstrapping phase.
E   
E           This probably means that you are not using fork to start your
E           child processes and you have forgotten to use the proper idiom
E           in the main module:
E   
E               if __name__ == '__main__':
E                   freeze_support()
E                   ...
E   
E           The "freeze_support()" line can be omitted if the program
E           is not going to be frozen to produce an executable.
E   
E           To fix this issue, refer to the "Safe importing of main module"
E           section in https://docs.python.org/3/library/multiprocessing.html</error></testcase><testcase classname="tests.ifc_repair.test_phase12_success_cases" name="test_missing_or_stale_proof_hash_is_a_specific_blocking_check[&lt;lambda&gt;-proof.hash.sha256]" time="0.001"><error message="failed on setup with &quot;RuntimeError: &#10;        An attempt has been made to start a new process before the&#10;        current process has finished its bootstrapping phase.&#10;&#10;        This probably means that you are not using fork to start your&#10;        child processes and you have forgotten to use the proper idiom&#10;        in the main module:&#10;&#10;            if __name__ == '__main__':&#10;                freeze_support()&#10;                ...&#10;&#10;        The &quot;freeze_support()&quot; line can be omitted if the program&#10;        is not going to be frozen to produce an executable.&#10;&#10;        To fix this issue, refer to the &quot;Safe importing of main module&quot;&#10;        section in https://docs.python.org/3/library/multiprocessing.html&quot;">tests\ifc_repair\test_phase12_success_cases.py:303: in structural_proof_base
    run_public_repair(
scripts\ifc_repair\run_phase12_public_structural_repair.py:664: in run_public_repair
    return _run_public_repair_with_resolver(
scripts\ifc_repair\run_phase12_public_structural_repair.py:529: in _run_public_repair_with_resolver
    evaluate_production(
src\text2ifc_ifc_repair\benchmark_evaluation.py:166: in evaluate_production
    return _evaluate(inputs, private_original_path=None, private_mapping={})
           ^^^^^^^^^^^^^^^^^^^^^^^^^^^^^^^^^^^^^^^^^^^^^^^^^^^^^^^^^^^^^^^^^
src\text2ifc_ifc_repair\benchmark_evaluation.py:423: in _evaluate
    l1 = evaluate_independent_l1(
src\text2ifc_ifc_repair\evaluation.py:912: in evaluate_independent_l1
    accelerated = execute_validation_and_diff(
src\text2ifc_ifc_repair\evaluation.py:129: in execute_validation_and_diff
    return _execute_default_accelerated(
src\text2ifc_ifc_repair\evaluation.py:445: in _execute_default_accelerated
    role: executor.submit(
E:\anaconda\Lib\concurrent\futures\process.py:830: in submit
    self._adjust_process_count()
E:\anaconda\Lib\concurrent\futures\process.py:789: in _adjust_process_count
    self._spawn_process()
E:\anaconda\Lib\concurrent\futures\process.py:807: in _spawn_process
    p.start()
E:\anaconda\Lib\multiprocessing\process.py:121: in start
    self._popen = self._Popen(self)
                  ^^^^^^^^^^^^^^^^^
E:\anaconda\Lib\multiprocessing\context.py:337: in _Popen
    return Popen(process_obj)
           ^^^^^^^^^^^^^^^^^^
E:\anaconda\Lib\multiprocessing\popen_spawn_win32.py:46: in __init__
    prep_data = spawn.get_preparation_data(process_obj._name)
                ^^^^^^^^^^^^^^^^^^^^^^^^^^^^^^^^^^^^^^^^^^^^^
E:\anaconda\Lib\multiprocessing\spawn.py:164: in get_preparation_data
    _check_not_importing_main()
E:\anaconda\Lib\multiprocessing\spawn.py:140: in _check_not_importing_main
    raise RuntimeError('''
E   RuntimeError: 
E           An attempt has been made to start a new process before the
E           current process has finished its bootstrapping phase.
E   
E           This probably means that you are not using fork to start your
E           child processes and you have forgotten to use the proper idiom
E           in the main module:
E   
E               if __name__ == '__main__':
E                   freeze_support()
E                   ...
E   
E           The "freeze_support()" line can be omitted if the program
E           is not going to be frozen to produce an executable.
E   
E           To fix this issue, refer to the "Safe importing of main module"
E           section in https://docs.python.org/3/library/multiprocessing.html</error></testcase><testcase classname="tests.ifc_repair.test_phase12_success_cases" name="test_indexed_structural_proof_artifact_cannot_be_missing" time="0.002"><error message="failed on setup with &quot;RuntimeError: &#10;        An attempt has been made to start a new process before the&#10;        current process has finished its bootstrapping phase.&#10;&#10;        This probably means that you are not using fork to start your&#10;        child processes and you have forgotten to use the proper idiom&#10;        in the main module:&#10;&#10;            if __name__ == '__main__':&#10;                freeze_support()&#10;                ...&#10;&#10;        The &quot;freeze_support()&quot; line can be omitted if the program&#10;        is not going to be frozen to produce an executable.&#10;&#10;        To fix this issue, refer to the &quot;Safe importing of main module&quot;&#10;        section in https://docs.python.org/3/library/multiprocessing.html&quot;">tests\ifc_repair\test_phase12_success_cases.py:303: in structural_proof_base
    run_public_repair(
scripts\ifc_repair\run_phase12_public_structural_repair.py:664: in run_public_repair
    return _run_public_repair_with_resolver(
scripts\ifc_repair\run_phase12_public_structural_repair.py:529: in _run_public_repair_with_resolver
    evaluate_production(
src\text2ifc_ifc_repair\benchmark_evaluation.py:166: in evaluate_production
    return _evaluate(inputs, private_original_path=None, private_mapping={})
           ^^^^^^^^^^^^^^^^^^^^^^^^^^^^^^^^^^^^^^^^^^^^^^^^^^^^^^^^^^^^^^^^^
src\text2ifc_ifc_repair\benchmark_evaluation.py:423: in _evaluate
    l1 = evaluate_independent_l1(
src\text2ifc_ifc_repair\evaluation.py:912: in evaluate_independent_l1
    accelerated = execute_validation_and_diff(
src\text2ifc_ifc_repair\evaluation.py:129: in execute_validation_and_diff
    return _execute_default_accelerated(
src\text2ifc_ifc_repair\evaluation.py:445: in _execute_default_accelerated
    role: executor.submit(
E:\anaconda\Lib\concurrent\futures\process.py:830: in submit
    self._adjust_process_count()
E:\anaconda\Lib\concurrent\futures\process.py:789: in _adjust_process_count
    self._spawn_process()
E:\anaconda\Lib\concurrent\futures\process.py:807: in _spawn_process
    p.start()
E:\anaconda\Lib\multiprocessing\process.py:121: in start
    self._popen = self._Popen(self)
                  ^^^^^^^^^^^^^^^^^
E:\anaconda\Lib\multiprocessing\context.py:337: in _Popen
    return Popen(process_obj)
           ^^^^^^^^^^^^^^^^^^
E:\anaconda\Lib\multiprocessing\popen_spawn_win32.py:46: in __init__
    prep_data = spawn.get_preparation_data(process_obj._name)
                ^^^^^^^^^^^^^^^^^^^^^^^^^^^^^^^^^^^^^^^^^^^^^
E:\anaconda\Lib\multiprocessing\spawn.py:164: in get_preparation_data
    _check_not_importing_main()
E:\anaconda\Lib\multiprocessing\spawn.py:140: in _check_not_importing_main
    raise RuntimeError('''
E   RuntimeError: 
E           An attempt has been made to start a new process before the
E           current process has finished its bootstrapping phase.
E   
E           This probably means that you are not using fork to start your
E           child processes and you have forgotten to use the proper idiom
E           in the main module:
E   
E               if __name__ == '__main__':
E                   freeze_support()
E                   ...
E   
E           The "freeze_support()" line can be omitted if the program
E           is not going to be frozen to produce an executable.
E   
E           To fix this issue, refer to the "Safe importing of main module"
E           section in https://docs.python.org/3/library/multiprocessing.html</error></testcase><testcase classname="tests.ifc_repair.test_phase12_success_cases" name="test_rehashed_request_cannot_spoof_bound_structural_provenance" time="0.002"><error message="failed on setup with &quot;RuntimeError: &#10;        An attempt has been made to start a new process before the&#10;        current process has finished its bootstrapping phase.&#10;&#10;        This probably means that you are not using fork to start your&#10;        child processes and you have forgotten to use the proper idiom&#10;        in the main module:&#10;&#10;            if __name__ == '__main__':&#10;                freeze_support()&#10;                ...&#10;&#10;        The &quot;freeze_support()&quot; line can be omitted if the program&#10;        is not going to be frozen to produce an executable.&#10;&#10;        To fix this issue, refer to the &quot;Safe importing of main module&quot;&#10;        section in https://docs.python.org/3/library/multiprocessing.html&quot;">tests\ifc_repair\test_phase12_success_cases.py:303: in structural_proof_base
    run_public_repair(
scripts\ifc_repair\run_phase12_public_structural_repair.py:664: in run_public_repair
    return _run_public_repair_with_resolver(
scripts\ifc_repair\run_phase12_public_structural_repair.py:529: in _run_public_repair_with_resolver
    evaluate_production(
src\text2ifc_ifc_repair\benchmark_evaluation.py:166: in evaluate_production
    return _evaluate(inputs, private_original_path=None, private_mapping={})
           ^^^^^^^^^^^^^^^^^^^^^^^^^^^^^^^^^^^^^^^^^^^^^^^^^^^^^^^^^^^^^^^^^
src\text2ifc_ifc_repair\benchmark_evaluation.py:423: in _evaluate
    l1 = evaluate_independent_l1(
src\text2ifc_ifc_repair\evaluation.py:912: in evaluate_independent_l1
    accelerated = execute_validation_and_diff(
src\text2ifc_ifc_repair\evaluation.py:129: in execute_validation_and_diff
    return _execute_default_accelerated(
src\text2ifc_ifc_repair\evaluation.py:445: in _execute_default_accelerated
    role: executor.submit(
E:\anaconda\Lib\concurrent\futures\process.py:830: in submit
    self._adjust_process_count()
E:\anaconda\Lib\concurrent\futures\process.py:789: in _adjust_process_count
    self._spawn_process()
E:\anaconda\Lib\concurrent\futures\process.py:807: in _spawn_process
    p.start()
E:\anaconda\Lib\multiprocessing\process.py:121: in start
    self._popen = self._Popen(self)
                  ^^^^^^^^^^^^^^^^^
E:\anaconda\Lib\multiprocessing\context.py:337: in _Popen
    return Popen(process_obj)
           ^^^^^^^^^^^^^^^^^^
E:\anaconda\Lib\multiprocessing\popen_spawn_win32.py:46: in __init__
    prep_data = spawn.get_preparation_data(process_obj._name)
                ^^^^^^^^^^^^^^^^^^^^^^^^^^^^^^^^^^^^^^^^^^^^^
E:\anaconda\Lib\multiprocessing\spawn.py:164: in get_preparation_data
    _check_not_importing_main()
E:\anaconda\Lib\multiprocessing\spawn.py:140: in _check_not_importing_main
    raise RuntimeError('''
E   RuntimeError: 
E           An attempt has been made to start a new process before the
E           current process has finished its bootstrapping phase.
E   
E           This probably means that you are not using fork to start your
E           child processes and you have forgotten to use the proper idiom
E           in the main module:
E   
E               if __name__ == '__main__':
E                   freeze_support()
E                   ...
E   
E           The "freeze_support()" line can be omitted if the program
E           is not going to be frozen to produce an executable.
E   
E           To fix this issue, refer to the "Safe importing of main module"
E           section in https://docs.python.org/3/library/multiprocessing.html</error></testcase><testcase classname="tests.ifc_repair.test_phase12_success_cases" name="test_rehashed_intent_cannot_spoof_bound_structural_operation_identity" time="0.001"><error message="failed on setup with &quot;RuntimeError: &#10;        An attempt has been made to start a new process before the&#10;        current process has finished its bootstrapping phase.&#10;&#10;        This probably means that you are not using fork to start your&#10;        child processes and you have forgotten to use the proper idiom&#10;        in the main module:&#10;&#10;            if __name__ == '__main__':&#10;                freeze_support()&#10;                ...&#10;&#10;        The &quot;freeze_support()&quot; line can be omitted if the program&#10;        is not going to be frozen to produce an executable.&#10;&#10;        To fix this issue, refer to the &quot;Safe importing of main module&quot;&#10;        section in https://docs.python.org/3/library/multiprocessing.html&quot;">tests\ifc_repair\test_phase12_success_cases.py:303: in structural_proof_base
    run_public_repair(
scripts\ifc_repair\run_phase12_public_structural_repair.py:664: in run_public_repair
    return _run_public_repair_with_resolver(
scripts\ifc_repair\run_phase12_public_structural_repair.py:529: in _run_public_repair_with_resolver
    evaluate_production(
src\text2ifc_ifc_repair\benchmark_evaluation.py:166: in evaluate_production
    return _evaluate(inputs, private_original_path=None, private_mapping={})
           ^^^^^^^^^^^^^^^^^^^^^^^^^^^^^^^^^^^^^^^^^^^^^^^^^^^^^^^^^^^^^^^^^
src\text2ifc_ifc_repair\benchmark_evaluation.py:423: in _evaluate
    l1 = evaluate_independent_l1(
src\text2ifc_ifc_repair\evaluation.py:912: in evaluate_independent_l1
    accelerated = execute_validation_and_diff(
src\text2ifc_ifc_repair\evaluation.py:129: in execute_validation_and_diff
    return _execute_default_accelerated(
src\text2ifc_ifc_repair\evaluation.py:445: in _execute_default_accelerated
    role: executor.submit(
E:\anaconda\Lib\concurrent\futures\process.py:830: in submit
    self._adjust_process_count()
E:\anaconda\Lib\concurrent\futures\process.py:789: in _adjust_process_count
    self._spawn_process()
E:\anaconda\Lib\concurrent\futures\process.py:807: in _spawn_process
    p.start()
E:\anaconda\Lib\multiprocessing\process.py:121: in start
    self._popen = self._Popen(self)
                  ^^^^^^^^^^^^^^^^^
E:\anaconda\Lib\multiprocessing\context.py:337: in _Popen
    return Popen(process_obj)
           ^^^^^^^^^^^^^^^^^^
E:\anaconda\Lib\multiprocessing\popen_spawn_win32.py:46: in __init__
    prep_data = spawn.get_preparation_data(process_obj._name)
                ^^^^^^^^^^^^^^^^^^^^^^^^^^^^^^^^^^^^^^^^^^^^^
E:\anaconda\Lib\multiprocessing\spawn.py:164: in get_preparation_data
    _check_not_importing_main()
E:\anaconda\Lib\multiprocessing\spawn.py:140: in _check_not_importing_main
    raise RuntimeError('''
E   RuntimeError: 
[...]
E:\anaconda\Lib\multiprocessing\spawn.py:164: in get_preparation_data
    _check_not_importing_main()
E:\anaconda\Lib\multiprocessing\spawn.py:140: in _check_not_importing_main
    raise RuntimeError('''
E   RuntimeError: 
E           An attempt has been made to start a new process before the
E           current process has finished its bootstrapping phase.
E   
E           This probably means that you are not using fork to start your
E           child processes and you have forgotten to use the proper idiom
E           in the main module:
E   
E               if __name__ == '__main__':
E                   freeze_support()
E                   ...
E   
E           The "freeze_support()" line can be omitted if the program
E           is not going to be frozen to produce an executable.
E   
E           To fix this issue, refer to the "Safe importing of main module"
E           section in https://docs.python.org/3/library/multiprocessing.html</failure></testcase><testcase classname="tests.ifc_repair.test_validation_acceleration" name="test_accelerated_reopen_loads_the_independent_pair_concurrently" time="0.070" /><testcase classname="tests.ifc_repair.test_validation_acceleration" name="test_worker_exception_fails_closed" time="0.039" /><testcase classname="tests.ifc_repair.test_validation_acceleration" name="test_deadline_timeout_fails_closed" time="0.055" /><testcase classname="tests.ifc_repair.test_validation_acceleration" name="test_missing_worker_result_fails_closed" time="0.033" /><testcase classname="tests.ifc_repair.test_validation_acceleration" name="test_rss_limit_failure_suppresses_results" time="0.035" /><testcase classname="tests.ifc_repair.test_validation_acceleration" name="test_accelerated_rss_ignores_unrelated_parent_lifetime_peak" time="0.042"><failure message="RuntimeError: &#10;        An attempt has been made to start a new process before the&#10;        current process has finished its bootstrapping phase.&#10;&#10;        This probably means that you are not using fork to start your&#10;        child processes and you have forgotten to use the proper idiom&#10;        in the main module:&#10;&#10;            if __name__ == '__main__':&#10;                freeze_support()&#10;                ...&#10;&#10;        The &quot;freeze_support()&quot; line can be omitted if the program&#10;        is not going to be frozen to produce an executable.&#10;&#10;        To fix this issue, refer to the &quot;Safe importing of main module&quot;&#10;        section in https://docs.python.org/3/library/multiprocessing.html">tests\ifc_repair\test_validation_acceleration.py:228: in test_accelerated_rss_ignores_unrelated_parent_lifetime_peak
    result = _run(tmp_path, mode="accelerated")
             ^^^^^^^^^^^^^^^^^^^^^^^^^^^^^^^^^^
tests\ifc_repair\test_validation_acceleration.py:54: in _run
    return execute_validation_and_diff(
src\text2ifc_ifc_repair\evaluation.py:129: in execute_validation_and_diff
    return _execute_default_accelerated(
src\text2ifc_ifc_repair\evaluation.py:445: in _execute_default_accelerated
    role: executor.submit(
E:\anaconda\Lib\concurrent\futures\process.py:830: in submit
    self._adjust_process_count()
E:\anaconda\Lib\concurrent\futures\process.py:789: in _adjust_process_count
    self._spawn_process()
E:\anaconda\Lib\concurrent\futures\process.py:807: in _spawn_process
    p.start()
E:\anaconda\Lib\multiprocessing\process.py:121: in start
    self._popen = self._Popen(self)
                  ^^^^^^^^^^^^^^^^^
E:\anaconda\Lib\multiprocessing\context.py:337: in _Popen
    return Popen(process_obj)
           ^^^^^^^^^^^^^^^^^^
E:\anaconda\Lib\multiprocessing\popen_spawn_win32.py:46: in __init__
    prep_data = spawn.get_preparation_data(process_obj._name)
                ^^^^^^^^^^^^^^^^^^^^^^^^^^^^^^^^^^^^^^^^^^^^^
E:\anaconda\Lib\multiprocessing\spawn.py:164: in get_preparation_data
    _check_not_importing_main()
E:\anaconda\Lib\multiprocessing\spawn.py:140: in _check_not_importing_main
    raise RuntimeError('''
E   RuntimeError: 
E           An attempt has been made to start a new process before the
E           current process has finished its bootstrapping phase.
E   
E           This probably means that you are not using fork to start your
E           child processes and you have forgotten to use the proper idiom
E           in the main module:
E   
E               if __name__ == '__main__':
E                   freeze_support()
E                   ...
E   
E           The "freeze_support()" line can be omitted if the program
E           is not going to be frozen to produce an executable.
E   
E           To fix this issue, refer to the "Safe importing of main module"
E           section in https://docs.python.org/3/library/multiprocessing.html</failure></testcase><testcase classname="tests.ifc_repair.test_validation_acceleration" name="test_accelerated_rss_peak_respects_nonoverlapping_phases" time="0.033" /><testcase classname="tests.ifc_repair.test_validation_acceleration" name="test_accelerated_current_rss_limit_violation_still_fails_closed" time="0.036"><failure message="RuntimeError: &#10;        An attempt has been made to start a new process before the&#10;        current process has finished its bootstrapping phase.&#10;&#10;        This probably means that you are not using fork to start your&#10;        child processes and you have forgotten to use the proper idiom&#10;        in the main module:&#10;&#10;            if __name__ == '__main__':&#10;                freeze_support()&#10;                ...&#10;&#10;        The &quot;freeze_support()&quot; line can be omitted if the program&#10;        is not going to be frozen to produce an executable.&#10;&#10;        To fix this issue, refer to the &quot;Safe importing of main module&quot;&#10;        section in https://docs.python.org/3/library/multiprocessing.html">tests\ifc_repair\test_validation_acceleration.py:305: in test_accelerated_current_rss_limit_violation_still_fails_closed
    result = _run(
tests\ifc_repair\test_validation_acceleration.py:54: in _run
    return execute_validation_and_diff(
src\text2ifc_ifc_repair\evaluation.py:129: in execute_validation_and_diff
    return _execute_default_accelerated(
src\text2ifc_ifc_repair\evaluation.py:445: in _execute_default_accelerated
    role: executor.submit(
E:\anaconda\Lib\concurrent\futures\process.py:830: in submit
    self._adjust_process_count()
E:\anaconda\Lib\concurrent\futures\process.py:789: in _adjust_process_count
    self._spawn_process()
E:\anaconda\Lib\concurrent\futures\process.py:807: in _spawn_process
    p.start()
E:\anaconda\Lib\multiprocessing\process.py:121: in start
    self._popen = self._Popen(self)
                  ^^^^^^^^^^^^^^^^^
E:\anaconda\Lib\multiprocessing\context.py:337: in _Popen
    return Popen(process_obj)
           ^^^^^^^^^^^^^^^^^^
E:\anaconda\Lib\multiprocessing\popen_spawn_win32.py:46: in __init__
    prep_data = spawn.get_preparation_data(process_obj._name)
                ^^^^^^^^^^^^^^^^^^^^^^^^^^^^^^^^^^^^^^^^^^^^^
E:\anaconda\Lib\multiprocessing\spawn.py:164: in get_preparation_data
    _check_not_importing_main()
E:\anaconda\Lib\multiprocessing\spawn.py:140: in _check_not_importing_main
    raise RuntimeError('''
E   RuntimeError: 
E           An attempt has been made to start a new process before the
E           current process has finished its bootstrapping phase.
E   
E           This probably means that you are not using fork to start your
E           child processes and you have forgotten to use the proper idiom
E           in the main module:
E   
E               if __name__ == '__main__':
E                   freeze_support()
E                   ...
E   
E           The "freeze_support()" line can be omitted if the program
E           is not going to be frozen to produce an executable.
E   
E           To fix this issue, refer to the "Safe importing of main module"
E           section in https://docs.python.org/3/library/multiprocessing.html</failure></testcase><testcase classname="tests.ifc_repair.test_validation_acceleration" name="test_evaluate_production_uses_green_accelerated_scheduler" time="0.494"><failure message="RuntimeError: &#10;        An attempt has been made to start a new process before the&#10;        current process has finished its bootstrapping phase.&#10;&#10;        This probably means that you are not using fork to start your&#10;        child processes and you have forgotten to use the proper idiom&#10;        in the main module:&#10;&#10;            if __name__ == '__main__':&#10;                freeze_support()&#10;                ...&#10;&#10;        The &quot;freeze_support()&quot; line can be omitted if the program&#10;        is not going to be frozen to produce an executable.&#10;&#10;        To fix this issue, refer to the &quot;Safe importing of main module&quot;&#10;        section in https://docs.python.org/3/library/multiprocessing.html">tests\ifc_repair\test_validation_acceleration.py:353: in test_evaluate_production_uses_green_accelerated_scheduler
    evaluate_production(
src\text2ifc_ifc_repair\benchmark_evaluation.py:166: in evaluate_production
    return _evaluate(inputs, private_original_path=None, private_mapping={})
           ^^^^^^^^^^^^^^^^^^^^^^^^^^^^^^^^^^^^^^^^^^^^^^^^^^^^^^^^^^^^^^^^^
src\text2ifc_ifc_repair\benchmark_evaluation.py:423: in _evaluate
    l1 = evaluate_independent_l1(
src\text2ifc_ifc_repair\evaluation.py:912: in evaluate_independent_l1
    accelerated = execute_validation_and_diff(
tests\ifc_repair\test_validation_acceleration.py:330: in record_execute
    result = real_execute(**kwargs)
             ^^^^^^^^^^^^^^^^^^^^^^
src\text2ifc_ifc_repair\evaluation.py:129: in execute_validation_and_diff
    return _execute_default_accelerated(
src\text2ifc_ifc_repair\evaluation.py:445: in _execute_default_accelerated
    role: executor.submit(
E:\anaconda\Lib\concurrent\futures\process.py:830: in submit
    self._adjust_process_count()
E:\anaconda\Lib\concurrent\futures\process.py:789: in _adjust_process_count
    self._spawn_process()
E:\anaconda\Lib\concurrent\futures\process.py:807: in _spawn_process
    p.start()
E:\anaconda\Lib\multiprocessing\process.py:121: in start
    self._popen = self._Popen(self)
                  ^^^^^^^^^^^^^^^^^
E:\anaconda\Lib\multiprocessing\context.py:337: in _Popen
    return Popen(process_obj)
           ^^^^^^^^^^^^^^^^^^
E:\anaconda\Lib\multiprocessing\popen_spawn_win32.py:46: in __init__
    prep_data = spawn.get_preparation_data(process_obj._name)
                ^^^^^^^^^^^^^^^^^^^^^^^^^^^^^^^^^^^^^^^^^^^^^
E:\anaconda\Lib\multiprocessing\spawn.py:164: in get_preparation_data
    _check_not_importing_main()
E:\anaconda\Lib\multiprocessing\spawn.py:140: in _check_not_importing_main
    raise RuntimeError('''
E   RuntimeError: 
E           An attempt has been made to start a new process before the
E           current process has finished its bootstrapping phase.
E   
E           This probably means that you are not using fork to start your
E           child processes and you have forgotten to use the proper idiom
E           in the main module:
E   
E               if __name__ == '__main__':
E                   freeze_support()
E                   ...
E   
E           The "freeze_support()" line can be omitted if the program
E           is not going to be frozen to produce an executable.
E   
E           To fix this issue, refer to the "Safe importing of main module"
E           section in https://docs.python.org/3/library/multiprocessing.html</failure></testcase><testcase classname="tests.ifc_repair.test_validation_acceleration" name="test_policy_rejects_more_than_two_workers" time="0.002" /><testcase classname="tests.knowledge.test_property_search" name="test_standard_records_cover_full_registry_and_authoring_boundary" time="0.354" /><testcase classname="tests.knowledge.test_property_search" name="test_property_store_reuses_matching_corpus_and_rebuilds_on_drift" time="0.384" /><testcase classname="tests.knowledge.test_property_search" name="test_exact_and_reviewed_alias_resolve_without_vector_authority" time="0.276" /><testcase classname="tests.knowledge.test_property_search" name="test_keyword_vector_consensus_resolves_but_vector_only_does_not" time="0.436" /><testcase classname="tests.knowledge.test_property_search" name="test_custom_project_candidate_always_requires_confirmation" time="0.287" /><testcase classname="tests.knowledge.test_property_search" name="test_project_records_aggregate_metadata_without_embedding_values" time="0.001" /><testcase classname="tests.knowledge.test_property_search" name="test_project_store_reuses_records_by_source_ifc_hash" time="0.067" /><testcase classname="tests.knowledge.test_property_search" name="test_chinese_length_units_normalize_to_project_units" time="0.001" /><testcase classname="tests.knowledge.test_property_search" name="test_unsupported_measure_family_cannot_be_normalized_for_authoring" time="0.001" /><testcase classname="tests.knowledge.test_property_search" name="test_plane_angle_measure_uses_project_unit_and_rejects_explicit_conversion" time="0.002" /><testcase classname="tests.knowledge.test_property_vector_runtime" name="test_bge_embedding_provider_releases_only_loaded_transient_model" time="0.079" /><testcase classname="tests.knowledge.test_property_vector_runtime" name="test_local_embedding_native_bootstrap_loads_msvc_before_torch" time="0.002" /><testcase classname="tests.knowledge.test_property_vector_runtime" name="test_property_runtime_warmup_exercises_embedding_before_live_use" time="0.313" /><testcase classname="tests.knowledge.test_property_vector_runtime" name="test_active_runtime_module_is_additive_and_non_executable" time="0.001" /><testcase classname="tests.knowledge.test_property_vector_runtime" name="test_class_applicable_scalar_filter_precedes_vector_topk[IfcWindow-external property-Pset_WindowCommon.IsExternal]" time="0.320" /><testcase classname="tests.knowledge.test_property_vector_runtime" name="test_class_applicable_scalar_filter_precedes_vector_topk[IfcDoor-automatic close-Pset_DoorCommon.SelfClosing]" time="0.455" /><testcase classname="tests.knowledge.test_property_vector_runtime" name="test_class_applicable_scalar_filter_precedes_vector_topk[IfcWall-external property-Pset_WallCommon.IsExternal]" time="0.363" /><testcase classname="tests.knowledge.test_property_vector_runtime" name="test_class_applicable_scalar_filter_precedes_vector_topk[IfcWallStandardCase-external property-Pset_WallCommon.IsExternal]" time="0.342" /><testcase classname="tests.knowledge.test_property_vector_runtime" name="test_class_applicable_scalar_filter_precedes_vector_topk[IfcBeam-load property-Pset_BeamCommon.LoadBearing]" time="0.454" /><testcase classname="tests.knowledge.test_property_vector_runtime" name="test_class_applicable_scalar_filter_precedes_vector_topk[IfcColumn-load property-Pset_ColumnCommon.LoadBearing]" time="0.317" /><testcase classname="tests.knowledge.test_property_vector_runtime" name="test_beam_slope_plane_angle_is_active_and_retrievable" time="0.647" /><testcase classname="tests.knowledge.test_property_vector_runtime" name="test_vector_storage_version_binds_the_active_record_set" time="0.264" /><testcase classname="tests.knowledge.test_property_vector_runtime" name="test_query_candidate_and_health_documents_are_closed_public_and_stable" time="0.333" /><testcase classname="tests.knowledge.test_property_vector_runtime" name="test_historical_alias_loader_cannot_change_active_result" time="0.473" /><testcase classname="tests.knowledge.test_property_vector_runtime" name="test_post_search_ineligible_id_fails_closed" time="0.297" /><testcase classname="tests.knowledge.test_property_vector_runtime" name="test_type_owned_scope_has_no_eligible_candidates" time="0.467" /><testcase classname="tests.knowledge.test_property_vector_runtime" name="test_incompatible_value_does_not_remove_property_before_vector_retrieval[p12w04-IfcWindow-\u7a97\u7684\u9632\u706b\u7b49\u7ea7-True-Pset_WindowCommon.FireRating]" time="0.346" /><testcase classname="tests.knowledge.test_property_vector_runtime" name="test_incompatible_value_does_not_remove_property_before_vector_retrieval[p12d04-IfcDoor-door fire rating-True-Pset_DoorCommon.FireRating]" time="0.366" /><testcase classname="tests.knowledge.test_property_vector_runtime" name="test_incompatible_value_does_not_remove_property_before_vector_retrieval[p12c04-IfcColumn-column load bearing-yes-Pset_ColumnCommon.LoadBearing]" time="0.438" /><testcase classname="tests.knowledge.test_property_vector_runtime" name="test_incompatible_value_does_not_remove_property_before_vector_retrieval[p12b04-IfcBeam-beam reference code-42-Pset_BeamCommon.Reference]" time="0.305" /><testcase classname="tests.knowledge.test_property_vector_runtime" name="test_incompatible_value_does_not_remove_property_before_vector_retrieval[p12m04-IfcWall-wall acoustic performance flag-True-Pset_WallCommon.AcousticRating]" time="0.297" /><testcase classname="tests.knowledge.test_property_vector_runtime" name="test_invalid_policy_is_rejected_before_index_build" time="0.369" /><testcase classname="tests.knowledge.test_property_vector_runtime" name="test_production_default_is_not_ready_before_calibrated_policy" time="0.025" /><testcase classname="tests.knowledge.test_property_vector_runtime" name="test_missing_bge_and_qdrant_have_distinct_pre_provider_reasons" time="0.021" /><testcase classname="tests.knowledge.test_property_vector_runtime" name="test_production_runtime_config_resolves_repo_local_assets_without_download" time="0.052" /><testcase classname="tests.knowledge.test_property_vector_runtime" name="test_production_runtime_config_resolves_relative_environment_overrides" time="0.037" /><testcase classname="tests.knowledge.test_property_vector_runtime" name="test_environment_runtime_factory_forwards_one_resolved_production_config" time="0.044" /><testcase classname="tests.knowledge.test_property_vector_runtime" name="test_runtime_config_rejects_ambiguous_qdrant_location" time="0.021" /><testcase classname="tests.knowledge.test_property_vector_runtime" name="test_windows_bge_loader_preloads_system_msvc_runtime" time="0.034" /><testcase classname="tests.knowledge.test_property_vector_runtime" name="test_non_windows_bge_loader_does_not_load_dlls" time="0.003" /><testcase classname="tests.knowledge.test_property_vector_runtime" name="test_bge_identity_uses_configured_version_without_reading_weight_bytes" time="0.025" /><testcase classname="tests.knowledge.test_property_vector_runtime" name="test_public_repair_api_loads_before_torch_in_fresh_process" time="13.183" /><testcase classname="tests.knowledge.test_property_vector_runtime" name="test_qdrant_collection_build_reuse_version_change_and_allowed_filter" time="10.136" /><testcase classname="tests.ifc_repair.test_apply_transaction" name="test_transaction_publishes_only_after_reopen_and_postconditions" time="5.950" /><testcase classname="tests.ifc_repair.test_apply_transaction" name="test_transaction_failure_leaves_no_repaired_artifact" time="3.182" /><testcase classname="tests.ifc_repair.test_phase10_publication" name="test_any_terminal_gate_failure_omits_successful_ifc[False-True-True-True]" time="0.178" /><testcase classname="tests.ifc_repair.test_phase10_publication" name="test_any_terminal_gate_failure_omits_successful_ifc[True-False-True-True]" time="0.172" /><testcase classname="tests.ifc_repair.test_phase10_publication" name="test_any_terminal_gate_failure_omits_successful_ifc[True-True-False-True]" time="0.160" /><testcase classname="tests.ifc_repair.test_phase10_publication" name="test_any_terminal_gate_failure_omits_successful_ifc[True-True-True-False]" time="0.202" /><testcase classname="tests.ifc_repair.test_phase10_1_publication" name="test_requested_property_l2_failure_never_exposes_successful_ifc" time="0.221" /></testsuite></testsuites>