<?xml version="1.0" encoding="utf-8"?><testsuites name="pytest tests"><testsuite name="pytest" errors="0" failures="1" skipped="0" tests="113" time="41.503" timestamp="2026-09-05T14:43:28.055638+08:00" hostname="what-do-matter"><testcase classname="tests.ifc_repair.test_semantic_bundle_claim_propagation" name="test_bundle_claims_are_inlined_into_operations" time="0.179" /><testcase classname="tests.ifc_repair.test_semantic_bundle_claim_propagation" name="test_operation_local_claims_override_bundle_slots" time="0.117" /><testcase classname="tests.ifc_repair.test_semantic_bundle_claim_propagation" name="test_natural_language_bundle_claims_route_property_runtime" time="0.136" /><testcase classname="tests.ifc_repair.test_semantic_bundle_claim_propagation" name="test_unknown_bundle_reference_fails_closed" time="0.163" /><testcase classname="tests.ifc_repair.test_semantic_bundle_claim_propagation" name="test_bundle_claims_reach_production_evidence_matching" time="0.159" /><testcase classname="tests.ifc_repair.test_draft_authority_set_semantics" name="test_reordered_scope_target_ids_bind" time="1.634" /><testcase classname="tests.ifc_repair.test_draft_authority_set_semantics" name="test_reordered_evidence_refs_bind" time="0.794" /><testcase classname="tests.ifc_repair.test_draft_authority_set_semantics" name="test_reordered_operation_evidence_refs_bind" time="0.689" /><testcase classname="tests.ifc_repair.test_draft_authority_set_semantics" name="test_reordered_forbidden_ids_bind" time="0.001" /><testcase classname="tests.ifc_repair.test_draft_authority_set_semantics" name="test_identifier_drift_still_fails_closed[scope-extra-target-&lt;lambda&gt;-DRAFT_AUTHORITY_SCOPE_MISMATCH]" time="0.783" /><testcase classname="tests.ifc_repair.test_draft_authority_set_semantics" name="test_identifier_drift_still_fails_closed[scope-missing-target-&lt;lambda&gt;-DRAFT_AUTHORITY_SCOPE_MISMATCH]" time="0.760" /><testcase classname="tests.ifc_repair.test_draft_authority_set_semantics" name="test_identifier_drift_still_fails_closed[scope-duplicate-target-&lt;lambda&gt;-DRAFT_SCHEMA_VALIDATION_ERROR]" time="0.690" /><testcase classname="tests.ifc_repair.test_draft_authority_set_semantics" name="test_identifier_drift_still_fails_closed[evidence-extra-ref-&lt;lambda&gt;-DRAFT_AUTHORITY_EVIDENCE_MISMATCH]" time="0.716" /><testcase classname="tests.ifc_repair.test_draft_authority_set_semantics" name="test_identifier_drift_still_fails_closed[evidence-missing-ref-&lt;lambda&gt;-DRAFT_AUTHORITY_EVIDENCE_MISMATCH]" time="0.604" /><testcase classname="tests.ifc_repair.test_draft_authority_set_semantics" name="test_identifier_drift_still_fails_closed[evidence-duplicate-ref-&lt;lambda&gt;-DRAFT_SCHEMA_VALIDATION_ERROR]" time="0.633" /><testcase classname="tests.ifc_repair.test_mixed_manifest_binding" name="test_window_policy_facts_carry_canonical_source_kind" time="0.110" /><testcase classname="tests.ifc_repair.test_mixed_manifest_binding" name="test_beam_plus_window_manifests_bind" time="0.266" /><testcase classname="tests.ifc_repair.test_mixed_manifest_binding" name="test_column_plus_window_manifests_bind" time="0.249" /><testcase classname="tests.ifc_repair.test_mixed_manifest_binding" name="test_three_family_mixed_manifests_bind" time="0.545" /><testcase classname="tests.ifc_repair.test_mixed_manifest_binding" name="test_repeated_mixed_operations_bind" time="0.790" /><testcase classname="tests.ifc_repair.test_mixed_manifest_binding" name="test_window_only_manifest_binds" time="0.128" /><testcase classname="tests.ifc_repair.test_mixed_manifest_binding" name="test_beam_only_manifest_binds" time="0.123" /><testcase classname="tests.ifc_repair.test_mixed_manifest_binding" name="test_column_only_manifest_binds" time="0.133" /><testcase classname="tests.ifc_repair.test_mixed_manifest_binding" name="test_illegal_source_kind_still_fails_closed_under_0_4[totally_fabricated_kind]" time="0.003" /><testcase classname="tests.ifc_repair.test_mixed_manifest_binding" name="test_illegal_source_kind_still_fails_closed_under_0_4[deterministic_policy]" time="0.002" /><testcase classname="tests.ifc_repair.test_mixed_manifest_binding" name="test_illegal_source_kind_still_fails_closed_under_0_4[surviving_target]" time="0.003" /><testcase classname="tests.ifc_repair.test_mixed_manifest_binding" name="test_mixed_binding_with_varied_window_geometry[900-1200-900-1000]" time="0.237" /><testcase classname="tests.ifc_repair.test_mixed_manifest_binding" name="test_mixed_binding_with_varied_window_geometry[1800-2100-0-4500]" time="0.270" /><testcase classname="tests.ifc_repair.test_mixed_manifest_binding" name="test_mixed_binding_with_varied_window_geometry[1200-1500-900-2000]" time="0.263" /><testcase classname="tests.ifc_repair.test_published_contract_reachability" name="test_v03_door_few_shot_teaches_reachable_contract[door-add-v0.3-clarification.json]" time="0.002" /><testcase classname="tests.ifc_repair.test_published_contract_reachability" name="test_v03_door_few_shot_teaches_reachable_contract[door-add-v0.3-complete.json]" time="0.001" /><testcase classname="tests.ifc_repair.test_published_contract_reachability" name="test_v03_door_few_shot_teaches_reachable_contract[door-add-v0.3-type-reuse.json]" time="0.002" /><testcase classname="tests.ifc_repair.test_published_contract_reachability" name="test_v03_door_few_shot_teaches_reachable_contract[door-add-v0.3-unsupported.json]" time="0.001" /><testcase classname="tests.ifc_repair.test_published_contract_reachability" name="test_v03_door_few_shot_teaches_reachable_contract[door-fill-v0.3-clarification.json]" time="0.002" /><testcase classname="tests.ifc_repair.test_published_contract_reachability" name="test_v03_door_few_shot_teaches_reachable_contract[door-fill-v0.3-complete.json]" time="0.002" /><testcase classname="tests.ifc_repair.test_published_contract_reachability" name="test_v03_door_few_shot_teaches_reachable_contract[door-fill-v0.3-type-reuse.json]" time="0.002" /><testcase classname="tests.ifc_repair.test_published_contract_reachability" name="test_v03_door_few_shot_teaches_reachable_contract[door-fill-v0.3-unsupported.json]" time="0.002" /><testcase classname="tests.ifc_repair.test_published_contract_reachability" name="test_legacy_v02_enum_shot_documents_the_gap[door-add-v0.2-complete.json]" time="0.002" /><testcase classname="tests.ifc_repair.test_published_contract_reachability" name="test_legacy_v02_enum_shot_documents_the_gap[door-add-v0.2-clarification.json]" time="0.001" /><testcase classname="tests.ifc_repair.test_published_contract_reachability" name="test_v03_profiles_registered_and_selected[door.add-with-opening.v0.3-add_door_with_opening_to_wall]" time="0.254" /><testcase classname="tests.ifc_repair.test_published_contract_reachability" name="test_v03_profiles_registered_and_selected[door.fill-existing-opening.v0.3-fill_existing_opening_with_door]" time="0.267" /><testcase classname="tests.ifc_repair.test_published_contract_reachability" name="test_v03_profile_publishes_enum_and_tolerance_rules[door.add-with-opening.v0.3]" time="0.148" /><testcase classname="tests.ifc_repair.test_published_contract_reachability" name="test_v03_profile_publishes_enum_and_tolerance_rules[door.fill-existing-opening.v0.3]" time="0.151" /><testcase classname="tests.ifc_repair.test_published_contract_reachability" name="test_window_profile_publishes_tolerance_rule" time="0.162" /><testcase classname="tests.ifc_repair.test_published_contract_reachability" name="test_window_operation_selects_v02_profile" time="0.140" /><testcase classname="tests.ifc_repair.test_published_contract_reachability" name="test_published_enum_payload_resolves[door.add-with-opening.v0.3-add_door_with_opening_to_wall-SINGLE_SWING_LEFT]" time="0.001" /><testcase classname="tests.ifc_repair.test_published_contract_reachability" name="test_published_enum_payload_resolves[door.add-with-opening.v0.3-add_door_with_opening_to_wall-SINGLE_SWING_RIGHT]" time="0.001" /><testcase classname="tests.ifc_repair.test_published_contract_reachability" name="test_published_enum_payload_resolves[door.fill-existing-opening.v0.3-fill_existing_opening_with_door-SINGLE_SWING_LEFT]" time="0.001" /><testcase classname="tests.ifc_repair.test_published_contract_reachability" name="test_published_enum_payload_resolves[door.fill-existing-opening.v0.3-fill_existing_opening_with_door-SINGLE_SWING_RIGHT]" time="0.001" /><testcase classname="tests.ifc_repair.test_published_contract_reachability" name="test_published_viewpoint_payload_resolves" time="0.001" /><testcase classname="tests.ifc_repair.test_published_contract_reachability" name="test_enum_without_confirmation_still_clarifies[SINGLE_SWING_LEFT]" time="0.001" /><testcase classname="tests.ifc_repair.test_published_contract_reachability" name="test_enum_without_confirmation_still_clarifies[SINGLE_SWING_RIGHT]" time="0.001" /><testcase classname="tests.ifc_repair.test_published_contract_reachability" name="test_unsupported_enum_still_fails_closed" time="0.001" /><testcase classname="tests.ifc_repair.test_published_contract_reachability" name="test_confirmation_flag_alone_does_not_authorize" time="0.001" /><testcase classname="tests.ifc_repair.test_operation_prompt_profiles" name="test_compact_catalog_omits_full_few_shot_bodies" time="0.173" /><testcase classname="tests.ifc_repair.test_operation_prompt_profiles" name="test_door_only_and_mixed_selection_are_bounded_stable_unions" time="0.631" /><testcase classname="tests.ifc_repair.test_operation_prompt_profiles" name="test_executable_registry_definitions_bind_matching_profiles" time="0.256" /><testcase classname="tests.ifc_repair.test_operation_prompt_profiles" name="test_hash_mismatch_and_operation_mismatch_fail_closed" time="0.377" /><testcase classname="tests.ifc_repair.test_operation_prompt_profiles" name="test_missing_unknown_and_empty_selection_fail_closed" time="0.365" /><testcase classname="tests.ifc_repair.test_selected_provider_profiles" name="test_stage1_routes_and_extracts_in_exactly_one_provider_call" time="0.656" /><testcase classname="tests.ifc_repair.test_selected_provider_profiles" name="test_stage1_fill_uses_retained_opening_as_program_derived_geometry" time="0.614" /><testcase classname="tests.ifc_repair.test_selected_provider_profiles" name="test_stage1_fill_rejects_non_contract_door_parameter_aliases" time="0.584" /><testcase classname="tests.ifc_repair.test_selected_provider_profiles" name="test_stage1_unsupported_door_capability_precedes_missing_geometry" time="0.635" /><testcase classname="tests.ifc_repair.test_selected_provider_profiles" name="test_stage1_profile_mismatch_stops_without_a_second_stage" time="0.643" /><testcase classname="tests.ifc_repair.test_selected_provider_profiles" name="test_stage2_receives_only_used_full_profile_and_records_hashes" time="0.518" /><testcase classname="tests.ifc_repair.test_structural_stage2_contract" name="test_h1_mixed_stage2_prompt_exposes_complete_canonical_authority" time="0.655" /><testcase classname="tests.ifc_repair.test_structural_stage2_contract" name="test_h1_mixed_manifest_versions_preserve_each_assignment_contract" time="0.698" /><testcase classname="tests.ifc_repair.test_structural_stage2_contract" name="test_structural_stage2_profiles_are_separate_draft_only_contracts" time="0.467" /><testcase classname="tests.ifc_repair.test_structural_stage2_contract" name="test_h1_mixed_binder_rejects_property_target_drift" time="0.656" /><testcase classname="tests.ifc_repair.test_structural_stage2_contract" name="test_h1_mixed_binder_rejects_reordered_canonical_scope" time="0.692"><failure message="assert True is False">tmp_path = WindowsPath('E:/code for project/bimnet-zcode/.pytest-tmp-zcode-20260905-144326-461518/test_h1_mixed_binder_rejects_r0')

    def test_h1_mixed_binder_rejects_reordered_canonical_scope(
        tmp_path: Path,
    ) -&gt; None:
        operations = [deepcopy(item) for item in _mixed_resolved_operations()]
        operations[0]["target_global_id"] = H1_STOREY_ID
        operations[0]["scope_ids"] = [H1_STOREY_ID]
        operations[0]["context"]["candidate_targets"][0]["ifc_global_id"] = (
            H1_STOREY_ID
        )
        draft = _mixed_draft()
        draft["scope"]["target_ids"] = [H1_STOREY_ID, WINDOW_ID]
        draft["operations"][0]["target"] = {
            "storey_global_id": H1_STOREY_ID
        }
    
        result = generate_bound_changeset(
            provider=_Provider(draft),
            case_id="r1-h1-reordered-scope",
            repair_request="Add the Beam and set Window FireRating atomically.",
            source_request_hash=REQUEST,
            resolved_operations=operations,
            model_fingerprint=MODEL,
            registry=create_default_registry(),
            output_dir=tmp_path / "h1-reordered-scope",
            max_attempts=1,
            semantic_manifests=(
                _manifest("beam-1", "add_beam"),
                _property_manifest(),
            ),
            semantic_manifest_hashes={
                "beam-1": MANIFEST_HASH,
                "window-property-1": MANIFEST_HASH,
            },
        )
    
&gt;       assert result["valid"] is False
E       assert True is False

tests\ifc_repair\test_structural_stage2_contract.py:557: AssertionError</failure></testcase><testcase classname="tests.ifc_repair.test_structural_stage2_contract" name="test_stage2_few_shot_expected_cannot_drift_from_declared_schema" time="0.047" /><testcase classname="tests.ifc_repair.test_structural_stage2_contract" name="test_structural_stage2_projection_and_unchanged_authority_bind" time="0.692" /><testcase classname="tests.ifc_repair.test_structural_stage2_contract" name="test_structural_binder_rejects_provider_changes_to_resolved_authority[beam-coordinate-&lt;lambda&gt;-DRAFT_AUTHORITY_PARAMETERS_MISMATCH]" time="0.654" /><testcase classname="tests.ifc_repair.test_structural_stage2_contract" name="test_structural_binder_rejects_provider_changes_to_resolved_authority[column-section-&lt;lambda&gt;-DRAFT_AUTHORITY_PARAMETERS_MISMATCH]" time="0.545" /><testcase classname="tests.ifc_repair.test_structural_stage2_contract" name="test_structural_binder_rejects_provider_changes_to_resolved_authority[column-orientation-&lt;lambda&gt;-DRAFT_AUTHORITY_PARAMETERS_MISMATCH]" time="0.592" /><testcase classname="tests.ifc_repair.test_structural_stage2_contract" name="test_structural_binder_rejects_provider_changes_to_resolved_authority[target-&lt;lambda&gt;-DRAFT_AUTHORITY_TARGET_MISMATCH]" time="0.663" /><testcase classname="tests.ifc_repair.test_structural_stage2_contract" name="test_structural_binder_rejects_provider_changes_to_resolved_authority[operation-evidence-&lt;lambda&gt;-DRAFT_AUTHORITY_OPERATION_EVIDENCE_MISMATCH]" time="0.587" /><testcase classname="tests.ifc_repair.test_structural_stage2_contract" name="test_structural_binder_rejects_provider_changes_to_resolved_authority[resolved-scope-&lt;lambda&gt;-DRAFT_AUTHORITY_SCOPE_MISMATCH]" time="0.657" /><testcase classname="tests.ifc_repair.test_structural_stage2_contract" name="test_structural_binder_rejects_provider_changes_to_resolved_authority[envelope-evidence-&lt;lambda&gt;-DRAFT_AUTHORITY_EVIDENCE_MISMATCH]" time="0.482" /><testcase classname="tests.ifc_repair.test_structural_stage2_contract" name="test_structural_binder_rejects_provider_changes_to_resolved_authority[cardinality-&lt;lambda&gt;-DRAFT_AUTHORITY_OPERATION_CARDINALITY_MISMATCH]" time="0.557" /><testcase classname="tests.ifc_repair.test_structural_stage2_contract" name="test_structural_binder_rejects_provider_changes_to_resolved_authority[operation-id-&lt;lambda&gt;-DRAFT_AUTHORITY_OPERATION_ID_SET_MISMATCH]" time="0.610" /><testcase classname="tests.ifc_repair.test_structural_stage2_contract" name="test_structural_binder_rejects_provider_changes_to_resolved_authority[operation-type-&lt;lambda&gt;-DRAFT_AUTHORITY_OPERATION_TYPE_MISMATCH]" time="0.594" /><testcase classname="tests.ifc_repair.test_structural_stage2_contract" name="test_structural_draft_rejects_non_executable_shapes_before_binding[historical-prototype-intent-&lt;lambda&gt;-/operations/]" time="0.965" /><testcase classname="tests.ifc_repair.test_structural_stage2_contract" name="test_structural_draft_rejects_non_executable_shapes_before_binding[unknown-parameter-&lt;lambda&gt;-/operations/]" time="0.651" /><testcase classname="tests.ifc_repair.test_structural_stage2_contract" name="test_structural_draft_rejects_non_executable_shapes_before_binding[missing-required-geometry-&lt;lambda&gt;-/operations/]" time="0.568" /><testcase classname="tests.ifc_repair.test_structural_stage2_contract" name="test_structural_draft_rejects_non_executable_shapes_before_binding[wrong-parameter-nesting-&lt;lambda&gt;-/operations/]" time="0.584" /><testcase classname="tests.ifc_repair.test_structural_stage2_contract" name="test_structural_draft_rejects_non_executable_shapes_before_binding[wrong-target-shape-&lt;lambda&gt;-/operations/]" time="0.533" /><testcase classname="tests.ifc_repair.test_structural_stage2_contract" name="test_structural_draft_rejects_non_executable_shapes_before_binding[downgraded-draft-contract-&lt;lambda&gt;-/schema_version]" time="0.617" /><testcase classname="tests.ifc_repair.test_repair_intent_prompt_v09" name="test_v09_freezes_property_value_contract" time="0.091" /><testcase classname="tests.ifc_repair.test_repair_intent_prompt_v09" name="test_property_value_failure_family_covers_boolean_literal_and_missing_value" time="0.010" /><testcase classname="tests.ifc_repair.test_repair_intent_prompt_v010" name="test_v010_remains_registered_and_freezes_internal_id_boundary" time="0.080" /><testcase classname="tests.ifc_repair.test_repair_intent_prompt_v011" name="test_v011_remains_registered_and_forbids_implicit_root_attribute_inference" time="0.085" /><testcase classname="tests.ifc_repair.test_repair_intent_prompt_v011" name="test_v011_public_stage1_accepts_property_and_explicit_tag_boundaries" time="1.100" /><testcase classname="tests.ifc_repair.test_repair_intent_prompt_v012" name="test_v012_is_current_and_preserves_declared_geometry_precision" time="0.098" /><testcase classname="tests.ifc_repair.test_door_property_authorization" name="test_door_authorization_covers_all_door_semantic_roles" time="0.002" /><testcase classname="tests.ifc_repair.test_door_property_authorization" name="test_door_authorization_covers_opening_scoped_quantities" time="0.001" /><testcase classname="tests.ifc_repair.test_door_property_authorization" name="test_door_authorization_covers_indexed_multi_pset_variants" time="0.001" /><testcase classname="tests.ifc_repair.test_door_property_authorization" name="test_door_relation_authorizations_declare_door_endpoints" time="0.001" /><testcase classname="tests.ifc_repair.test_door_property_authorization" name="test_door_role_set_mirrors_structural_pattern" time="0.002" /><testcase classname="tests.ifc_repair.test_door_property_authorization" name="test_fabricated_role_stays_unauthorized" time="0.001" /><testcase classname="tests.ifc_repair.test_door_property_authorization" name="test_fill_door_authorization_also_carries_semantic_roles" time="0.001" /><testcase classname="tests.ifc_repair.test_repair_milestone_r1_runner" name="test_r1_execution_manifest_binds_frozen_cases_models_and_resume_answers" time="0.191" /><testcase classname="tests.ifc_repair.test_repair_milestone_r1_runner" name="test_r1_runner_readiness_never_constructs_provider" time="0.145" /><testcase classname="tests.ifc_repair.test_repair_milestone_r1_runner" name="test_r1_property_runtime_warmup_is_real_and_fail_closed" time="0.001" /><testcase classname="tests.ifc_repair.test_repair_milestone_r1_runner" name="test_r1_runner_cannot_execute_while_manifest_is_unapproved" time="0.159" /><testcase classname="tests.ifc_repair.test_repair_milestone_r1_runner" name="test_r1_runner_requires_offline_admission_and_plan07_result_before_provider" time="0.150" /><testcase classname="tests.ifc_repair.test_repair_milestone_r1_runner" name="test_r1_plan07_result_binds_sibling_green_full_preflight" time="0.024" /><testcase classname="tests.ifc_repair.test_repair_milestone_r1_runner" name="test_r1_plan07_result_revalidates_curated_preflight_snapshot" time="0.064" /><testcase classname="tests.ifc_repair.test_repair_milestone_r1_runner" name="test_r1_prerequisite_accepts_plan07_full_preflight_without_old_admission" time="0.007" /><testcase classname="tests.ifc_repair.test_repair_milestone_r1_runner" name="test_public_cases_carry_declarative_outcome_not_case_id_branching" time="0.135" /><testcase classname="tests.ifc_repair.test_repair_milestone_r1_runner" name="test_guard_contract_passes_only_with_zero_mutation_evidence" time="0.001" /><testcase classname="tests.ifc_repair.test_repair_milestone_r1_runner" name="test_success_contract_requires_resume_answer_only_when_declared" time="0.000" /><testcase classname="tests.ifc_repair.test_repair_milestone_r1_runner" name="test_post_execution_predicate_audit_reopens_bound_terminal_artifacts" time="0.110" /></testsuite></testsuites>