<?xml version="1.0" encoding="utf-8"?><testsuites name="pytest tests"><testsuite name="pytest" errors="0" failures="1" skipped="0" tests="1" time="2.520" timestamp="2026-09-05T20:21:45.546471+08:00" hostname="what-do-matter"><testcase classname="tests.ifc_repair.test_phase12_live_uat" name="test_preflight_pytest_commands_use_run_local_temp_and_cache" time="0.077"><failure message="assert not True&#10; +  where True = any(&lt;generator object test_preflight_pytest_commands_use_run_local_temp_and_cache.&lt;locals&gt;.&lt;genexpr&gt; at 0x000001D17F457C60&gt;)">tests\ifc_repair\test_phase12_live_uat.py:1844: in test_preflight_pytest_commands_use_run_local_temp_and_cache
    assert not any(".pytest-tmp" in item for item in command)
E   assert not True
E    +  where True = any(&lt;generator object test_preflight_pytest_commands_use_run_local_temp_and_cache.&lt;locals&gt;.&lt;genexpr&gt; at 0x000001D17F457C60&gt;)</failure></testcase></testsuite></testsuites>