<?xml version="1.0" encoding="utf-8"?><testsuites name="pytest tests"><testsuite name="pytest" errors="1" failures="0" skipped="0" tests="1" time="2.176" timestamp="2026-09-05T20:22:26.181573+08:00" hostname="what-do-matter"><testcase classname="tests.ifc_repair.test_phase12_live_uat" name="test_preflight_pytest_commands_use_run_local_temp_and_cache" time="0.003"><error message="failed on setup with &quot;FileNotFoundError: [WinError 3] 系统找不到指定的路径。: 'E:\\code for project\\bimnet-zcode\\.tmp\\zcode-integration\\test-runs\\20260905-202225-457228'&quot;">E:\anaconda\Lib\pathlib.py:1311: in mkdir
    os.mkdir(self, mode)
E   FileNotFoundError: [WinError 3] 系统找不到指定的路径。: 'E:\\code for project\\bimnet-zcode\\.tmp\\zcode-integration\\test-runs\\20260905-202225-457228'</error></testcase></testsuite></testsuites>