<?xml version="1.0" encoding="utf-8"?><testsuites name="pytest tests"><testsuite name="pytest" errors="0" failures="0" skipped="0" tests="2" time="61.536" timestamp="2026-09-05T20:06:27.943027+08:00" hostname="what-do-matter"><testcase classname="tests.ifc_repair.test_phase12_success_cases" name="test_property_authority_replay_accepts_public_user_candidate_selection" time="34.197" /><testcase classname="tests.ifc_repair.test_phase12_success_cases" name="test_valid_beam_column_public_proof_is_strictly_recomputed" time="24.973" /></testsuite></testsuites>