<?xml version="1.0" encoding="utf-8"?><testsuites name="pytest tests"><testsuite name="pytest" errors="1" failures="1" skipped="0" tests="2" time="57.296" timestamp="2026-09-05T20:03:17.465420+08:00" hostname="what-do-matter"><testcase classname="tests.ifc_repair.test_phase12_success_cases" name="test_property_authority_replay_accepts_public_user_candidate_selection" time="30.315"><failure message="AssertionError: assert 'not_publishable' == 'succeeded'&#10;  &#10;  - succeeded&#10;  + not_publishable">tests\ifc_repair\test_phase12_success_cases.py:1705: in test_property_authority_replay_accepts_public_user_candidate_selection
    assert final["status"] == "succeeded"
E   AssertionError: assert 'not_publishable' == 'succeeded'
E     
E     - succeeded
E     + not_publishable</failure></testcase><testcase classname="tests.ifc_repair.test_phase12_success_cases" name="test_valid_beam_column_public_proof_is_strictly_recomputed" time="22.071"><error message="failed on setup with &quot;RuntimeError: PUBLIC_STRUCTURAL_EVALUATION_FAILED:{&quot;schema_version&quot;: &quot;text2ifc/ifc-repair-evaluation/0.2&quot;, &quot;policy_version&quot;: &quot;phase8.1&quot;, &quot;status&quot;: &quot;not_evaluable&quot;, &quot;reason&quot;: &quot;Application, preservation, and mandatory L1/L2 are strict gates.&quot;, &quot;evidence&quot;: [{&quot;fact_id&quot;: &quot;run.summary&quot;, &quot;source_kind&quot;: &quot;evaluation_policy&quot;, &quot;source_ref&quot;: &quot;phase8.1&quot;, &quot;expected_state&quot;: &quot;available&quot;, &quot;actual_state&quot;: &quot;available&quot;, &quot;expected_value&quot;: &quot;all mandatory gates passed&quot;, &quot;actual_value&quot;: &quot;not_evaluable&quot;, &quot;provenance&quot;: [&quot;evaluation_policy&quot;, &quot;phase8.1&quot;]}], &quot;application&quot;: {&quot;check_id&quot;: &quot;application.valid&quot;, &quot;policy_id&quot;: &quot;evaluation.phase8&quot;, &quot;applicability&quot;: &quot;required&quot;, &quot;mandatory&quot;: true, &quot;status&quot;: &quot;passed&quot;, &quot;reason&quot;: &quot;The deterministic application must complete and publish its candidate.&quot;, &quot;evidence&quot;: [{&quot;fact_id&quot;: &quot;application.valid.evidence&quot;, &quot;source_kind&quot;: &quot;application_result&quot;, &quot;source_ref&quot;: &quot;application.valid&quot;, &quot;expected_state&quot;: &quot;available&quot;, &quot;actual_state&quot;: &quot;available&quot;, &quot;expected_value&quot;: &quot;passed&quot;, &quot;actual_value&quot;: {&quot;published&quot;: true, &quot;valid&quot;: true}, &quot;provenance&quot;: [&quot;application_result&quot;, &quot;application.valid&quot;]}]}, &quot;preservation&quot;: {&quot;check_id&quot;: &quot;preservation.valid&quot;, &quot;policy_id&quot;: &quot;evaluation.phase8&quot;, &quot;applicability&quot;: &quot;required&quot;, &quot;mandatory&quot;: true, &quot;status&quot;: &quot;not_evaluable&quot;, &quot;reason&quot;: &quot;Independent L1 evidence must authorize preservation and scope effects.&quot;, &quot;evidence&quot;: [{&quot;fact_id&quot;: &quot;preservation.valid.evidence&quot;, &quot;source_kind&quot;: &quot;application_result&quot;, &quot;source_ref&quot;: &quot;preservation.valid&quot;, &quot;expected_state&quot;: &quot;available&quot;, &quot;actual_state&quot;: &quot;available&quot;, &quot;expected_value&quot;: &quot;passed&quot;, &quot;actual_value&quot;: {&quot;l1_status&quot;: &quot;not_evaluable&quot;}, &quot;provenance&quot;: [&quot;application_result&quot;, &quot;preservation.valid&quot;]}]}, &quot;operations&quot;: [{&quot;operation_id&quot;: &quot;proof-beam-1&quot;, &quot;operation_type&quot;: &quot;add_beam&quot;, &quot;mandatory&quot;: true, &quot;policy_id&quot;: &quot;beam.add.l2&quot;, &quot;policy_version&quot;: &quot;0.1&quot;, &quot;status&quot;: &quot;not_evaluable&quot;, &quot;reason&quot;: &quot;Mandatory L1 and L2 jointly determine operation success.&quot;, &quot;evidence&quot;: [{&quot;fact_id&quot;: &quot;operation.proof-beam-1&quot;, &quot;source_kind&quot;: &quot;operation_policy&quot;, &quot;source_ref&quot;: &quot;beam.add.l2&quot;, &quot;expected_state&quot;: &quot;available&quot;, &quot;actual_state&quot;: &quot;available&quot;, &quot;expected_value&quot;: &quot;L1 and L2 passed&quot;, &quot;actual_value&quot;: {&quot;l1&quot;: &quot;not_evaluable&quot;, &quot;l2&quot;: &quot;passed&quot;}, &quot;provenance&quot;: [&quot;operation_policy&quot;, &quot;beam.add.l2&quot;]}], &quot;levels&quot;: [{&quot;level&quot;: &quot;L1&quot;, &quot;status&quot;: &quot;not_evaluable&quot;, &quot;reason&quot;: &quot;Independent reopened IFC L1 authorization and measurement.&quot;, &quot;evidence&quot;: [{&quot;fact_id&quot;: &quot;l1.summary&quot;, &quot;source_kind&quot;: &quot;ifc_actual_diff&quot;, &quot;source_ref&quot;: &quot;reopened-ifc&quot;, &quot;expected_state&quot;: &quot;available&quot;, &quot;actual_state&quot;: &quot;available&quot;, &quot;expected_value&quot;: &quot;readable policy-authorized physical repair&quot;, &quot;actual_value&quot;: {&quot;check_count&quot;: 8, &quot;readable&quot;: true}, &quot;provenance&quot;: [&quot;ifc_actual_diff&quot;, &quot;reopened-ifc&quot;]}], &quot;checks&quot;: [{&quot;check_id&quot;: &quot;l1.output.readable&quot;, &quot;policy_id&quot;: &quot;l1.common&quot;, &quot;applicability&quot;: &quot;required&quot;, &quot;mandatory&quot;: true, &quot;status&quot;: &quot;passed&quot;, &quot;reason&quot;: &quot;Both source and repaired IFC artifacts must reopen independently.&quot;, &quot;evidence&quot;: [{&quot;fact_id&quot;: &quot;l1.output.readable.evidence&quot;, &quot;source_kind&quot;: &quot;ifc_reopen&quot;, &quot;source_ref&quot;: &quot;repaired-ifc&quot;, &quot;expected_state&quot;: &quot;available&quot;, &quot;actual_state&quot;: &quot;available&quot;, &quot;expected_value&quot;: {&quot;after_readable&quot;: true, &quot;before_readable&quot;: true}, &quot;actual_value&quot;: {&quot;after_error&quot;: null, &quot;after_readable&quot;: true, &quot;before_error&quot;: null, &quot;before_readable&quot;: true}, &quot;provenance&quot;: [&quot;ifc_reopen&quot;, &quot;repaired-ifc&quot;]}]}, {&quot;check_id&quot;: &quot;l1.output.schema&quot;, &quot;policy_id&quot;: &quot;l1.common&quot;, &quot;applicability&quot;: &quot;required&quot;, &quot;mandatory&quot;: true, &quot;status&quot;: &quot;passed&quot;, &quot;reason&quot;: &quot;The repaired IFC schema must match the source IFC schema.&quot;, &quot;evidence&quot;: [{&quot;fact_id&quot;: &quot;l1.output.schema.evidence&quot;, &quot;source_kind&quot;: &quot;ifc_schema&quot;, &quot;source_ref&quot;: &quot;repaired-ifc&quot;, &quot;expected_state&quot;: &quot;available&quot;, &quot;actual_state&quot;: &quot;available&quot;, &quot;expected_value&quot;: &quot;IFC2X3&quot;, &quot;actual_value&quot;: &quot;IFC2X3&quot;, &quot;provenance&quot;: [&quot;ifc_schema&quot;, &quot;repaired-ifc&quot;]}]}, {&quot;check_id&quot;: &quot;l1.output.validation&quot;, &quot;policy_id&quot;: &quot;l1.common&quot;, &quot;applicability&quot;: &quot;required&quot;, &quot;mandatory&quot;: true, &quot;status&quot;: &quot;not_evaluable&quot;, &quot;reason&quot;: &quot;Accelerated validation/diff must complete within resource bounds.&quot;, &quot;evidence&quot;: [{&quot;fact_id&quot;: &quot;l1.output.validation.evidence&quot;, &quot;source_kind&quot;: &quot;evaluation_execution&quot;, &quot;source_ref&quot;: &quot;damaged-to-repaired&quot;, &quot;expected_state&quot;: &quot;available&quot;, &quot;actual_state&quot;: &quot;available&quot;, &quot;expected_value&quot;: {&quot;status&quot;: &quot;passed&quot;}, &quot;actual_value&quot;: {&quot;error&quot;: &quot;BrokenProcessPool:A process in the process pool was terminated abruptly while the future was running or pending.&quot;, &quot;metrics&quot;: {&quot;mode&quot;: &quot;accelerated&quot;, &quot;peak_rss_bytes&quot;: 212504576, &quot;wall_seconds&quot;: 16.985000000000582, &quot;worker_count&quot;: 2}, &quot;reason_code&quot;: &quot;EVALUATION_WORKER_FAILED&quot;, &quot;results&quot;: {}, &quot;status&quot;: &quot;failed&quot;}, &quot;provenance&quot;: [&quot;evaluation_execution&quot;, &quot;damaged-to-repaired&quot;]}]}, {&quot;check_id&quot;: &quot;l1.scope.created-roots&quot;, &quot;policy_id&quot;: &quot;l1.common&quot;, &quot;applicability&quot;: &quot;required&quot;, &quot;mandatory&quot;: true, &quot;status&quot;: &quot;not_evaluable&quot;, &quot;reason&quot;: &quot;The blocking global preservation comparator did not produce complete trustworthy evidence.&quot;, &quot;evidence&quot;: [{&quot;fact_id&quot;: &quot;l1.scope.created-roots.evidence&quot;, &quot;source_kind&quot;: &quot;ifc_actual_diff&quot;, &quot;source_ref&quot;: &quot;reopened-ifc&quot;, &quot;expected_state&quot;: &quot;available&quot;, &quot;actual_state&quot;: &quot;available&quot;, &quot;expected_value&quot;: &quot;complete fail-closed global preservation evidence&quot;, &quot;actual_value&quot;: {&quot;error&quot;: &quot;EVALUATION_WORKER_FAILED: accelerated evaluation failed&quot;, &quot;error_code&quot;: &quot;EVALUATION_WORKER_FAILED&quot;}, &quot;provenance&quot;: [&quot;ifc_actual_diff&quot;, &quot;reopened-ifc&quot;]}]}, {&quot;check_id&quot;: &quot;l1.scope.modified-roots&quot;, &quot;policy_id&quot;: &quot;l1.common&quot;, &quot;applicability&quot;: &quot;required&quot;, &quot;mandatory&quot;: true, &quot;status&quot;: &quot;not_evaluable&quot;, &quot;reason&quot;: &quot;The blocking global preservation comparator did not produce complete trustworthy evidence.&quot;, &quot;evidence&quot;: [{&quot;fact_id&quot;: &quot;l1.scope.modified-roots.evidence&quot;, &quot;source_kind&quot;: &quot;ifc_actual_diff&quot;, &quot;source_ref&quot;: &quot;reopened-ifc&quot;, &quot;expected_state&quot;: &quot;available&quot;, &quot;actual_state&quot;: &quot;available&quot;, &quot;expected_value&quot;: &quot;complete fail-closed global preservation evidence&quot;, &quot;actual_value&quot;: {&quot;error&quot;: &quot;EVALUATION_WORKER_FAILED: accelerated evaluation failed&quot;, &quot;error_code&quot;: &quot;EVALUATION_WORKER_FAILED&quot;}, &quot;provenance&quot;: [&quot;ifc_actual_diff&quot;, &quot;reopened-ifc&quot;]}]}, {&quot;check_id&quot;: &quot;l1.scope.relations&quot;, &quot;policy_id&quot;: &quot;l1.common&quot;, &quot;applicability&quot;: &quot;required&quot;, &quot;mandatory&quot;: true, &quot;status&quot;: &quot;not_evaluable&quot;, &quot;reason&quot;: &quot;The blocking global preservation comparator did not produce complete trustworthy evidence.&quot;, &quot;evidence&quot;: [{&quot;fact_id&quot;: &quot;l1.scope.relations.evidence&quot;, &quot;source_kind&quot;: &quot;ifc_actual_diff&quot;, &quot;source_ref&quot;: &quot;reopened-ifc&quot;, &quot;expected_state&quot;: &quot;available&quot;, &quot;actual_state&quot;: &quot;available&quot;, &quot;expected_value&quot;: &quot;complete fail-closed global preservation evidence&quot;, &quot;actual_value&quot;: {&quot;error&quot;: &quot;EVALUATION_WORKER_FAILED: accelerated evaluation failed&quot;, &quot;error_code&quot;: &quot;EVALUATION_WORKER_FAILED&quot;}, &quot;provenance&quot;: [&quot;ifc_actual_diff&quot;, &quot;reopened-ifc&quot;]}]}, {&quot;check_id&quot;: &quot;l1.scope.removed-roots&quot;, &quot;policy_id&quot;: &quot;l1.common&quot;, &quot;applicability&quot;: &quot;required&quot;, &quot;mandatory&quot;: true, &quot;status&quot;: &quot;not_evaluable&quot;, &quot;reason&quot;: &quot;The blocking global preservation comparator did not produce complete trustworthy evidence.&quot;, &quot;evidence&quot;: [{&quot;fact_id&quot;: &quot;l1.scope.removed-roots.evidence&quot;, &quot;source_kind&quot;: &quot;ifc_actual_diff&quot;, &quot;source_ref&quot;: &quot;reopened-ifc&quot;, &quot;expected_state&quot;: &quot;available&quot;, &quot;actual_state&quot;: &quot;available&quot;, &quot;expected_value&quot;: &quot;complete fail-closed global preservation evidence&quot;, &quot;actual_value&quot;: {&quot;error&quot;: &quot;EVALUATION_WORKER_FAILED: accelerated evaluation failed&quot;, &quot;error_code&quot;: &quot;EVALUATION_WORKER_FAILED&quot;}, &quot;provenance&quot;: [&quot;ifc_actual_diff&quot;, &quot;reopened-ifc&quot;]}]}, {&quot;check_id&quot;: &quot;l1.source.immutable&quot;, &quot;policy_id&quot;: &quot;l1.common&quot;, &quot;applicability&quot;: &quot;required&quot;, &quot;mandatory&quot;: true, &quot;status&quot;: &quot;passed&quot;, &quot;reason&quot;: &quot;The source IFC must remain bound to the declared base fingerprint.&quot;, &quot;evidence&quot;: [{&quot;fact_id&quot;: &quot;l1.source.immutable.evidence&quot;, &quot;source_kind&quot;: &quot;source_fingerprint&quot;, &quot;source_ref&quot;: &quot;E:\\code for project\\bimnet-zcode\\.pytest-tmp-zcode-20260905-200316-062752\\phase12-structural-proof0\\runner-output\\damaged.ifc&quot;, &quot;expected_state&quot;: &quot;available&quot;, &quot;actual_state&quot;: &quot;available&quot;, &quot;expected_value&quot;: &quot;sha256:43b6756b88874f9525f6a511d7dc718844dac59b638a11e3fbc36b321e0ab8b7&quot;, &quot;actual_value&quot;: {&quot;after&quot;: &quot;sha256:43b6756b88874f9525f6a511d7dc718844dac59b638a11e3fbc36b321e0ab8b7&quot;, &quot;before&quot;: &quot;sha256:43b6756b88874f9525f6a511d7dc718844dac59b638a11e3fbc36b321e0ab8b7&quot;}, &quot;provenance&quot;: [&quot;source_fingerprint&quot;, &quot;E:\\code for project\\bimnet-zcode\\.pytest-tmp-zcode-20260905-200316-062752\\phase12-structural-proof0\\runner-output\\damaged.ifc&quot;]}]}]}, {&quot;level&quot;: &quot;L2&quot;, &quot;status&quot;: &quot;passed&quot;, &quot;reason&quot;: &quot;Policy-owned semantic facts are compared through authorized evidence.&quot;, &quot;evidence&quot;: [{&quot;fact_id&quot;: &quot;l2.summary&quot;, &quot;source_kind&quot;: &quot;semantic_policy&quot;, &quot;source_ref&quot;: &quot;beam.add.l2&quot;, &quot;expected_state&quot;: &quot;available&quot;, &quot;actual_state&quot;: &quot;available&quot;, &quot;expected_value&quot;: &quot;all mandatory L2 checks passed&quot;, &quot;actual_value&quot;: {&quot;check_count&quot;: 4}, &quot;provenance&quot;: [&quot;semantic_policy&quot;, &quot;beam.add.l2&quot;]}], &quot;checks&quot;: [{&quot;check_id&quot;: &quot;beam.type&quot;, &quot;policy_id&quot;: &quot;beam.add.l2&quot;, &quot;applicability&quot;: &quot;required&quot;, &quot;mandatory&quot;: true, &quot;status&quot;: &quot;passed&quot;, &quot;reason&quot;: &quot;Authorized semantic fact is present and equivalent in repaired output&quot;, &quot;evidence&quot;: [{&quot;fact_id&quot;: &quot;relationship:type&quot;, &quot;source_kind&quot;: &quot;deterministic_policy&quot;, &quot;source_ref&quot;: &quot;generated-type:35ijtY2K5HT9r9tuMg3ZMq&quot;, &quot;expected_state&quot;: &quot;available&quot;, &quot;actual_state&quot;: &quot;available&quot;, &quot;expected_value&quot;: {&quot;entity_source&quot;: &quot;semantic-manifest:proof-beam-1&quot;, &quot;inherited&quot;: true, &quot;pset_path&quot;: null, &quot;unit&quot;: null, &quot;value&quot;: &quot;35ijtY2K5HT9r9tuMg3ZMq&quot;, &quot;value_type&quot;: &quot;IfcBeamType&quot;}, &quot;actual_value&quot;: {&quot;entity_source&quot;: &quot;IfcBeam:2vfXTT_mPGT8GnL9IoXXBv&quot;, &quot;inherited&quot;: false, &quot;pset_path&quot;: null, &quot;unit&quot;: null, &quot;value&quot;: &quot;35ijtY2K5HT9r9tuMg3ZMq&quot;, &quot;value_type&quot;: &quot;IfcBeamType&quot;}, &quot;provenance&quot;: [&quot;operation:proof-beam-1&quot;, &quot;generated-type-template:0.1&quot;, &quot;repaired:application-role:beam:proof-beam-1&quot;]}]}, {&quot;check_id&quot;: &quot;beam.storey&quot;, &quot;policy_id&quot;: &quot;beam.add.l2&quot;, &quot;applicability&quot;: &quot;required&quot;, &quot;mandatory&quot;: true, &quot;status&quot;: &quot;passed&quot;, &quot;reason&quot;: &quot;Authorized semantic fact is present and equivalent in repaired output&quot;, &quot;evidence&quot;: [{&quot;fact_id&quot;: &quot;relationship:storey&quot;, &quot;source_kind&quot;: &quot;deterministic_policy&quot;, &quot;source_ref&quot;: &quot;resolved:/operations/proof-beam-1/target&quot;, &quot;expected_state&quot;: &quot;available&quot;, &quot;actual_state&quot;: &quot;available&quot;, &quot;expected_value&quot;: {&quot;entity_source&quot;: &quot;semantic-manifest:proof-beam-1&quot;, &quot;inherited&quot;: false, &quot;pset_path&quot;: null, &quot;unit&quot;: null, &quot;value&quot;: &quot;0K_MqVdrL0JOCMi_GblRwJ&quot;, &quot;value_type&quot;: &quot;IfcBuildingStorey&quot;}, &quot;actual_value&quot;: {&quot;entity_source&quot;: &quot;IfcBeam:2vfXTT_mPGT8GnL9IoXXBv&quot;, &quot;inherited&quot;: false, &quot;pset_path&quot;: null, &quot;unit&quot;: null, &quot;value&quot;: &quot;0K_MqVdrL0JOCMi_GblRwJ&quot;, &quot;value_type&quot;: &quot;IfcBuildingStorey&quot;}, &quot;provenance&quot;: [&quot;operation:proof-beam-1&quot;, &quot;registered-beam-storey-policy:0.1&quot;, &quot;repaired:application-role:beam:proof-beam-1&quot;]}]}, {&quot;check_id&quot;: &quot;beam.pset:pset:Pset_BeamCommon.LoadBearing&quot;, &quot;policy_id&quot;: &quot;beam.add.l2&quot;, &quot;applicability&quot;: &quot;conditional&quot;, &quot;mandatory&quot;: true, &quot;status&quot;: &quot;passed&quot;, &quot;reason&quot;: &quot;Authorized semantic fact is present and equivalent in repaired output&quot;, &quot;evidence&quot;: [{&quot;fact_id&quot;: &quot;pset:Pset_BeamCommon.LoadBearing&quot;, &quot;source_kind&quot;: &quot;explicit_request&quot;, &quot;source_ref&quot;: &quot;request:/operations/0/properties/0&quot;, &quot;expected_state&quot;: &quot;available&quot;, &quot;actual_state&quot;: &quot;available&quot;, &quot;expected_value&quot;: {&quot;entity_source&quot;: &quot;semantic-manifest:proof-beam-1&quot;, &quot;inherited&quot;: false, &quot;pset_path&quot;: &quot;Pset_BeamCommon.LoadBearing&quot;, &quot;unit&quot;: null, &quot;value&quot;: true, &quot;value_type&quot;: &quot;IfcBoolean&quot;}, &quot;actual_value&quot;: {&quot;entity_source&quot;: &quot;IfcBeam:2vfXTT_mPGT8GnL9IoXXBv&quot;, &quot;inherited&quot;: false, &quot;pset_path&quot;: &quot;Pset_BeamCommon.LoadBearing&quot;, &quot;unit&quot;: null, &quot;value&quot;: true, &quot;value_type&quot;: &quot;IfcBoolean&quot;}, &quot;provenance&quot;: [&quot;request-source:user_request&quot;, &quot;request-evidence:request:/operations/0/properties/0&quot;, &quot;operation:proof-beam-1&quot;, &quot;property-hash:sha256:a436cdf839282206c74e2c2b94e2270db880cc7dd6c0cdc25202fabfc2e94dcc&quot;, &quot;source_fact_key:pset:Pset_BeamCommon.LoadBearing&quot;, &quot;repaired:application-role:beam:proof-beam-1&quot;, &quot;repaired:ifcopenshell.util.element.get_psets&quot;, &quot;repaired:normalized-private-evaluator-key&quot;, &quot;repaired:ifcopenshell.util.element.get_psets:direct&quot;]}]}, {&quot;check_id&quot;: &quot;beam.material&quot;, &quot;policy_id&quot;: &quot;beam.add.l2&quot;, &quot;applicability&quot;: &quot;conditional&quot;, &quot;mandatory&quot;: false, &quot;status&quot;: &quot;not_required&quot;, &quot;reason&quot;: &quot;No authorized source establishes this conditional semantic fact&quot;, &quot;evidence&quot;: [{&quot;fact_id&quot;: &quot;beam.material&quot;, &quot;source_kind&quot;: &quot;source_search&quot;, &quot;source_ref&quot;: &quot;beam.add.l2/beam.material&quot;, &quot;expected_state&quot;: &quot;unavailable&quot;, &quot;actual_state&quot;: &quot;not_applicable&quot;, &quot;expected_value&quot;: null, &quot;actual_value&quot;: null, &quot;provenance&quot;: [&quot;searched:explicit_request&quot;, &quot;searched:surviving_target&quot;, &quot;searched:surviving_type&quot;, &quot;searched:approved_prototype&quot;, &quot;searched:authorized_type_cohort&quot;, &quot;searched:deterministic_policy&quot;, &quot;searched:private_original&quot;]}]}]}, {&quot;level&quot;: &quot;L3&quot;, &quot;status&quot;: &quot;not_required&quot;, &quot;reason&quot;: &quot;L3 authoring and identity exactness is not required in v1.1.&quot;, &quot;evidence&quot;: [{&quot;fact_id&quot;: &quot;l3.summary&quot;, &quot;source_kind&quot;: &quot;policy_boundary&quot;, &quot;source_ref&quot;: &quot;v1.1&quot;, &quot;expected_state&quot;: &quot;available&quot;, &quot;actual_state&quot;: &quot;available&quot;, &quot;expected_value&quot;: &quot;not required&quot;, &quot;actual_value&quot;: &quot;observed&quot;, &quot;provenance&quot;: [&quot;policy_boundary&quot;, &quot;v1.1&quot;]}], &quot;checks&quot;: [{&quot;check_id&quot;: &quot;l3.authoring-identity&quot;, &quot;policy_id&quot;: &quot;l3.v1.1-observation&quot;, &quot;applicability&quot;: &quot;informational&quot;, &quot;mandatory&quot;: false, &quot;status&quot;: &quot;failed&quot;, &quot;reason&quot;: &quot;Original identity is observational and never gates v1.1 repair success.&quot;, &quot;evidence&quot;: [{&quot;fact_id&quot;: &quot;l3.authoring-identity&quot;, &quot;source_kind&quot;: &quot;identity_observation&quot;, &quot;source_ref&quot;: &quot;operation:proof-beam-1&quot;, &quot;expected_state&quot;: &quot;available&quot;, &quot;actual_state&quot;: &quot;available&quot;, &quot;expected_value&quot;: null, &quot;actual_value&quot;: &quot;2vfXTT_mPGT8GnL9IoXXBv&quot;, &quot;provenance&quot;: [&quot;identity_observation&quot;, &quot;operation:proof-beam-1&quot;]}]}]}]}, {&quot;operation_id&quot;: &quot;proof-column-1&quot;, &quot;operation_type&quot;: &quot;add_column&quot;, &quot;mandatory&quot;: true, &quot;policy_id&quot;: &quot;column.add.l2&quot;, &quot;policy_version&quot;: &quot;0.1&quot;, &quot;status&quot;: &quot;not_evaluable&quot;, &quot;reason&quot;: &quot;Mandatory L1 and L2 jointly determine operation success.&quot;, &quot;evidence&quot;: [{&quot;fact_id&quot;: &quot;operation.proof-column-1&quot;, &quot;source_kind&quot;: &quot;operation_policy&quot;, &quot;source_ref&quot;: &quot;column.add.l2&quot;, &quot;expected_state&quot;: &quot;available&quot;, &quot;actual_state&quot;: &quot;available&quot;, &quot;expected_value&quot;: &quot;L1 and L2 passed&quot;, &quot;actual_value&quot;: {&quot;l1&quot;: &quot;not_evaluable&quot;, &quot;l2&quot;: &quot;passed&quot;}, &quot;provenance&quot;: [&quot;operation_policy&quot;, &quot;column.add.l2&quot;]}], &quot;levels&quot;: [{&quot;level&quot;: &quot;L1&quot;, &quot;status&quot;: &quot;not_evaluable&quot;, &quot;reason&quot;: &quot;Independent reopened IFC L1 authorization and measurement.&quot;, &quot;evidence&quot;: [{&quot;fact_id&quot;: &quot;l1.summary&quot;, &quot;source_kind&quot;: &quot;ifc_actual_diff&quot;, &quot;source_ref&quot;: &quot;reopened-ifc&quot;, &quot;expected_state&quot;: &quot;available&quot;, &quot;actual_state&quot;: &quot;available&quot;, &quot;expected_value&quot;: &quot;readable policy-authorized physical repair&quot;, &quot;actual_value&quot;: {&quot;check_count&quot;: 8, &quot;readable&quot;: true}, &quot;provenance&quot;: [&quot;ifc_actual_diff&quot;, &quot;reopened-ifc&quot;]}], &quot;checks&quot;: [{&quot;check_id&quot;: &quot;l1.output.readable&quot;, &quot;policy_id&quot;: &quot;l1.common&quot;, &quot;applicability&quot;: &quot;required&quot;, &quot;mandatory&quot;: true, &quot;status&quot;: &quot;passed&quot;, &quot;reason&quot;: &quot;Both source and repaired IFC artifacts must reopen independently.&quot;, &quot;evidence&quot;: [{&quot;fact_id&quot;: &quot;l1.output.readable.evidence&quot;, &quot;source_kind&quot;: &quot;ifc_reopen&quot;, &quot;source_ref&quot;: &quot;repaired-ifc&quot;, &quot;expected_state&quot;: &quot;available&quot;, &quot;actual_state&quot;: &quot;available&quot;, &quot;expected_value&quot;: {&quot;after_readable&quot;: true, &quot;before_readable&quot;: true}, &quot;actual_value&quot;: {&quot;after_error&quot;: null, &quot;after_readable&quot;: true, &quot;before_error&quot;: null, &quot;before_readable&quot;: true}, &quot;provenance&quot;: [&quot;ifc_reopen&quot;, &quot;repaired-ifc&quot;]}]}, {&quot;check_id&quot;: &quot;l1.output.schema&quot;, &quot;policy_id&quot;: &quot;l1.common&quot;, &quot;applicability&quot;: &quot;required&quot;, &quot;mandatory&quot;: true, &quot;status&quot;: &quot;passed&quot;, &quot;reason&quot;: &quot;The repaired IFC schema must match the source IFC schema.&quot;, &quot;evidence&quot;: [{&quot;fact_id&quot;: &quot;l1.output.schema.evidence&quot;, &quot;source_kind&quot;: &quot;ifc_schema&quot;, &quot;source_ref&quot;: &quot;repaired-ifc&quot;, &quot;expected_state&quot;: &quot;available&quot;, &quot;actual_state&quot;: &quot;available&quot;, &quot;expected_value&quot;: &quot;IFC2X3&quot;, &quot;actual_value&quot;: &quot;IFC2X3&quot;, &quot;provenance&quot;: [&quot;ifc_schema&quot;, &quot;repaired-ifc&quot;]}]}, {&quot;check_id&quot;: &quot;l1.output.validation&quot;, &quot;policy_id&quot;: &quot;l1.common&quot;, &quot;applicability&quot;: &quot;required&quot;, &quot;mandatory&quot;: true, &quot;status&quot;: &quot;not_evaluable&quot;, &quot;reason&quot;: &quot;Accelerated validation/diff must complete within resource bounds.&quot;, &quot;evidence&quot;: [{&quot;fact_id&quot;: &quot;l1.output.validation.evidence&quot;, &quot;source_kind&quot;: &quot;evaluation_execution&quot;, &quot;source_ref&quot;: &quot;damaged-to-repaired&quot;, &quot;expected_state&quot;: &quot;available&quot;, &quot;actual_state&quot;: &quot;available&quot;, &quot;expected_value&quot;: {&quot;status&quot;: &quot;passed&quot;}, &quot;actual_value&quot;: {&quot;error&quot;: &quot;BrokenProcessPool:A process in the process pool was terminated abruptly while the future was running or pending.&quot;, &quot;metrics&quot;: {&quot;mode&quot;: &quot;accelerated&quot;, &quot;peak_rss_bytes&quot;: 212504576, &quot;wall_seconds&quot;: 16.985000000000582, &quot;worker_count&quot;: 2}, &quot;reason_code&quot;: &quot;EVALUATION_WORKER_FAILED&quot;, &quot;results&quot;: {}, &quot;status&quot;: &quot;failed&quot;}, &quot;provenance&quot;: [&quot;evaluation_execution&quot;, &quot;damaged-to-repaired&quot;]}]}, {&quot;check_id&quot;: &quot;l1.scope.created-roots&quot;, &quot;policy_id&quot;: &quot;l1.common&quot;, &quot;applicability&quot;: &quot;required&quot;, &quot;mandatory&quot;: true, &quot;status&quot;: &quot;not_evaluable&quot;, &quot;reason&quot;: &quot;The blocking global preservation comparator did not produce complete trustworthy evidence.&quot;, &quot;evidence&quot;: [{&quot;fact_id&quot;: &quot;l1.scope.created-roots.evidence&quot;, &quot;source_kind&quot;: &quot;ifc_actual_diff&quot;, &quot;source_ref&quot;: &quot;reopened-ifc&quot;, &quot;expected_state&quot;: &quot;available&quot;, &quot;actual_state&quot;: &quot;available&quot;, &quot;expected_value&quot;: &quot;complete fail-closed global preservation evidence&quot;, &quot;actual_value&quot;: {&quot;error&quot;: &quot;EVALUATION_WORKER_FAILED: accelerated evaluation failed&quot;, &quot;error_code&quot;: &quot;EVALUATION_WORKER_FAILED&quot;}, &quot;provenance&quot;: [&quot;ifc_actual_diff&quot;, &quot;reopened-ifc&quot;]}]}, {&quot;check_id&quot;: &quot;l1.scope.modified-roots&quot;, &quot;policy_id&quot;: &quot;l1.common&quot;, &quot;applicability&quot;: &quot;required&quot;, &quot;mandatory&quot;: true, &quot;status&quot;: &quot;not_evaluable&quot;, &quot;reason&quot;: &quot;The blocking global preservation comparator did not produce complete trustworthy evidence.&quot;, &quot;evidence&quot;: [{&quot;fact_id&quot;: &quot;l1.scope.modified-roots.evidence&quot;, &quot;source_kind&quot;: &quot;ifc_actual_diff&quot;, &quot;source_ref&quot;: &quot;reopened-ifc&quot;, &quot;expected_state&quot;: &quot;available&quot;, &quot;actual_state&quot;: &quot;available&quot;, &quot;expected_value&quot;: &quot;complete fail-closed global preservation evidence&quot;, &quot;actual_value&quot;: {&quot;error&quot;: &quot;EVALUATION_WORKER_FAILED: accelerated evaluation failed&quot;, &quot;error_code&quot;: &quot;EVALUATION_WORKER_FAILED&quot;}, &quot;provenance&quot;: [&quot;ifc_actual_diff&quot;, &quot;reopened-ifc&quot;]}]}, {&quot;check_id&quot;: &quot;l1.scope.relations&quot;, &quot;policy_id&quot;: &quot;l1.common&quot;, &quot;applicability&quot;: &quot;required&quot;, &quot;mandatory&quot;: true, &quot;status&quot;: &quot;not_evaluable&quot;, &quot;reason&quot;: &quot;The blocking global preservation comparator did not produce complete trustworthy evidence.&quot;, &quot;evidence&quot;: [{&quot;fact_id&quot;: &quot;l1.scope.relations.evidence&quot;, &quot;source_kind&quot;: &quot;ifc_actual_diff&quot;, &quot;source_ref&quot;: &quot;reopened-ifc&quot;, &quot;expected_state&quot;: &quot;available&quot;, &quot;actual_state&quot;: &quot;available&quot;, &quot;expected_value&quot;: &quot;complete fail-closed global preservation evidence&quot;, &quot;actual_value&quot;: {&quot;error&quot;: &quot;EVALUATION_WORKER_FAILED: accelerated evaluation failed&quot;, &quot;error_code&quot;: &quot;EVALUATION_WORKER_FAILED&quot;}, &quot;provenance&quot;: [&quot;ifc_actual_diff&quot;, &quot;reopened-ifc&quot;]}]}, {&quot;check_id&quot;: &quot;l1.scope.removed-roots&quot;, &quot;policy_id&quot;: &quot;l1.common&quot;, &quot;applicability&quot;: &quot;required&quot;, &quot;mandatory&quot;: true, &quot;status&quot;: &quot;not_evaluable&quot;, &quot;reason&quot;: &quot;The blocking global preservation comparator did not produce complete trustworthy evidence.&quot;, &quot;evidence&quot;: [{&quot;fact_id&quot;: &quot;l1.scope.removed-roots.evidence&quot;, &quot;source_kind&quot;: &quot;ifc_actual_diff&quot;, &quot;source_ref&quot;: &quot;reopened-ifc&quot;, &quot;expected_state&quot;: &quot;available&quot;, &quot;actual_state&quot;: &quot;available&quot;, &quot;expected_value&quot;: &quot;complete fail-closed global preservation evidence&quot;, &quot;actual_value&quot;: {&quot;error&quot;: &quot;EVALUATION_WORKER_FAILED: accelerated evaluation failed&quot;, &quot;error_code&quot;: &quot;EVALUATION_WORKER_FAILED&quot;}, &quot;provenance&quot;: [&quot;ifc_actual_diff&quot;, &quot;reopened-ifc&quot;]}]}, {&quot;check_id&quot;: &quot;l1.source.immutable&quot;, &quot;policy_id&quot;: &quot;l1.common&quot;, &quot;applicability&quot;: &quot;required&quot;, &quot;mandatory&quot;: true, &quot;status&quot;: &quot;passed&quot;, &quot;reason&quot;: &quot;The source IFC must remain bound to the declared base fingerprint.&quot;, &quot;evidence&quot;: [{&quot;fact_id&quot;: &quot;l1.source.immutable.evidence&quot;, &quot;source_kind&quot;: &quot;source_fingerprint&quot;, &quot;source_ref&quot;: &quot;E:\\code for project\\bimnet-zcode\\.pytest-tmp-zcode-20260905-200316-062752\\phase12-structural-proof0\\runner-output\\damaged.ifc&quot;, &quot;expected_state&quot;: &quot;available&quot;, &quot;actual_state&quot;: &quot;available&quot;, &quot;expected_value&quot;: &quot;sha256:43b6756b88874f9525f6a511d7dc718844dac59b638a11e3fbc36b321e0ab8b7&quot;, &quot;actual_value&quot;: {&quot;after&quot;: &quot;sha256:43b6756b88874f9525f6a511d7dc718844dac59b638a11e3fbc36b321e0ab8b7&quot;, &quot;before&quot;: &quot;sha256:43b6756b88874f9525f6a511d7dc718844dac59b638a11e3fbc36b321e0ab8b7&quot;}, &quot;provenance&quot;: [&quot;source_fingerprint&quot;, &quot;E:\\code for project\\bimnet-zcode\\.pytest-tmp-zcode-20260905-200316-062752\\phase12-structural-proof0\\runner-output\\damaged.ifc&quot;]}]}]}, {&quot;level&quot;: &quot;L2&quot;, &quot;status&quot;: &quot;passed&quot;, &quot;reason&quot;: &quot;Policy-owned semantic facts are compared through authorized evidence.&quot;, &quot;evidence&quot;: [{&quot;fact_id&quot;: &quot;l2.summary&quot;, &quot;source_kind&quot;: &quot;semantic_policy&quot;, &quot;source_ref&quot;: &quot;column.add.l2&quot;, &quot;expected_state&quot;: &quot;available&quot;, &quot;actual_state&quot;: &quot;available&quot;, &quot;expected_value&quot;: &quot;all mandatory L2 checks passed&quot;, &quot;actual_value&quot;: {&quot;check_count&quot;: 4}, &quot;provenance&quot;: [&quot;semantic_policy&quot;, &quot;column.add.l2&quot;]}], &quot;checks&quot;: [{&quot;check_id&quot;: &quot;column.type&quot;, &quot;policy_id&quot;: &quot;column.add.l2&quot;, &quot;applicability&quot;: &quot;required&quot;, &quot;mandatory&quot;: true, &quot;status&quot;: &quot;passed&quot;, &quot;reason&quot;: &quot;Authorized semantic fact is present and equivalent in repaired output&quot;, &quot;evidence&quot;: [{&quot;fact_id&quot;: &quot;relationship:type&quot;, &quot;source_kind&quot;: &quot;deterministic_policy&quot;, &quot;source_ref&quot;: &quot;generated-type:3OzZLg3SnLh9ZXiAg$mAcj&quot;, &quot;expected_state&quot;: &quot;available&quot;, &quot;actual_state&quot;: &quot;available&quot;, &quot;expected_value&quot;: {&quot;entity_source&quot;: &quot;semantic-manifest:proof-column-1&quot;, &quot;inherited&quot;: true, &quot;pset_path&quot;: null, &quot;unit&quot;: null, &quot;value&quot;: &quot;3OzZLg3SnLh9ZXiAg$mAcj&quot;, &quot;value_type&quot;: &quot;IfcColumnType&quot;}, &quot;actual_value&quot;: {&quot;entity_source&quot;: &quot;IfcColumn:1NbzfBRYfGPvt8KirM3qqS&quot;, &quot;inherited&quot;: false, &quot;pset_path&quot;: null, &quot;unit&quot;: null, &quot;value&quot;: &quot;3OzZLg3SnLh9ZXiAg$mAcj&quot;, &quot;value_type&quot;: &quot;IfcColumnType&quot;}, &quot;provenance&quot;: [&quot;operation:proof-column-1&quot;, &quot;generated-type-template:0.1&quot;, &quot;repaired:application-role:column:proof-column-1&quot;]}]}, {&quot;check_id&quot;: &quot;column.storey&quot;, &quot;policy_id&quot;: &quot;column.add.l2&quot;, &quot;applicability&quot;: &quot;required&quot;, &quot;mandatory&quot;: true, &quot;status&quot;: &quot;passed&quot;, &quot;reason&quot;: &quot;Authorized semantic fact is present and equivalent in repaired output&quot;, &quot;evidence&quot;: [{&quot;fact_id&quot;: &quot;relationship:storey&quot;, &quot;source_kind&quot;: &quot;deterministic_policy&quot;, &quot;source_ref&quot;: &quot;resolved:/operations/proof-column-1/target&quot;, &quot;expected_state&quot;: &quot;available&quot;, &quot;actual_state&quot;: &quot;available&quot;, &quot;expected_value&quot;: {&quot;entity_source&quot;: &quot;semantic-manifest:proof-column-1&quot;, &quot;inherited&quot;: false, &quot;pset_path&quot;: null, &quot;unit&quot;: null, &quot;value&quot;: &quot;0K_MqVdrL0JOCMi_GblRwJ&quot;, &quot;value_type&quot;: &quot;IfcBuildingStorey&quot;}, &quot;actual_value&quot;: {&quot;entity_source&quot;: &quot;IfcColumn:1NbzfBRYfGPvt8KirM3qqS&quot;, &quot;inherited&quot;: false, &quot;pset_path&quot;: null, &quot;unit&quot;: null, &quot;value&quot;: &quot;0K_MqVdrL0JOCMi_GblRwJ&quot;, &quot;value_type&quot;: &quot;IfcBuildingStorey&quot;}, &quot;provenance&quot;: [&quot;operation:proof-column-1&quot;, &quot;registered-column-base-storey-policy:0.1&quot;, &quot;repaired:application-role:column:proof-column-1&quot;]}]}, {&quot;check_id&quot;: &quot;column.pset:pset:Pset_ColumnCommon.LoadBearing&quot;, &quot;policy_id&quot;: &quot;column.add.l2&quot;, &quot;applicability&quot;: &quot;conditional&quot;, &quot;mandatory&quot;: true, &quot;status&quot;: &quot;passed&quot;, &quot;reason&quot;: &quot;Authorized semantic fact is present and equivalent in repaired output&quot;, &quot;evidence&quot;: [{&quot;fact_id&quot;: &quot;pset:Pset_ColumnCommon.LoadBearing&quot;, &quot;source_kind&quot;: &quot;explicit_request&quot;, &quot;source_ref&quot;: &quot;request:/operations/1/properties/0&quot;, &quot;expected_state&quot;: &quot;available&quot;, &quot;actual_state&quot;: &quot;available&quot;, &quot;expected_value&quot;: {&quot;entity_source&quot;: &quot;semantic-manifest:proof-column-1&quot;, &quot;inherited&quot;: false, &quot;pset_path&quot;: &quot;Pset_ColumnCommon.LoadBearing&quot;, &quot;unit&quot;: null, &quot;value&quot;: true, &quot;value_type&quot;: &quot;IfcBoolean&quot;}, &quot;actual_value&quot;: {&quot;entity_source&quot;: &quot;IfcColumn:1NbzfBRYfGPvt8KirM3qqS&quot;, &quot;inherited&quot;: false, &quot;pset_path&quot;: &quot;Pset_ColumnCommon.LoadBearing&quot;, &quot;unit&quot;: null, &quot;value&quot;: true, &quot;value_type&quot;: &quot;IfcBoolean&quot;}, &quot;provenance&quot;: [&quot;request-source:user_request&quot;, &quot;request-evidence:request:/operations/1/properties/0&quot;, &quot;operation:proof-column-1&quot;, &quot;property-hash:sha256:abf930bfb7d1973a62af1ecaa0e1126087b2aa75927f598e7eac69e5f14213a7&quot;, &quot;source_fact_key:pset:Pset_ColumnCommon.LoadBearing&quot;, &quot;repaired:application-role:column:proof-column-1&quot;, &quot;repaired:ifcopenshell.util.element.get_psets&quot;, &quot;repaired:normalized-private-evaluator-key&quot;, &quot;repaired:ifcopenshell.util.element.get_psets:direct&quot;]}]}, {&quot;check_id&quot;: &quot;column.material&quot;, &quot;policy_id&quot;: &quot;column.add.l2&quot;, &quot;applicability&quot;: &quot;conditional&quot;, &quot;mandatory&quot;: false, &quot;status&quot;: &quot;not_required&quot;, &quot;reason&quot;: &quot;No authorized source establishes this conditional semantic fact&quot;, &quot;evidence&quot;: [{&quot;fact_id&quot;: &quot;column.material&quot;, &quot;source_kind&quot;: &quot;source_search&quot;, &quot;source_ref&quot;: &quot;column.add.l2/column.material&quot;, &quot;expected_state&quot;: &quot;unavailable&quot;, &quot;actual_state&quot;: &quot;not_applicable&quot;, &quot;expected_value&quot;: null, &quot;actual_value&quot;: null, &quot;provenance&quot;: [&quot;searched:explicit_request&quot;, &quot;searched:surviving_target&quot;, &quot;searched:surviving_type&quot;, &quot;searched:approved_prototype&quot;, &quot;searched:authorized_type_cohort&quot;, &quot;searched:deterministic_policy&quot;, &quot;searched:private_original&quot;]}]}]}, {&quot;level&quot;: &quot;L3&quot;, &quot;status&quot;: &quot;not_required&quot;, &quot;reason&quot;: &quot;L3 authoring and identity exactness is not required in v1.1.&quot;, &quot;evidence&quot;: [{&quot;fact_id&quot;: &quot;l3.summary&quot;, &quot;source_kind&quot;: &quot;policy_boundary&quot;, &quot;source_ref&quot;: &quot;v1.1&quot;, &quot;expected_state&quot;: &quot;available&quot;, &quot;actual_state&quot;: &quot;available&quot;, &quot;expected_value&quot;: &quot;not required&quot;, &quot;actual_value&quot;: &quot;observed&quot;, &quot;provenance&quot;: [&quot;policy_boundary&quot;, &quot;v1.1&quot;]}], &quot;checks&quot;: [{&quot;check_id&quot;: &quot;l3.authoring-identity&quot;, &quot;policy_id&quot;: &quot;l3.v1.1-observation&quot;, &quot;applicability&quot;: &quot;informational&quot;, &quot;mandatory&quot;: false, &quot;status&quot;: &quot;failed&quot;, &quot;reason&quot;: &quot;Original identity is observational and never gates v1.1 repair success.&quot;, &quot;evidence&quot;: [{&quot;fact_id&quot;: &quot;l3.authoring-identity&quot;, &quot;source_kind&quot;: &quot;identity_observation&quot;, &quot;source_ref&quot;: &quot;operation:proof-column-1&quot;, &quot;expected_state&quot;: &quot;available&quot;, &quot;actual_state&quot;: &quot;available&quot;, &quot;expected_value&quot;: null, &quot;actual_value&quot;: &quot;1NbzfBRYfGPvt8KirM3qqS&quot;, &quot;provenance&quot;: [&quot;identity_observation&quot;, &quot;operation:proof-column-1&quot;]}]}]}]}], &quot;complete_repair_success&quot;: false, &quot;successful_artifact_publishable&quot;: false, &quot;diagnostic_artifact_retained&quot;: true}&quot;">tests\ifc_repair\test_phase12_success_cases.py:303: in structural_proof_base
    run_public_repair(
scripts\ifc_repair\run_phase12_public_structural_repair.py:664: in run_public_repair
    return _run_public_repair_with_resolver(
scripts\ifc_repair\run_phase12_public_structural_repair.py:541: in _run_public_repair_with_resolver
    raise RuntimeError(
E   RuntimeError: PUBLIC_STRUCTURAL_EVALUATION_FAILED:{"schema_version": "text2ifc/ifc-repair-evaluation/0.2", "policy_version": "phase8.1", "status": "not_evaluable", "reason": "Application, preservation, and mandatory L1/L2 are strict gates.", "evidence": [{"fact_id": "run.summary", "source_kind": "evaluation_policy", "source_ref": "phase8.1", "expected_state": "available", "actual_state": "available", "expected_value": "all mandatory gates passed", "actual_value": "not_evaluable", "provenance": ["evaluation_policy", "phase8.1"]}], "application": {"check_id": "application.valid", "policy_id": "evaluation.phase8", "applicability": "required", "mandatory": true, "status": "passed", "reason": "The deterministic application must complete and publish its candidate.", "evidence": [{"fact_id": "application.valid.evidence", "source_kind": "application_result", "source_ref": "application.valid", "expected_state": "available", "actual_state": "available", "expected_value": "passed", "actual_value": {"published": true, "valid": true}, "provenance": ["application_result", "application.valid"]}]}, "preservation": {"check_id": "preservation.valid", "policy_id": "evaluation.phase8", "applicability": "required", "mandatory": true, "status": "not_evaluable", "reason": "Independent L1 evidence must authorize preservation and scope effects.", "evidence": [{"fact_id": "preservation.valid.evidence", "source_kind": "application_result", "source_ref": "preservation.valid", "expected_state": "available", "actual_state": "available", "expected_value": "passed", "actual_value": {"l1_status": "not_evaluable"}, "provenance": ["application_result", "preservation.valid"]}]}, "operations": [{"operation_id": "proof-beam-1", "operation_type": "add_beam", "mandatory": true, "policy_id": "beam.add.l2", "policy_version": "0.1", "status": "not_evaluable", "reason": "Mandatory L1 and L2 jointly determine operation success.", "evidence": [{"fact_id": "operation.proof-beam-1", "source_kind": "operation_policy", "source_ref": "beam.add.l2", "expected_state": "available", "actual_state": "available", "expected_value": "L1 and L2 passed", "actual_value": {"l1": "not_evaluable", "l2": "passed"}, "provenance": ["operation_policy", "beam.add.l2"]}], "levels": [{"level": "L1", "status": "not_evaluable", "reason": "Independent reopened IFC L1 authorization and measurement.", "evidence": [{"fact_id": "l1.summary", "source_kind": "ifc_actual_diff", "source_ref": "reopened-ifc", "expected_state": "available", "actual_state": "available", "expected_value": "readable policy-authorized physical repair", "actual_value": {"check_count": 8, "readable": true}, "provenance": ["ifc_actual_diff", "reopened-ifc"]}], "checks": [{"check_id": "l1.output.readable", "policy_id": "l1.common", "applicability": "required", "mandatory": true, "status": "passed", "reason": "Both source and repaired IFC artifacts must reopen independently.", "evidence": [{"fact_id": "l1.output.readable.evidence", "source_kind": "ifc_reopen", "source_ref": "repaired-ifc", "expected_state": "available", "actual_state": "available", "expected_value": {"after_readable": true, "before_readable": true}, "actual_value": {"after_error": null, "after_readable": true, "before_error": null, "before_readable": true}, "provenance": ["ifc_reopen", "repaired-ifc"]}]}, {"check_id": "l1.output.schema", "policy_id": "l1.common", "applicability": "required", "mandatory": true, "status": "passed", "reason": "The repaired IFC schema must match the source IFC schema.", "evidence": [{"fact_id": "l1.output.schema.evidence", "source_kind": "ifc_schema", "source_ref": "repaired-ifc", "expected_state": "available", "actual_state": "available", "expected_value": "IFC2X3", "actual_value": "IFC2X3", "provenance": ["ifc_schema", "repaired-ifc"]}]}, {"check_id": "l1.output.validation", "policy_id": "l1.common", "applicability": "required", "mandatory": true, "status": "not_evaluable", "reason": "Accelerated validation/diff must complete within resource bounds.", "evidence": [{"fact_id": "l1.output.validation.evidence", "source_kind": "evaluation_execution", "source_ref": "damaged-to-repaired", "expected_state": "available", "actual_state": "available", "expected_value": {"status": "passed"}, "actual_value": {"error": "BrokenProcessPool:A process in the process pool was terminated abruptly while the future was running or pending.", "metrics": {"mode": "accelerated", "peak_rss_bytes": 212504576, "wall_seconds": 16.985000000000582, "worker_count": 2}, "reason_code": "EVALUATION_WORKER_FAILED", "results": {}, "status": "failed"}, "provenance": ["evaluation_execution", "damaged-to-repaired"]}]}, {"check_id": "l1.scope.created-roots", "policy_id": "l1.common", "applicability": "required", "mandatory": true, "status": "not_evaluable", "reason": "The blocking global preservation comparator did not produce complete trustworthy evidence.", "evidence": [{"fact_id": "l1.scope.created-roots.evidence", "source_kind": "ifc_actual_diff", "source_ref": "reopened-ifc", "expected_state": "available", "actual_state": "available", "expected_value": "complete fail-closed global preservation evidence", "actual_value": {"error": "EVALUATION_WORKER_FAILED: accelerated evaluation failed", "error_code": "EVALUATION_WORKER_FAILED"}, "provenance": ["ifc_actual_diff", "reopened-ifc"]}]}, {"check_id": "l1.scope.modified-roots", "policy_id": "l1.common", "applicability": "required", "mandatory": true, "status": "not_evaluable", "reason": "The blocking global preservation comparator did not produce complete trustworthy evidence.", "evidence": [{"fact_id": "l1.scope.modified-roots.evidence", "source_kind": "ifc_actual_diff", "source_ref": "reopened-ifc", "expected_state": "available", "actual_state": "available", "expected_value": "complete fail-closed global preservation evidence", "actual_value": {"error": "EVALUATION_WORKER_FAILED: accelerated evaluation failed", "error_code": "EVALUATION_WORKER_FAILED"}, "provenance": ["ifc_actual_diff", "reopened-ifc"]}]}, {"check_id": "l1.scope.relations", "policy_id": "l1.common", "applicability": "required", "mandatory": true, "status": "not_evaluable", "reason": "The blocking global preservation comparator did not produce complete trustworthy evidence.", "evidence": [{"fact_id": "l1.scope.relations.evidence", "source_kind": "ifc_actual_diff", "source_ref": "reopened-ifc", "expected_state": "available", "actual_state": "available", "expected_value": "complete fail-closed global preservation evidence", "actual_value": {"error": "EVALUATION_WORKER_FAILED: accelerated evaluation failed", "error_code": "EVALUATION_WORKER_FAILED"}, "provenance": ["ifc_actual_diff", "reopened-ifc"]}]}, {"check_id": "l1.scope.removed-roots", "policy_id": "l1.common", "applicability": "required", "mandatory": true, "status": "not_evaluable", "reason": "The blocking global preservation comparator did not produce complete trustworthy evidence.", "evidence": [{"fact_id": "l1.scope.removed-roots.evidence", "source_kind": "ifc_actual_diff", "source_ref": "reopened-ifc", "expected_state": "available", "actual_state": "available", "expected_value": "complete fail-closed global preservation evidence", "actual_value": {"error": "EVALUATION_WORKER_FAILED: accelerated evaluation failed", "error_code": "EVALUATION_WORKER_FAILED"}, "provenance": ["ifc_actual_diff", "reopened-ifc"]}]}, {"check_id": "l1.source.immutable", "policy_id": "l1.common", "applicability": "required", "mandatory": true, "status": "passed", "reason": "The source IFC must remain bound to the declared base fingerprint.", "evidence": [{"fact_id": "l1.source.immutable.evidence", "source_kind": "source_fingerprint", "source_ref": "E:\\code for project\\bimnet-zcode\\.pytest-tmp-zcode-20260905-200316-062752\\phase12-structural-proof0\\runner-output\\damaged.ifc", "expected_state": "available", "actual_state": "available", "expected_value": "sha256:43b6756b88874f9525f6a511d7dc718844dac59b638a11e3fbc36b321e0ab8b7", "actual_value": {"after": "sha256:43b6756b88874f9525f6a511d7dc718844dac59b638a11e3fbc36b321e0ab8b7", "before": "sha256:43b6756b88874f9525f6a511d7dc718844dac59b638a11e3fbc36b321e0ab8b7"}, "provenance": ["source_fingerprint", "E:\\code for project\\bimnet-zcode\\.pytest-tmp-zcode-20260905-200316-062752\\phase12-structural-proof0\\runner-output\\damaged.ifc"]}]}]}, {"level": "L2", "status": "passed", "reason": "Policy-owned semantic facts are compared through authorized evidence.", "evidence": [{"fact_id": "l2.summary", "source_kind": "semantic_policy", "source_ref": "beam.add.l2", "expected_state": "available", "actual_state": "available", "expected_value": "all mandatory L2 checks passed", "actual_value": {"check_count": 4}, "provenance": ["semantic_policy", "beam.add.l2"]}], "checks": [{"check_id": "beam.type", "policy_id": "beam.add.l2", "applicability": "required", "mandatory": true, "status": "passed", "reason": "Authorized semantic fact is present and equivalent in repaired output", "evidence": [{"fact_id": "relationship:type", "source_kind": "deterministic_policy", "source_ref": "generated-type:35ijtY2K5HT9r9tuMg3ZMq", "expected_state": "available", "actual_state": "available", "expected_value": {"entity_source": "semantic-manifest:proof-beam-1", "inherited": true, "pset_path": null, "unit": null, "value": "35ijtY2K5HT9r9tuMg3ZMq", "value_type": "IfcBeamType"}, "actual_value": {"entity_source": "IfcBeam:2vfXTT_mPGT8GnL9IoXXBv", "inherited": false, "pset_path": null, "unit": null, "value": "35ijtY2K5HT9r9tuMg3ZMq", "value_type": "IfcBeamType"}, "provenance": ["operation:proof-beam-1", "generated-type-template:0.1", "repaired:application-role:beam:proof-beam-1"]}]}, {"check_id": "beam.storey", "policy_id": "beam.add.l2", "applicability": "required", "mandatory": true, "status": "passed", "reason": "Authorized semantic fact is present and equivalent in repaired output", "evidence": [{"fact_id": "relationship:storey", "source_kind": "deterministic_policy", "source_ref": "resolved:/operations/proof-beam-1/target", "expected_state": "available", "actual_state": "available", "expected_value": {"entity_source": "semantic-manifest:proof-beam-1", "inherited": false, "pset_path": null, "unit": null, "value": "0K_MqVdrL0JOCMi_GblRwJ", "value_type": "IfcBuildingStorey"}, "actual_value": {"entity_source": "IfcBeam:2vfXTT_mPGT8GnL9IoXXBv", "inherited": false, "pset_path": null, "unit": null, "value": "0K_MqVdrL0JOCMi_GblRwJ", "value_type": "IfcBuildingStorey"}, "provenance": ["operation:proof-beam-1", "registered-beam-storey-policy:0.1", "repaired:application-role:beam:proof-beam-1"]}]}, {"check_id": "beam.pset:pset:Pset_BeamCommon.LoadBearing", "policy_id": "beam.add.l2", "applicability": "conditional", "mandatory": true, "status": "passed", "reason": "Authorized semantic fact is present and equivalent in repaired output", "evidence": [{"fact_id": "pset:Pset_BeamCommon.LoadBearing", "source_kind": "explicit_request", "source_ref": "request:/operations/0/properties/0", "expected_state": "available", "actual_state": "available", "expected_value": {"entity_source": "semantic-manifest:proof-beam-1", "inherited": false, "pset_path": "Pset_BeamCommon.LoadBearing", "unit": null, "value": true, "value_type": "IfcBoolean"}, "actual_value": {"entity_source": "IfcBeam:2vfXTT_mPGT8GnL9IoXXBv", "inherited": false, "pset_path": "Pset_BeamCommon.LoadBearing", "unit": null, "value": true, "value_type": "IfcBoolean"}, "provenance": ["request-source:user_request", "request-evidence:request:/operations/0/properties/0", "operation:proof-beam-1", "property-hash:sha256:a436cdf839282206c74e2c2b94e2270db880cc7dd6c0cdc25202fabfc2e94dcc", "source_fact_key:pset:Pset_BeamCommon.LoadBearing", "repaired:application-role:beam:proof-beam-1", "repaired:ifcopenshell.util.element.get_psets", "repaired:normalized-private-evaluator-key", "repaired:ifcopenshell.util.element.get_psets:direct"]}]}, {"check_id": "beam.material", "policy_id": "beam.add.l2", "applicability": "conditional", "mandatory": false, "status": "not_required", "reason": "No authorized source establishes this conditional semantic fact", "evidence": [{"fact_id": "beam.material", "source_kind": "source_search", "source_ref": "beam.add.l2/beam.material", "expected_state": "unavailable", "actual_state": "not_applicable", "expected_value": null, "actual_value": null, "provenance": ["searched:explicit_request", "searched:surviving_target", "searched:surviving_type", "searched:approved_prototype", "searched:authorized_type_cohort", "searched:deterministic_policy", "searched:private_original"]}]}]}, {"level": "L3", "status": "not_required", "reason": "L3 authoring and identity exactness is not required in v1.1.", "evidence": [{"fact_id": "l3.summary", "source_kind": "policy_boundary", "source_ref": "v1.1", "expected_state": "available", "actual_state": "available", "expected_value": "not required", "actual_value": "observed", "provenance": ["policy_boundary", "v1.1"]}], "checks": [{"check_id": "l3.authoring-identity", "policy_id": "l3.v1.1-observation", "applicability": "informational", "mandatory": false, "status": "failed", "reason": "Original identity is observational and never gates v1.1 repair success.", "evidence": [{"fact_id": "l3.authoring-identity", "source_kind": "identity_observation", "source_ref": "operation:proof-beam-1", "expected_state": "available", "actual_state": "available", "expected_value": null, "actual_value": "2vfXTT_mPGT8GnL9IoXXBv", "provenance": ["identity_observation", "operation:proof-beam-1"]}]}]}]}, {"operation_id": "proof-column-1", "operation_type": "add_column", "mandatory": true, "policy_id": "column.add.l2", "policy_version": "0.1", "status": "not_evaluable", "reason": "Mandatory L1 and L2 jointly determine operation success.", "evidence": [{"fact_id": "operation.proof-column-1", "source_kind": "operation_policy", "source_ref": "column.add.l2", "expected_state": "available", "actual_state": "available", "expected_value": "L1 and L2 passed", "actual_value": {"l1": "not_evaluable", "l2": "passed"}, "provenance": ["operation_policy", "column.add.l2"]}], "levels": [{"level": "L1", "status": "not_evaluable", "reason": "Independent reopened IFC L1 authorization and measurement.", "evidence": [{"fact_id": "l1.summary", "source_kind": "ifc_actual_diff", "source_ref": "reopened-ifc", "expected_state": "available", "actual_state": "available", "expected_value": "readable policy-authorized physical repair", "actual_value": {"check_count": 8, "readable": true}, "provenance": ["ifc_actual_diff", "reopened-ifc"]}], "checks": [{"check_id": "l1.output.readable", "policy_id": "l1.common", "applicability": "required", "mandatory": true, "status": "passed", "reason": "Both source and repaired IFC artifacts must reopen independently.", "evidence": [{"fact_id": "l1.output.readable.evidence", "source_kind": "ifc_reopen", "source_ref": "repaired-ifc", "expected_state": "available", "actual_state": "available", "expected_value": {"after_readable": true, "before_readable": true}, "actual_value": {"after_error": null, "after_readable": true, "before_error": null, "before_readable": true}, "provenance": ["ifc_reopen", "repaired-ifc"]}]}, {"check_id": "l1.output.schema", "policy_id": "l1.common", "applicability": "required", "mandatory": true, "status": "passed", "reason": "The repaired IFC schema must match the source IFC schema.", "evidence": [{"fact_id": "l1.output.schema.evidence", "source_kind": "ifc_schema", "source_ref": "repaired-ifc", "expected_state": "available", "actual_state": "available", "expected_value": "IFC2X3", "actual_value": "IFC2X3", "provenance": ["ifc_schema", "repaired-ifc"]}]}, {"check_id": "l1.output.validation", "policy_id": "l1.common", "applicability": "required", "mandatory": true, "status": "not_evaluable", "reason": "Accelerated validation/diff must complete within resource bounds.", "evidence": [{"fact_id": "l1.output.validation.evidence", "source_kind": "evaluation_execution", "source_ref": "damaged-to-repaired", "expected_state": "available", "actual_state": "available", "expected_value": {"status": "passed"}, "actual_value": {"error": "BrokenProcessPool:A process in the process pool was terminated abruptly while the future was running or pending.", "metrics": {"mode": "accelerated", "peak_rss_bytes": 212504576, "wall_seconds": 16.985000000000582, "worker_count": 2}, "reason_code": "EVALUATION_WORKER_FAILED", "results": {}, "status": "failed"}, "provenance": ["evaluation_execution", "damaged-to-repaired"]}]}, {"check_id": "l1.scope.created-roots", "policy_id": "l1.common", "applicability": "required", "mandatory": true, "status": "not_evaluable", "reason": "The blocking global preservation comparator did not produce complete trustworthy evidence.", "evidence": [{"fact_id": "l1.scope.created-roots.evidence", "source_kind": "ifc_actual_diff", "source_ref": "reopened-ifc", "expected_state": "available", "actual_state": "available", "expected_value": "complete fail-closed global preservation evidence", "actual_value": {"error": "EVALUATION_WORKER_FAILED: accelerated evaluation failed", "error_code": "EVALUATION_WORKER_FAILED"}, "provenance": ["ifc_actual_diff", "reopened-ifc"]}]}, {"check_id": "l1.scope.modified-roots", "policy_id": "l1.common", "applicability": "required", "mandatory": true, "status": "not_evaluable", "reason": "The blocking global preservation comparator did not produce complete trustworthy evidence.", "evidence": [{"fact_id": "l1.scope.modified-roots.evidence", "source_kind": "ifc_actual_diff", "source_ref": "reopened-ifc", "expected_state": "available", "actual_state": "available", "expected_value": "complete fail-closed global preservation evidence", "actual_value": {"error": "EVALUATION_WORKER_FAILED: accelerated evaluation failed", "error_code": "EVALUATION_WORKER_FAILED"}, "provenance": ["ifc_actual_diff", "reopened-ifc"]}]}, {"check_id": "l1.scope.relations", "policy_id": "l1.common", "applicability": "required", "mandatory": true, "status": "not_evaluable", "reason": "The blocking global preservation comparator did not produce complete trustworthy evidence.", "evidence": [{"fact_id": "l1.scope.relations.evidence", "source_kind": "ifc_actual_diff", "source_ref": "reopened-ifc", "expected_state": "available", "actual_state": "available", "expected_value": "complete fail-closed global preservation evidence", "actual_value": {"error": "EVALUATION_WORKER_FAILED: accelerated evaluation failed", "error_code": "EVALUATION_WORKER_FAILED"}, "provenance": ["ifc_actual_diff", "reopened-ifc"]}]}, {"check_id": "l1.scope.removed-roots", "policy_id": "l1.common", "applicability": "required", "mandatory": true, "status": "not_evaluable", "reason": "The blocking global preservation comparator did not produce complete trustworthy evidence.", "evidence": [{"fact_id": "l1.scope.removed-roots.evidence", "source_kind": "ifc_actual_diff", "source_ref": "reopened-ifc", "expected_state": "available", "actual_state": "available", "expected_value": "complete fail-closed global preservation evidence", "actual_value": {"error": "EVALUATION_WORKER_FAILED: accelerated evaluation failed", "error_code": "EVALUATION_WORKER_FAILED"}, "provenance": ["ifc_actual_diff", "reopened-ifc"]}]}, {"check_id": "l1.source.immutable", "policy_id": "l1.common", "applicability": "required", "mandatory": true, "status": "passed", "reason": "The source IFC must remain bound to the declared base fingerprint.", "evidence": [{"fact_id": "l1.source.immutable.evidence", "source_kind": "source_fingerprint", "source_ref": "E:\\code for project\\bimnet-zcode\\.pytest-tmp-zcode-20260905-200316-062752\\phase12-structural-proof0\\runner-output\\damaged.ifc", "expected_state": "available", "actual_state": "available", "expected_value": "sha256:43b6756b88874f9525f6a511d7dc718844dac59b638a11e3fbc36b321e0ab8b7", "actual_value": {"after": "sha256:43b6756b88874f9525f6a511d7dc718844dac59b638a11e3fbc36b321e0ab8b7", "before": "sha256:43b6756b88874f9525f6a511d7dc718844dac59b638a11e3fbc36b321e0ab8b7"}, "provenance": ["source_fingerprint", "E:\\code for project\\bimnet-zcode\\.pytest-tmp-zcode-20260905-200316-062752\\phase12-structural-proof0\\runner-output\\damaged.ifc"]}]}]}, {"level": "L2", "status": "passed", "reason": "Policy-owned semantic facts are compared through authorized evidence.", "evidence": [{"fact_id": "l2.summary", "source_kind": "semantic_policy", "source_ref": "column.add.l2", "expected_state": "available", "actual_state": "available", "expected_value": "all mandatory L2 checks passed", "actual_value": {"check_count": 4}, "provenance": ["semantic_policy", "column.add.l2"]}], "checks": [{"check_id": "column.type", "policy_id": "column.add.l2", "applicability": "required", "mandatory": true, "status": "passed", "reason": "Authorized semantic fact is present and equivalent in repaired output", "evidence": [{"fact_id": "relationship:type", "source_kind": "deterministic_policy", "source_ref": "generated-type:3OzZLg3SnLh9ZXiAg$mAcj", "expected_state": "available", "actual_state": "available", "expected_value": {"entity_source": "semantic-manifest:proof-column-1", "inherited": true, "pset_path": null, "unit": null, "value": "3OzZLg3SnLh9ZXiAg$mAcj", "value_type": "IfcColumnType"}, "actual_value": {"entity_source": "IfcColumn:1NbzfBRYfGPvt8KirM3qqS", "inherited": false, "pset_path": null, "unit": null, "value": "3OzZLg3SnLh9ZXiAg$mAcj", "value_type": "IfcColumnType"}, "provenance": ["operation:proof-column-1", "generated-type-template:0.1", "repaired:application-role:column:proof-column-1"]}]}, {"check_id": "column.storey", "policy_id": "column.add.l2", "applicability": "required", "mandatory": true, "status": "passed", "reason": "Authorized semantic fact is present and equivalent in repaired output", "evidence": [{"fact_id": "relationship:storey", "source_kind": "deterministic_policy", "source_ref": "resolved:/operations/proof-column-1/target", "expected_state": "available", "actual_state": "available", "expected_value": {"entity_source": "semantic-manifest:proof-column-1", "inherited": false, "pset_path": null, "unit": null, "value": "0K_MqVdrL0JOCMi_GblRwJ", "value_type": "IfcBuildingStorey"}, "actual_value": {"entity_source": "IfcColumn:1NbzfBRYfGPvt8KirM3qqS", "inherited": false, "pset_path": null, "unit": null, "value": "0K_MqVdrL0JOCMi_GblRwJ", "value_type": "IfcBuildingStorey"}, "provenance": ["operation:proof-column-1", "registered-column-base-storey-policy:0.1", "repaired:application-role:column:proof-column-1"]}]}, {"check_id": "column.pset:pset:Pset_ColumnCommon.LoadBearing", "policy_id": "column.add.l2", "applicability": "conditional", "mandatory": true, "status": "passed", "reason": "Authorized semantic fact is present and equivalent in repaired output", "evidence": [{"fact_id": "pset:Pset_ColumnCommon.LoadBearing", "source_kind": "explicit_request", "source_ref": "request:/operations/1/properties/0", "expected_state": "available", "actual_state": "available", "expected_value": {"entity_source": "semantic-manifest:proof-column-1", "inherited": false, "pset_path": "Pset_ColumnCommon.LoadBearing", "unit": null, "value": true, "value_type": "IfcBoolean"}, "actual_value": {"entity_source": "IfcColumn:1NbzfBRYfGPvt8KirM3qqS", "inherited": false, "pset_path": "Pset_ColumnCommon.LoadBearing", "unit": null, "value": true, "value_type": "IfcBoolean"}, "provenance": ["request-source:user_request", "request-evidence:request:/operations/1/properties/0", "operation:proof-column-1", "property-hash:sha256:abf930bfb7d1973a62af1ecaa0e1126087b2aa75927f598e7eac69e5f14213a7", "source_fact_key:pset:Pset_ColumnCommon.LoadBearing", "repaired:application-role:column:proof-column-1", "repaired:ifcopenshell.util.element.get_psets", "repaired:normalized-private-evaluator-key", "repaired:ifcopenshell.util.element.get_psets:direct"]}]}, {"check_id": "column.material", "policy_id": "column.add.l2", "applicability": "conditional", "mandatory": false, "status": "not_required", "reason": "No authorized source establishes this conditional semantic fact", "evidence": [{"fact_id": "column.material", "source_kind": "source_search", "source_ref": "column.add.l2/column.material", "expected_state": "unavailable", "actual_state": "not_applicable", "expected_value": null, "actual_value": null, "provenance": ["searched:explicit_request", "searched:surviving_target", "searched:surviving_type", "searched:approved_prototype", "searched:authorized_type_cohort", "searched:deterministic_policy", "searched:private_original"]}]}]}, {"level": "L3", "status": "not_required", "reason": "L3 authoring and identity exactness is not required in v1.1.", "evidence": [{"fact_id": "l3.summary", "source_kind": "policy_boundary", "source_ref": "v1.1", "expected_state": "available", "actual_state": "available", "expected_value": "not required", "actual_value": "observed", "provenance": ["policy_boundary", "v1.1"]}], "checks": [{"check_id": "l3.authoring-identity", "policy_id": "l3.v1.1-observation", "applicability": "informational", "mandatory": false, "status": "failed", "reason": "Original identity is observational and never gates v1.1 repair success.", "evidence": [{"fact_id": "l3.authoring-identity", "source_kind": "identity_observation", "source_ref": "operation:proof-column-1", "expected_state": "available", "actual_state": "available", "expected_value": null, "actual_value": "1NbzfBRYfGPvt8KirM3qqS", "provenance": ["identity_observation", "operation:proof-column-1"]}]}]}]}], "complete_repair_success": false, "successful_artifact_publishable": false, "diagnostic_artifact_retained": true}</error></testcase></testsuite></testsuites>