<?xml version="1.0" encoding="utf-8"?><testsuites name="pytest tests"><testsuite name="pytest" errors="0" failures="0" skipped="0" tests="33" time="23.121" timestamp="2026-09-05T14:52:10.049140+08:00" hostname="what-do-matter"><testcase classname="tests.ifc_repair.test_structural_stage2_contract" name="test_h1_mixed_stage2_prompt_exposes_complete_canonical_authority" time="1.095" /><testcase classname="tests.ifc_repair.test_structural_stage2_contract" name="test_h1_mixed_manifest_versions_preserve_each_assignment_contract" time="0.681" /><testcase classname="tests.ifc_repair.test_structural_stage2_contract" name="test_structural_stage2_profiles_are_separate_draft_only_contracts" time="0.462" /><testcase classname="tests.ifc_repair.test_structural_stage2_contract" name="test_h1_mixed_binder_rejects_property_target_drift" time="0.548" /><testcase classname="tests.ifc_repair.test_structural_stage2_contract" name="test_h1_mixed_binder_accepts_set_equivalent_scope_without_identity_drift" time="0.605" /><testcase classname="tests.ifc_repair.test_structural_stage2_contract" name="test_stage2_few_shot_expected_cannot_drift_from_declared_schema" time="0.039" /><testcase classname="tests.ifc_repair.test_structural_stage2_contract" name="test_structural_stage2_projection_and_unchanged_authority_bind" time="0.721" /><testcase classname="tests.ifc_repair.test_structural_stage2_contract" name="test_structural_binder_rejects_provider_changes_to_resolved_authority[beam-coordinate-&lt;lambda&gt;-DRAFT_AUTHORITY_PARAMETERS_MISMATCH]" time="0.625" /><testcase classname="tests.ifc_repair.test_structural_stage2_contract" name="test_structural_binder_rejects_provider_changes_to_resolved_authority[column-section-&lt;lambda&gt;-DRAFT_AUTHORITY_PARAMETERS_MISMATCH]" time="0.653" /><testcase classname="tests.ifc_repair.test_structural_stage2_contract" name="test_structural_binder_rejects_provider_changes_to_resolved_authority[column-orientation-&lt;lambda&gt;-DRAFT_AUTHORITY_PARAMETERS_MISMATCH]" time="0.644" /><testcase classname="tests.ifc_repair.test_structural_stage2_contract" name="test_structural_binder_rejects_provider_changes_to_resolved_authority[target-&lt;lambda&gt;-DRAFT_AUTHORITY_TARGET_MISMATCH]" time="0.662" /><testcase classname="tests.ifc_repair.test_structural_stage2_contract" name="test_structural_binder_rejects_provider_changes_to_resolved_authority[operation-evidence-&lt;lambda&gt;-DRAFT_AUTHORITY_OPERATION_EVIDENCE_MISMATCH]" time="0.673" /><testcase classname="tests.ifc_repair.test_structural_stage2_contract" name="test_structural_binder_rejects_provider_changes_to_resolved_authority[resolved-scope-&lt;lambda&gt;-DRAFT_AUTHORITY_SCOPE_MISMATCH]" time="0.691" /><testcase classname="tests.ifc_repair.test_structural_stage2_contract" name="test_structural_binder_rejects_provider_changes_to_resolved_authority[envelope-evidence-&lt;lambda&gt;-DRAFT_AUTHORITY_EVIDENCE_MISMATCH]" time="0.645" /><testcase classname="tests.ifc_repair.test_structural_stage2_contract" name="test_structural_binder_rejects_provider_changes_to_resolved_authority[cardinality-&lt;lambda&gt;-DRAFT_AUTHORITY_OPERATION_CARDINALITY_MISMATCH]" time="0.701" /><testcase classname="tests.ifc_repair.test_structural_stage2_contract" name="test_structural_binder_rejects_provider_changes_to_resolved_authority[operation-id-&lt;lambda&gt;-DRAFT_AUTHORITY_OPERATION_ID_SET_MISMATCH]" time="0.619" /><testcase classname="tests.ifc_repair.test_structural_stage2_contract" name="test_structural_binder_rejects_provider_changes_to_resolved_authority[operation-type-&lt;lambda&gt;-DRAFT_AUTHORITY_OPERATION_TYPE_MISMATCH]" time="0.670" /><testcase classname="tests.ifc_repair.test_structural_stage2_contract" name="test_structural_draft_rejects_non_executable_shapes_before_binding[historical-prototype-intent-&lt;lambda&gt;-/operations/]" time="0.618" /><testcase classname="tests.ifc_repair.test_structural_stage2_contract" name="test_structural_draft_rejects_non_executable_shapes_before_binding[unknown-parameter-&lt;lambda&gt;-/operations/]" time="0.601" /><testcase classname="tests.ifc_repair.test_structural_stage2_contract" name="test_structural_draft_rejects_non_executable_shapes_before_binding[missing-required-geometry-&lt;lambda&gt;-/operations/]" time="0.583" /><testcase classname="tests.ifc_repair.test_structural_stage2_contract" name="test_structural_draft_rejects_non_executable_shapes_before_binding[wrong-parameter-nesting-&lt;lambda&gt;-/operations/]" time="0.578" /><testcase classname="tests.ifc_repair.test_structural_stage2_contract" name="test_structural_draft_rejects_non_executable_shapes_before_binding[wrong-target-shape-&lt;lambda&gt;-/operations/]" time="0.618" /><testcase classname="tests.ifc_repair.test_structural_stage2_contract" name="test_structural_draft_rejects_non_executable_shapes_before_binding[downgraded-draft-contract-&lt;lambda&gt;-/schema_version]" time="0.559" /><testcase classname="tests.ifc_repair.test_draft_authority_set_semantics" name="test_reordered_scope_target_ids_bind" time="0.595" /><testcase classname="tests.ifc_repair.test_draft_authority_set_semantics" name="test_reordered_evidence_refs_bind" time="0.665" /><testcase classname="tests.ifc_repair.test_draft_authority_set_semantics" name="test_reordered_operation_evidence_refs_bind" time="0.542" /><testcase classname="tests.ifc_repair.test_draft_authority_set_semantics" name="test_reordered_forbidden_ids_bind" time="0.001" /><testcase classname="tests.ifc_repair.test_draft_authority_set_semantics" name="test_identifier_drift_still_fails_closed[scope-extra-target-&lt;lambda&gt;-DRAFT_AUTHORITY_SCOPE_MISMATCH]" time="0.559" /><testcase classname="tests.ifc_repair.test_draft_authority_set_semantics" name="test_identifier_drift_still_fails_closed[scope-missing-target-&lt;lambda&gt;-DRAFT_AUTHORITY_SCOPE_MISMATCH]" time="0.648" /><testcase classname="tests.ifc_repair.test_draft_authority_set_semantics" name="test_identifier_drift_still_fails_closed[scope-duplicate-target-&lt;lambda&gt;-DRAFT_SCHEMA_VALIDATION_ERROR]" time="0.612" /><testcase classname="tests.ifc_repair.test_draft_authority_set_semantics" name="test_identifier_drift_still_fails_closed[evidence-extra-ref-&lt;lambda&gt;-DRAFT_AUTHORITY_EVIDENCE_MISMATCH]" time="0.616" /><testcase classname="tests.ifc_repair.test_draft_authority_set_semantics" name="test_identifier_drift_still_fails_closed[evidence-missing-ref-&lt;lambda&gt;-DRAFT_AUTHORITY_EVIDENCE_MISMATCH]" time="0.654" /><testcase classname="tests.ifc_repair.test_draft_authority_set_semantics" name="test_identifier_drift_still_fails_closed[evidence-duplicate-ref-&lt;lambda&gt;-DRAFT_SCHEMA_VALIDATION_ERROR]" time="0.676" /></testsuite></testsuites>